#
# There is insufficient memory for the Java Runtime Environment to continue.
# Native memory allocation (mmap) failed to map 94371840 bytes for committing reserved memory.
# Possible reasons:
#   The system is out of physical RAM or swap space
#   In 32 bit mode, the process size limit was hit
# Possible solutions:
#   Reduce memory load on the system
#   Increase physical memory or swap space
#   Check if swap backing store is full
#   Use 64 bit Java on a 64 bit OS
#   Decrease Java heap size (-Xmx/-Xms)
#   Decrease number of Java threads
#   Decrease Java thread stack sizes (-Xss)
#   Set larger code cache with -XX:ReservedCodeCacheSize=
# This output file may be truncated or incomplete.
#
#  Out of Memory Error (os_linux.cpp:2640), pid=14982, tid=0x00007fb69e27c700
#
# JRE version: Java(TM) SE Runtime Environment (8.0_144-b01) (build 1.8.0_144-b01)
# Java VM: Java HotSpot(TM) 64-Bit Server VM (25.144-b01 mixed mode linux-amd64 compressed oops)
# Failed to write core dump. Core dumps have been disabled. To enable core dumping, try "ulimit -c unlimited" before starting Java again
#

---------------  T H R E A D  ---------------

Current thread (0x00007fb6b4142800):  VMThread [stack: 0x00007fb69e17c000,0x00007fb69e27d000] [id=14995]

Stack: [0x00007fb69e17c000,0x00007fb69e27d000],  sp=0x00007fb69e27b220,  free space=1020k
Native frames: (J=compiled Java code, j=interpreted, Vv=VM code, C=native code)
V  [libjvm.so+0xacb18a]  VMError::report_and_die()+0x2ba
V  [libjvm.so+0x4ff4db]  report_vm_out_of_memory(char const*, int, unsigned long, VMErrorType, char const*)+0x8b
V  [libjvm.so+0x927d23]  os::Linux::commit_memory_impl(char*, unsigned long, bool)+0x103
V  [libjvm.so+0x928279]  os::pd_commit_memory(char*, unsigned long, unsigned long, bool)+0x29
V  [libjvm.so+0x92249a]  os::commit_memory(char*, unsigned long, unsigned long, bool)+0x2a
V  [libjvm.so+0x996ff3]  PSVirtualSpace::expand_by(unsigned long)+0x53
V  [libjvm.so+0x9983f8]  PSYoungGen::resize_generation(unsigned long, unsigned long)+0xf8
V  [libjvm.so+0x997552]  PSYoungGen::resize(unsigned long, unsigned long)+0x22
V  [libjvm.so+0x99482b]  PSScavenge::invoke_no_policy()+0xf3b
V  [libjvm.so+0x994fb1]  PSScavenge::invoke()+0x41
V  [libjvm.so+0x94bce0]  ParallelScavengeHeap::failed_mem_allocate(unsigned long)+0x70
V  [libjvm.so+0xaccba7]  VM_ParallelGCFailedAllocation::doit()+0x97
V  [libjvm.so+0xad4685]  VM_Operation::evaluate()+0x55
V  [libjvm.so+0xad2a5a]  VMThread::evaluate_operation(VM_Operation*)+0xba
V  [libjvm.so+0xad2dde]  VMThread::loop()+0x1ce
V  [libjvm.so+0xad3250]  VMThread::run()+0x70
V  [libjvm.so+0x92a338]  java_start(Thread*)+0x108

VM_Operation (0x00007fb646c64470): ParallelGCFailedAllocation, mode: safepoint, requested by thread 0x00007fb63c001800


---------------  P R O C E S S  ---------------

Java Threads: ( => current thread )
  0x00007fb63c001800 JavaThread "JMX server connection timeout 33" daemon [_thread_blocked, id=15048, stack(0x00007fb646b65000,0x00007fb646c66000)]
  0x00007fb6405bb800 JavaThread "container-0" [_thread_blocked, id=15047, stack(0x00007fb646c66000,0x00007fb646d67000)]
  0x00007fb6405b9000 JavaThread "ContainerBackgroundProcessor[StandardEngine[Tomcat]]" daemon [_thread_blocked, id=15046, stack(0x00007fb646d67000,0x00007fb646e68000)]
  0x00007fb6381d4000 JavaThread "localhost-startStop-1" daemon [_thread_blocked, id=15045, stack(0x00007fb647afd000,0x00007fb647bfe000)]
  0x00007fb6405b8000 JavaThread "Tomcat-startStop-1" daemon [_thread_blocked, id=15044, stack(0x00007fb69c07d000,0x00007fb69c17e000)]
  0x00007fb660003000 JavaThread "RMI TCP Connection(4)-127.0.0.1" daemon [_thread_blocked, id=15029, stack(0x00007fb647bfe000,0x00007fb647cff000)]
  0x00007fb64c004000 JavaThread "restartedMain" [_thread_blocked, id=15023, stack(0x00007fb647eff000,0x00007fb648000000)]
  0x00007fb6b4825800 JavaThread "Thread-2" [_thread_blocked, id=15022, stack(0x00007fb69c37e000,0x00007fb69c47f000)]
  0x00007fb660001000 JavaThread "RMI TCP Connection(3)-127.0.0.1" daemon [_thread_in_native, id=15019, stack(0x00007fb69c4a5000,0x00007fb69c5a6000)]
  0x00007fb658009000 JavaThread "RMI Scheduler(0)" daemon [_thread_blocked, id=15018, stack(0x00007fb69c5a6000,0x00007fb69c6a7000)]
  0x00007fb6b4506000 JavaThread "RMI TCP Accept-0" daemon [_thread_in_native, id=15015, stack(0x00007fb69c7a8000,0x00007fb69c8a9000)]
  0x00007fb664001800 JavaThread "RMI TCP Connection(1)-127.0.0.1" daemon [_thread_in_native, id=15014, stack(0x00007fb69c8a9000,0x00007fb69c9aa000)]
  0x00007fb6b44ff800 JavaThread "RMI TCP Accept-42233" daemon [_thread_in_native, id=15013, stack(0x00007fb69c9aa000,0x00007fb69caab000)]
  0x00007fb6b44eb000 JavaThread "RMI TCP Accept-0" daemon [_thread_in_native, id=15012, stack(0x00007fb69caab000,0x00007fb69cbac000)]
  0x00007fb6b43f0800 JavaThread "Service Thread" daemon [_thread_blocked, id=15011, stack(0x00007fb69cfcb000,0x00007fb69d0cc000)]
  0x00007fb6b43e5000 JavaThread "C1 CompilerThread2" daemon [_thread_blocked, id=15010, stack(0x00007fb69d5e4000,0x00007fb69d6e5000)]
  0x00007fb6b43e3000 JavaThread "C2 CompilerThread1" daemon [_thread_blocked, id=15009, stack(0x00007fb69d6e5000,0x00007fb69d7e6000)]
  0x00007fb6b43e1000 JavaThread "C2 CompilerThread0" daemon [_thread_blocked, id=15008, stack(0x00007fb69d7e6000,0x00007fb69d8e7000)]
  0x00007fb6b43d7000 JavaThread "Monitor Ctrl-Break" daemon [_thread_in_native, id=15007, stack(0x00007fb69d8e7000,0x00007fb69d9e8000)]
  0x00007fb6b4182000 JavaThread "Signal Dispatcher" daemon [_thread_blocked, id=15004, stack(0x00007fb69dba1000,0x00007fb69dca2000)]
  0x00007fb6b414f000 JavaThread "Finalizer" daemon [_thread_blocked, id=14998, stack(0x00007fb69df7a000,0x00007fb69e07b000)]
  0x00007fb6b414a000 JavaThread "Reference Handler" daemon [_thread_blocked, id=14996, stack(0x00007fb69e07b000,0x00007fb69e17c000)]
  0x00007fb6b400d800 JavaThread "main" [_thread_blocked, id=14985, stack(0x00007fb6baaa1000,0x00007fb6baba2000)]

Other Threads:
=>0x00007fb6b4142800 VMThread [stack: 0x00007fb69e17c000,0x00007fb69e27d000] [id=14995]
  0x00007fb6b450b800 WatcherThread [stack: 0x00007fb69c6a7000,0x00007fb69c7a8000] [id=15016]

VM state:at safepoint (normal execution)

VM Mutex/Monitor currently owned by a thread:  ([mutex/lock_event])
[0x00007fb6b4009e20] Threads_lock - owner thread: 0x00007fb6b4142800
[0x00007fb6b400a320] Heap_lock - owner thread: 0x00007fb63c001800

Heap:
 PSYoungGen      total 130048K, used 5108K [0x00000000d7f00000, 0x00000000e0300000, 0x0000000100000000)
  eden space 124928K, 0% used [0x00000000d7f00000,0x00000000d7f00000,0x00000000df900000)
  from space 5120K, 99% used [0x00000000df900000,0x00000000dfdfd020,0x00000000dfe00000)
  to   space 5120K, 0% used [0x00000000dfe00000,0x00000000dfe00000,0x00000000e0300000)
 ParOldGen       total 68096K, used 21452K [0x0000000087c00000, 0x000000008be80000, 0x00000000d7f00000)
  object space 68096K, 31% used [0x0000000087c00000,0x00000000890f32f0,0x000000008be80000)
 Metaspace       used 27182K, capacity 27616K, committed 27904K, reserved 1073152K
  class space    used 3434K, capacity 3550K, committed 3584K, reserved 1048576K

Card table byte_map: [0x00007fb6a4244000,0x00007fb6a4607000] byte_map_base: 0x00007fb6a3e06000

Marking Bits: (ParMarkBitMap*) 0x00007fb6b9f6ddc0
 Begin Bits: [0x00007fb69ff9e000, 0x00007fb6a1dae000)
 End Bits:   [0x00007fb6a1dae000, 0x00007fb6a3bbe000)

Polling page: 0x00007fb6babbe000

CodeCache: size=245760Kb used=5857Kb max_used=5857Kb free=239902Kb
 bounds [0x00007fb6a49c7000, 0x00007fb6a4f87000, 0x00007fb6b39c7000]
 total_blobs=3078 nmethods=2684 adapters=307
 compilation: enabled

Compilation events (10 events):
Event: 3.781 Thread 0x00007fb6b43e5000 2680       1       java.io.ObjectOutputStream$BlockDataOutputStream::writeUTF (46 bytes)
Event: 3.783 Thread 0x00007fb6b43e5000 nmethod 2680 0x00007fb6a4f7e610 code [0x00007fb6a4f7e7a0, 0x00007fb6a4f7e9b8]
Event: 3.783 Thread 0x00007fb6b43e5000 2682       1       java.io.Bits::getShort (18 bytes)
Event: 3.783 Thread 0x00007fb6b43e5000 nmethod 2682 0x00007fb6a4f7eb50 code [0x00007fb6a4f7eca0, 0x00007fb6a4f7edf0]
Event: 3.784 Thread 0x00007fb6b43e5000 2681       1       java.io.FilterInputStream::read (8 bytes)
Event: 3.784 Thread 0x00007fb6b43e5000 nmethod 2681 0x00007fb6a4f7eed0 code [0x00007fb6a4f7f040, 0x00007fb6a4f7f188]
Event: 3.784 Thread 0x00007fb6b43e5000 2683       1       java.lang.reflect.Proxy$KeyX::hashCode (5 bytes)
Event: 3.784 Thread 0x00007fb6b43e5000 nmethod 2683 0x00007fb6a4f7f210 code [0x00007fb6a4f7f360, 0x00007fb6a4f7f470]
Event: 3.786 Thread 0x00007fb6b43e5000 2684       1       java.util.Arrays::fill (21 bytes)
Event: 3.787 Thread 0x00007fb6b43e5000 nmethod 2684 0x00007fb6a4f7f4d0 code [0x00007fb6a4f7f620, 0x00007fb6a4f7f730]

GC Heap History (10 events):
Event: 0.903 GC heap after
Heap after GC invocations=1 (full 0):
 PSYoungGen      total 36352K, used 4505K [0x00000000d7f00000, 0x00000000dc600000, 0x0000000100000000)
  eden space 31232K, 0% used [0x00000000d7f00000,0x00000000d7f00000,0x00000000d9d80000)
  from space 5120K, 88% used [0x00000000d9d80000,0x00000000da1e6788,0x00000000da280000)
  to   space 5120K, 0% used [0x00000000dc100000,0x00000000dc100000,0x00000000dc600000)
 ParOldGen       total 83456K, used 8K [0x0000000087c00000, 0x000000008cd80000, 0x00000000d7f00000)
  object space 83456K, 0% used [0x0000000087c00000,0x0000000087c02000,0x000000008cd80000)
 Metaspace       used 10158K, capacity 10404K, committed 10624K, reserved 1058816K
  class space    used 1268K, capacity 1377K, committed 1408K, reserved 1048576K
}
Event: 1.164 GC heap before
{Heap before GC invocations=2 (full 0):
 PSYoungGen      total 36352K, used 35737K [0x00000000d7f00000, 0x00000000dc600000, 0x0000000100000000)
  eden space 31232K, 100% used [0x00000000d7f00000,0x00000000d9d80000,0x00000000d9d80000)
  from space 5120K, 88% used [0x00000000d9d80000,0x00000000da1e6788,0x00000000da280000)
  to   space 5120K, 0% used [0x00000000dc100000,0x00000000dc100000,0x00000000dc600000)
 ParOldGen       total 83456K, used 8K [0x0000000087c00000, 0x000000008cd80000, 0x00000000d7f00000)
  object space 83456K, 0% used [0x0000000087c00000,0x0000000087c02000,0x000000008cd80000)
 Metaspace       used 13248K, capacity 13476K, committed 13696K, reserved 1060864K
  class space    used 1731K, capacity 1825K, committed 1920K, reserved 1048576K
Event: 1.172 GC heap after
Heap after GC invocations=2 (full 0):
 PSYoungGen      total 67584K, used 5116K [0x00000000d7f00000, 0x00000000dc600000, 0x0000000100000000)
  eden space 62464K, 0% used [0x00000000d7f00000,0x00000000d7f00000,0x00000000dbc00000)
  from space 5120K, 99% used [0x00000000dc100000,0x00000000dc5ff170,0x00000000dc600000)
  to   space 5120K, 0% used [0x00000000dbc00000,0x00000000dbc00000,0x00000000dc100000)
 ParOldGen       total 83456K, used 3158K [0x0000000087c00000, 0x000000008cd80000, 0x00000000d7f00000)
  object space 83456K, 3% used [0x0000000087c00000,0x0000000087f15898,0x000000008cd80000)
 Metaspace       used 13248K, capacity 13476K, committed 13696K, reserved 1060864K
  class space    used 1731K, capacity 1825K, committed 1920K, reserved 1048576K
}
Event: 1.942 GC heap before
{Heap before GC invocations=3 (full 0):
 PSYoungGen      total 67584K, used 67580K [0x00000000d7f00000, 0x00000000dc600000, 0x0000000100000000)
  eden space 62464K, 100% used [0x00000000d7f00000,0x00000000dbc00000,0x00000000dbc00000)
  from space 5120K, 99% used [0x00000000dc100000,0x00000000dc5ff170,0x00000000dc600000)
  to   space 5120K, 0% used [0x00000000dbc00000,0x00000000dbc00000,0x00000000dc100000)
 ParOldGen       total 83456K, used 3158K [0x0000000087c00000, 0x000000008cd80000, 0x00000000d7f00000)
  object space 83456K, 3% used [0x0000000087c00000,0x0000000087f15898,0x000000008cd80000)
 Metaspace       used 20055K, capacity 20414K, committed 20608K, reserved 1067008K
  class space    used 2506K, capacity 2599K, committed 2688K, reserved 1048576K
Event: 2.005 GC heap after
Heap after GC invocations=3 (full 0):
 PSYoungGen      total 67584K, used 5094K [0x00000000d7f00000, 0x00000000e0300000, 0x0000000100000000)
  eden space 62464K, 0% used [0x00000000d7f00000,0x00000000d7f00000,0x00000000dbc00000)
  from space 5120K, 99% used [0x00000000dbc00000,0x00000000dc0f9a80,0x00000000dc100000)
  to   space 5120K, 0% used [0x00000000dfe00000,0x00000000dfe00000,0x00000000e0300000)
 ParOldGen       total 83456K, used 10975K [0x0000000087c00000, 0x000000008cd80000, 0x00000000d7f00000)
  object space 83456K, 13% used [0x0000000087c00000,0x00000000886b7f68,0x000000008cd80000)
 Metaspace       used 20055K, capacity 20414K, committed 20608K, reserved 1067008K
  class space    used 2506K, capacity 2599K, committed 2688K, reserved 1048576K
}
Event: 2.401 GC heap before
{Heap before GC invocations=4 (full 0):
 PSYoungGen      total 67584K, used 65063K [0x00000000d7f00000, 0x00000000e0300000, 0x0000000100000000)
  eden space 62464K, 96% used [0x00000000d7f00000,0x00000000db990240,0x00000000dbc00000)
  from space 5120K, 99% used [0x00000000dbc00000,0x00000000dc0f9a80,0x00000000dc100000)
  to   space 5120K, 0% used [0x00000000dfe00000,0x00000000dfe00000,0x00000000e0300000)
 ParOldGen       total 83456K, used 10975K [0x0000000087c00000, 0x000000008cd80000, 0x00000000d7f00000)
  object space 83456K, 13% used [0x0000000087c00000,0x00000000886b7f68,0x000000008cd80000)
 Metaspace       used 20871K, capacity 21164K, committed 21248K, reserved 1067008K
  class space    used 2636K, capacity 2735K, committed 2816K, reserved 1048576K
Event: 2.418 GC heap after
Heap after GC invocations=4 (full 0):
 PSYoungGen      total 130048K, used 5104K [0x00000000d7f00000, 0x00000000e0300000, 0x0000000100000000)
  eden space 124928K, 0% used [0x00000000d7f00000,0x00000000d7f00000,0x00000000df900000)
  from space 5120K, 99% used [0x00000000dfe00000,0x00000000e02fc030,0x00000000e0300000)
  to   space 5120K, 0% used [0x00000000df900000,0x00000000df900000,0x00000000dfe00000)
 ParOldGen       total 83456K, used 13343K [0x0000000087c00000, 0x000000008cd80000, 0x00000000d7f00000)
  object space 83456K, 15% used [0x0000000087c00000,0x0000000088907c68,0x000000008cd80000)
 Metaspace       used 20871K, capacity 21164K, committed 21248K, reserved 1067008K
  class space    used 2636K, capacity 2735K, committed 2816K, reserved 1048576K
}
Event: 2.418 GC heap before
{Heap before GC invocations=5 (full 1):
 PSYoungGen      total 130048K, used 5104K [0x00000000d7f00000, 0x00000000e0300000, 0x0000000100000000)
  eden space 124928K, 0% used [0x00000000d7f00000,0x00000000d7f00000,0x00000000df900000)
  from space 5120K, 99% used [0x00000000dfe00000,0x00000000e02fc030,0x00000000e0300000)
  to   space 5120K, 0% used [0x00000000df900000,0x00000000df900000,0x00000000dfe00000)
 ParOldGen       total 83456K, used 13343K [0x0000000087c00000, 0x000000008cd80000, 0x00000000d7f00000)
  object space 83456K, 15% used [0x0000000087c00000,0x0000000088907c68,0x000000008cd80000)
 Metaspace       used 20871K, capacity 21164K, committed 21248K, reserved 1067008K
  class space    used 2636K, capacity 2735K, committed 2816K, reserved 1048576K
Event: 2.477 GC heap after
Heap after GC invocations=5 (full 1):
 PSYoungGen      total 130048K, used 0K [0x00000000d7f00000, 0x00000000e0300000, 0x0000000100000000)
  eden space 124928K, 0% used [0x00000000d7f00000,0x00000000d7f00000,0x00000000df900000)
  from space 5120K, 0% used [0x00000000dfe00000,0x00000000dfe00000,0x00000000e0300000)
  to   space 5120K, 0% used [0x00000000df900000,0x00000000df900000,0x00000000dfe00000)
 ParOldGen       total 68096K, used 15999K [0x0000000087c00000, 0x000000008be80000, 0x00000000d7f00000)
  object space 68096K, 23% used [0x0000000087c00000,0x0000000088b9fd50,0x000000008be80000)
 Metaspace       used 20871K, capacity 21164K, committed 21248K, reserved 1067008K
  class space    used 2636K, capacity 2735K, committed 2816K, reserved 1048576K
}
Event: 3.788 GC heap before
{Heap before GC invocations=6 (full 1):
 PSYoungGen      total 130048K, used 124928K [0x00000000d7f00000, 0x00000000e0300000, 0x0000000100000000)
  eden space 124928K, 100% used [0x00000000d7f00000,0x00000000df900000,0x00000000df900000)
  from space 5120K, 0% used [0x00000000dfe00000,0x00000000dfe00000,0x00000000e0300000)
  to   space 5120K, 0% used [0x00000000df900000,0x00000000df900000,0x00000000dfe00000)
 ParOldGen       total 68096K, used 15999K [0x0000000087c00000, 0x000000008be80000, 0x00000000d7f00000)
  object space 68096K, 23% used [0x0000000087c00000,0x0000000088b9fd50,0x000000008be80000)
 Metaspace       used 27182K, capacity 27616K, committed 27904K, reserved 1073152K
  class space    used 3434K, capacity 3550K, committed 3584K, reserved 1048576K

Deoptimization events (0 events):
No events

Internal exceptions (10 events):
Event: 3.774 Thread 0x00007fb64c004000 Exception <a 'java/lang/ClassNotFoundException': org/springframework/boot/autoconfigure/web/WebMvcAutoConfiguration$EnableWebMvcConfiguration$$EnhancerBySpringCGLIB$$9b5ff247Customizer> (0x00000000df6d4048) thrown at [/HUDSON3/workspace/8-2-build-linux-am
Event: 3.775 Thread 0x00007fb64c004000 Exception <a 'java/lang/ClassNotFoundException': org/springframework/context/annotation/ConfigurationClassEnhancer$EnhancedConfigurationCustomizer> (0x00000000df70c660) thrown at [/HUDSON3/workspace/8-2-build-linux-amd64/jdk8u144/9417/hotspot/src/share/vm
Event: 3.775 Thread 0x00007fb64c004000 Exception <a 'java/lang/ClassNotFoundException': org/springframework/context/ApplicationContextAwareCustomizer> (0x00000000df71f068) thrown at [/HUDSON3/workspace/8-2-build-linux-amd64/jdk8u144/9417/hotspot/src/share/vm/classfile/systemDictionary.cpp, lin
Event: 3.775 Thread 0x00007fb64c004000 Exception <a 'java/lang/ClassNotFoundException': org/springframework/web/context/ServletContextAwareCustomizer> (0x00000000df732f38) thrown at [/HUDSON3/workspace/8-2-build-linux-amd64/jdk8u144/9417/hotspot/src/share/vm/classfile/systemDictionary.cpp, lin
Event: 3.776 Thread 0x00007fb64c004000 Exception <a 'java/lang/ArrayIndexOutOfBoundsException'> (0x00000000df743808) thrown at [/HUDSON3/workspace/8-2-build-linux-amd64/jdk8u144/9417/hotspot/src/share/vm/runtime/sharedRuntime.cpp, line 605]
Event: 3.778 Thread 0x00007fb64c004000 Exception <a 'java/lang/ArrayIndexOutOfBoundsException'> (0x00000000df75dce0) thrown at [/HUDSON3/workspace/8-2-build-linux-amd64/jdk8u144/9417/hotspot/src/share/vm/runtime/sharedRuntime.cpp, line 605]
Event: 3.784 Thread 0x00007fb64c004000 Exception <a 'java/lang/ArrayIndexOutOfBoundsException'> (0x00000000df7802c0) thrown at [/HUDSON3/workspace/8-2-build-linux-amd64/jdk8u144/9417/hotspot/src/share/vm/runtime/sharedRuntime.cpp, line 605]
Event: 3.784 Thread 0x00007fb64c004000 Exception <a 'java/lang/ArrayIndexOutOfBoundsException'> (0x00000000df7814e8) thrown at [/HUDSON3/workspace/8-2-build-linux-amd64/jdk8u144/9417/hotspot/src/share/vm/runtime/sharedRuntime.cpp, line 605]
Event: 3.786 Thread 0x00007fb64c004000 Exception <a 'java/lang/ArrayIndexOutOfBoundsException'> (0x00000000df7959e0) thrown at [/HUDSON3/workspace/8-2-build-linux-amd64/jdk8u144/9417/hotspot/src/share/vm/runtime/sharedRuntime.cpp, line 605]
Event: 3.786 Thread 0x00007fb64c004000 Exception <a 'java/lang/ArrayIndexOutOfBoundsException'> (0x00000000df7973e8) thrown at [/HUDSON3/workspace/8-2-build-linux-amd64/jdk8u144/9417/hotspot/src/share/vm/runtime/sharedRuntime.cpp, line 605]

Events (10 events):
Event: 3.775 loading class org/springframework/web/context/ServletContextAwareCustomizer
Event: 3.775 loading class org/springframework/web/context/ServletContextAwareCustomizer done
Event: 3.775 loading class org/springframework/web/context/ServletContextAwareCustomizer
Event: 3.775 loading class org/springframework/web/context/ServletContextAwareCustomizer done
Event: 3.779 loading class org/springframework/boot/autoconfigure/web/WebMvcAutoConfiguration$ResourceHandlerRegistrationCustomizer
Event: 3.779 loading class org/springframework/boot/autoconfigure/web/WebMvcAutoConfiguration$ResourceHandlerRegistrationCustomizer done
Event: 3.785 Thread 0x00007fb63c001800 Thread added: 0x00007fb63c001800
Event: 3.787 loading class org/springframework/core/ResolvableType$WildcardBounds$Kind
Event: 3.787 loading class org/springframework/core/ResolvableType$WildcardBounds$Kind done
Event: 3.788 Executing VM operation: ParallelGCFailedAllocation


Dynamic libraries:
00400000-00401000 r-xp 00000000 08:03 277590                             /usr/lib/jvm/java-8-oracle/bin/java
00600000-00601000 rw-p 00000000 08:03 277590                             /usr/lib/jvm/java-8-oracle/bin/java
021bb000-021dc000 rw-p 00000000 00:00 0                                  [heap]
87c00000-8be80000 rw-p 00000000 00:00 0 
8be80000-d7f00000 ---p 00000000 00:00 0 
d7f00000-e0300000 rw-p 00000000 00:00 0 
e5d00000-100000000 ---p 00000000 00:00 0 
100000000-100380000 rw-p 00000000 00:00 0 
100380000-140000000 ---p 00000000 00:00 0 
7fb628000000-7fb628021000 rw-p 00000000 00:00 0 
7fb628021000-7fb62c000000 ---p 00000000 00:00 0 
7fb62c000000-7fb62c021000 rw-p 00000000 00:00 0 
7fb62c021000-7fb630000000 ---p 00000000 00:00 0 
7fb630000000-7fb63003b000 rw-p 00000000 00:00 0 
7fb63003b000-7fb634000000 ---p 00000000 00:00 0 
7fb634000000-7fb634021000 rw-p 00000000 00:00 0 
7fb634021000-7fb638000000 ---p 00000000 00:00 0 
7fb638000000-7fb638322000 rw-p 00000000 00:00 0 
7fb638322000-7fb63c000000 ---p 00000000 00:00 0 
7fb63c000000-7fb63c021000 rw-p 00000000 00:00 0 
7fb63c021000-7fb640000000 ---p 00000000 00:00 0 
7fb640000000-7fb6405e4000 rw-p 00000000 00:00 0 
7fb6405e4000-7fb644000000 ---p 00000000 00:00 0 
7fb646b65000-7fb646b68000 ---p 00000000 00:00 0 
7fb646b68000-7fb646c66000 rw-p 00000000 00:00 0 
7fb646c66000-7fb646c69000 ---p 00000000 00:00 0 
7fb646c69000-7fb646d67000 rw-p 00000000 00:00 0 
7fb646d67000-7fb646d6a000 ---p 00000000 00:00 0 
7fb646d6a000-7fb647028000 rw-p 00000000 00:00 0 
7fb647028000-7fb647068000 ---p 00000000 00:00 0 
7fb647068000-7fb647268000 rw-p 00000000 00:00 0 
7fb647268000-7fb647468000 rw-p 00000000 00:00 0 
7fb647468000-7fb6474fd000 r--s 01110000 08:03 288827                     /usr/lib/jvm/java-8-oracle/jre/lib/ext/jfxrt.jar
7fb6474fd000-7fb6476fd000 rw-p 00000000 00:00 0 
7fb6476fd000-7fb6478fd000 rw-p 00000000 00:00 0 
7fb6478fd000-7fb647afd000 rw-p 00000000 00:00 0 
7fb647afd000-7fb647b00000 ---p 00000000 00:00 0 
7fb647b00000-7fb647bfe000 rw-p 00000000 00:00 0 
7fb647bfe000-7fb647c01000 ---p 00000000 00:00 0 
7fb647c01000-7fb647eff000 rw-p 00000000 00:00 0 
7fb647eff000-7fb647f02000 ---p 00000000 00:00 0 
7fb647f02000-7fb648000000 rw-p 00000000 00:00 0 
7fb648000000-7fb648291000 rw-p 00000000 00:00 0 
7fb648291000-7fb64c000000 ---p 00000000 00:00 0 
7fb64c000000-7fb64c021000 rw-p 00000000 00:00 0 
7fb64c021000-7fb650000000 ---p 00000000 00:00 0 
7fb650000000-7fb650021000 rw-p 00000000 00:00 0 
7fb650021000-7fb654000000 ---p 00000000 00:00 0 
7fb654000000-7fb654021000 rw-p 00000000 00:00 0 
7fb654021000-7fb658000000 ---p 00000000 00:00 0 
7fb658000000-7fb658021000 rw-p 00000000 00:00 0 
7fb658021000-7fb65c000000 ---p 00000000 00:00 0 
7fb65c000000-7fb65c021000 rw-p 00000000 00:00 0 
7fb65c021000-7fb660000000 ---p 00000000 00:00 0 
7fb660000000-7fb660021000 rw-p 00000000 00:00 0 
7fb660021000-7fb664000000 ---p 00000000 00:00 0 
7fb664000000-7fb664021000 rw-p 00000000 00:00 0 
7fb664021000-7fb668000000 ---p 00000000 00:00 0 
7fb668000000-7fb66874c000 rw-p 00000000 00:00 0 
7fb66874c000-7fb66c000000 ---p 00000000 00:00 0 
7fb66c000000-7fb66c021000 rw-p 00000000 00:00 0 
7fb66c021000-7fb670000000 ---p 00000000 00:00 0 
7fb670000000-7fb670046000 rw-p 00000000 00:00 0 
7fb670046000-7fb674000000 ---p 00000000 00:00 0 
7fb674000000-7fb674021000 rw-p 00000000 00:00 0 
7fb674021000-7fb678000000 ---p 00000000 00:00 0 
7fb678000000-7fb678021000 rw-p 00000000 00:00 0 
7fb678021000-7fb67c000000 ---p 00000000 00:00 0 
7fb67c000000-7fb67c023000 rw-p 00000000 00:00 0 
7fb67c023000-7fb680000000 ---p 00000000 00:00 0 
7fb680000000-7fb680021000 rw-p 00000000 00:00 0 
7fb680021000-7fb684000000 ---p 00000000 00:00 0 
7fb684000000-7fb684021000 rw-p 00000000 00:00 0 
7fb684021000-7fb688000000 ---p 00000000 00:00 0 
7fb688000000-7fb688021000 rw-p 00000000 00:00 0 
7fb688021000-7fb68c000000 ---p 00000000 00:00 0 
7fb68c000000-7fb68c28f000 rw-p 00000000 00:00 0 
7fb68c28f000-7fb690000000 ---p 00000000 00:00 0 
7fb690000000-7fb690021000 rw-p 00000000 00:00 0 
7fb690021000-7fb694000000 ---p 00000000 00:00 0 
7fb694000000-7fb694021000 rw-p 00000000 00:00 0 
7fb694021000-7fb698000000 ---p 00000000 00:00 0 
7fb698000000-7fb698021000 rw-p 00000000 00:00 0 
7fb698021000-7fb69c000000 ---p 00000000 00:00 0 
7fb69c075000-7fb69c078000 r--s 0001a000 08:03 288811                     /usr/lib/jvm/java-8-oracle/jre/lib/jce.jar
7fb69c078000-7fb69c07d000 r--s 002f9000 08:03 285793                     /usr/lib/jvm/java-8-oracle/jre/lib/charsets.jar
7fb69c07d000-7fb69c080000 ---p 00000000 00:00 0 
7fb69c080000-7fb69c37e000 rw-p 00000000 00:00 0 
7fb69c37e000-7fb69c381000 ---p 00000000 00:00 0 
7fb69c381000-7fb69c47f000 rw-p 00000000 00:00 0 
7fb69c47f000-7fb69c49b000 r--s 00393000 08:03 288834                     /usr/lib/jvm/java-8-oracle/jre/lib/ext/cldrdata.jar
7fb69c49b000-7fb69c4a5000 r--s 00116000 08:03 288831                     /usr/lib/jvm/java-8-oracle/jre/lib/ext/localedata.jar
7fb69c4a5000-7fb69c4a8000 ---p 00000000 00:00 0 
7fb69c4a8000-7fb69c5a6000 rw-p 00000000 00:00 0 
7fb69c5a6000-7fb69c5a9000 ---p 00000000 00:00 0 
7fb69c5a9000-7fb69c6a7000 rw-p 00000000 00:00 0 
7fb69c6a7000-7fb69c6a8000 ---p 00000000 00:00 0 
7fb69c6a8000-7fb69c7a8000 rw-p 00000000 00:00 0 
7fb69c7a8000-7fb69c7ab000 ---p 00000000 00:00 0 
7fb69c7ab000-7fb69c8a9000 rw-p 00000000 00:00 0 
7fb69c8a9000-7fb69c8ac000 ---p 00000000 00:00 0 
7fb69c8ac000-7fb69c9aa000 rw-p 00000000 00:00 0 
7fb69c9aa000-7fb69c9ad000 ---p 00000000 00:00 0 
7fb69c9ad000-7fb69caab000 rw-p 00000000 00:00 0 
7fb69caab000-7fb69caae000 ---p 00000000 00:00 0 
7fb69caae000-7fb69cbac000 rw-p 00000000 00:00 0 
7fb69cbac000-7fb69cbb1000 r--s 0009a000 08:03 285792                     /usr/lib/jvm/java-8-oracle/jre/lib/jsse.jar
7fb69cbb1000-7fb69cbc2000 r-xp 00000000 08:03 288752                     /usr/lib/jvm/java-8-oracle/jre/lib/amd64/libnio.so
7fb69cbc2000-7fb69cdc1000 ---p 00011000 08:03 288752                     /usr/lib/jvm/java-8-oracle/jre/lib/amd64/libnio.so
7fb69cdc1000-7fb69cdc2000 rw-p 00010000 08:03 288752                     /usr/lib/jvm/java-8-oracle/jre/lib/amd64/libnio.so
7fb69cdc2000-7fb69cdcb000 r-xp 00000000 08:03 288763                     /usr/lib/jvm/java-8-oracle/jre/lib/amd64/libmanagement.so
7fb69cdcb000-7fb69cfca000 ---p 00009000 08:03 288763                     /usr/lib/jvm/java-8-oracle/jre/lib/amd64/libmanagement.so
7fb69cfca000-7fb69cfcb000 rw-p 00008000 08:03 288763                     /usr/lib/jvm/java-8-oracle/jre/lib/amd64/libmanagement.so
7fb69cfcb000-7fb69cfce000 ---p 00000000 00:00 0 
7fb69cfce000-7fb69d3cd000 rw-p 00000000 00:00 0 
7fb69d3cd000-7fb69d3e3000 r-xp 00000000 08:03 287908                     /usr/lib/jvm/java-8-oracle/jre/lib/amd64/libnet.so
7fb69d3e3000-7fb69d5e3000 ---p 00016000 08:03 287908                     /usr/lib/jvm/java-8-oracle/jre/lib/amd64/libnet.so
7fb69d5e3000-7fb69d5e4000 rw-p 00016000 08:03 287908                     /usr/lib/jvm/java-8-oracle/jre/lib/amd64/libnet.so
7fb69d5e4000-7fb69d5e7000 ---p 00000000 00:00 0 
7fb69d5e7000-7fb69d6e5000 rw-p 00000000 00:00 0 
7fb69d6e5000-7fb69d6e8000 ---p 00000000 00:00 0 
7fb69d6e8000-7fb69d7e6000 rw-p 00000000 00:00 0 
7fb69d7e6000-7fb69d7e9000 ---p 00000000 00:00 0 
7fb69d7e9000-7fb69d8e7000 rw-p 00000000 00:00 0 
7fb69d8e7000-7fb69d8ea000 ---p 00000000 00:00 0 
7fb69d8ea000-7fb69d9e8000 rw-p 00000000 00:00 0 
7fb69d9e8000-7fb69d9ea000 r--s 0001a000 08:04 531550                     /home/toby/Downloads/idea-IU-172.3968.16/lib/idea_rt.jar
7fb69d9ea000-7fb69d9ec000 r--s 0000e000 08:03 19386                      /root/.m2/repository/org/json/json/20171018/json-20171018.jar
7fb69d9ec000-7fb69d9ee000 r--s 0008f000 08:03 435559                     /root/.m2/repository/org/webjars/bootstrap/3.3.7/bootstrap-3.3.7.jar
7fb69d9ee000-7fb69d9ef000 r--s 00027000 08:03 435557                     /root/.m2/repository/org/webjars/jquery/2.2.4/jquery-2.2.4.jar
7fb69d9ef000-7fb69da0e000 r--s 000df000 08:03 1114844                    /root/.m2/repository/org/springframework/boot/spring-boot-autoconfigure/1.5.1.RELEASE/spring-boot-autoconfigure-1.5.1.RELEASE.jar
7fb69da0e000-7fb69da27000 r--s 000fd000 08:03 1114861                    /root/.m2/repository/org/springframework/spring-context/4.3.6.RELEASE/spring-context-4.3.6.RELEASE.jar
7fb69da27000-7fb69da37000 r--s 00092000 08:03 1114855                    /root/.m2/repository/org/springframework/boot/spring-boot/1.5.1.RELEASE/spring-boot-1.5.1.RELEASE.jar
7fb69da37000-7fb69da3e000 r--s 0002e000 08:03 435555                     /root/.m2/repository/org/springframework/boot/spring-boot-devtools/1.5.1.RELEASE/spring-boot-devtools-1.5.1.RELEASE.jar
7fb69da3e000-7fb69da8b000 r--s 0040b000 08:03 435549                     /root/.m2/repository/org/codehaus/groovy/groovy/2.4.7/groovy-2.4.7.jar
7fb69da8b000-7fb69da8e000 r--s 0001a000 08:03 277251                     /root/.m2/repository/nz/net/ultraq/thymeleaf/thymeleaf-layout-dialect/1.4.0/thymeleaf-layout-dialect-1.4.0.jar
7fb69da8e000-7fb69da90000 r--s 00009000 08:03 168677                     /root/.m2/repository/org/slf4j/slf4j-api/1.7.22/slf4j-api-1.7.22.jar
7fb69da90000-7fb69da93000 r--s 00020000 08:03 168682                     /root/.m2/repository/org/unbescape/unbescape/1.1.0.RELEASE/unbescape-1.1.0.RELEASE.jar
7fb69da93000-7fb69da9d000 r--s 000aa000 08:03 26620                      /root/.m2/repository/org/javassist/javassist/3.21.0-GA/javassist-3.21.0-GA.jar
7fb69da9d000-7fb69daa0000 r--s 00035000 08:03 1114856                    /root/.m2/repository/ognl/ognl/3.0.8/ognl-3.0.8.jar
7fb69daa0000-7fb69daad000 r--s 000b7000 08:03 971373                     /root/.m2/repository/org/thymeleaf/thymeleaf/2.1.5.RELEASE/thymeleaf-2.1.5.RELEASE.jar
7fb69daad000-7fb69dab0000 r--s 00034000 08:03 687379                     /root/.m2/repository/org/thymeleaf/thymeleaf-spring4/2.1.5.RELEASE/thymeleaf-spring4-2.1.5.RELEASE.jar
7fb69dab0000-7fb69dab5000 r--s 0003c000 08:03 1114854                    /root/.m2/repository/org/springframework/spring-expression/4.3.6.RELEASE/spring-expression-4.3.6.RELEASE.jar
7fb69dab5000-7fb69dac6000 r--s 000cf000 08:03 435551                     /root/.m2/repository/org/springframework/spring-webmvc/4.3.6.RELEASE/spring-webmvc-4.3.6.RELEASE.jar
7fb69dac6000-7fb69dad4000 r--s 000ad000 08:03 1114850                    /root/.m2/repository/org/springframework/spring-beans/4.3.6.RELEASE/spring-beans-4.3.6.RELEASE.jar
7fb69dad4000-7fb69dadd000 r--s 00054000 08:03 1114867                    /root/.m2/repository/org/springframework/spring-aop/4.3.6.RELEASE/spring-aop-4.3.6.RELEASE.jar
7fb69dadd000-7fb69daef000 r--s 000b6000 08:03 435553                     /root/.m2/repository/org/springframework/spring-web/4.3.6.RELEASE/spring-web-4.3.6.RELEASE.jar
7fb69daef000-7fb69daf3000 r--s 00041000 08:03 681925                     /root/.m2/repository/com/fasterxml/jackson/core/jackson-core/2.8.6/jackson-core-2.8.6.jar
7fb69daf3000-7fb69daf6000 r--s 0000b000 08:03 431398                     /root/.m2/repository/com/fasterxml/jackson/core/jackson-annotations/2.8.0/jackson-annotations-2.8.0.jar
7fb69daf6000-7fb69db07000 r--s 0011d000 08:03 435547                     /root/.m2/repository/com/fasterxml/jackson/core/jackson-databind/2.8.6/jackson-databind-2.8.6.jar
7fb69db07000-7fb69db09000 r--s 0000e000 08:03 277249                     /root/.m2/repository/com/fasterxml/classmate/1.3.3/classmate-1.3.3.jar
7fb69db09000-7fb69db0b000 r--s 0000f000 08:03 277247                     /root/.m2/repository/org/jboss/logging/jboss-logging/3.3.0.Final/jboss-logging-3.3.0.Final.jar
7fb69db0b000-7fb69db0f000 r--s 0000c000 08:03 276922                     /root/.m2/repository/javax/validation/validation-api/1.1.0.Final/validation-api-1.1.0.Final.jar
7fb69db0f000-7fb69db20000 r--s 000a1000 08:03 168680                     /root/.m2/repository/org/hibernate/hibernate-validator/5.3.4.Final/hibernate-validator-5.3.4.Final.jar
7fb69db20000-7fb69db25000 r--s 00036000 08:03 277245                     /root/.m2/repository/org/apache/tomcat/embed/tomcat-embed-websocket/8.5.11/tomcat-embed-websocket-8.5.11.jar
7fb69db25000-7fb69db2a000 r--s 00036000 08:03 168676                     /root/.m2/repository/org/apache/tomcat/embed/tomcat-embed-el/8.5.11/tomcat-embed-el-8.5.11.jar
7fb69db2a000-7fb69db53000 r--s 002b8000 08:03 687377                     /root/.m2/repository/org/apache/tomcat/embed/tomcat-embed-core/8.5.11/tomcat-embed-core-8.5.11.jar
7fb69db53000-7fb69db54000 r--s 00000000 08:03 168663                     /root/.m2/repository/org/springframework/boot/spring-boot-starter-tomcat/1.5.1.RELEASE/spring-boot-starter-tomcat-1.5.1.RELEASE.jar
7fb69db54000-7fb69db5a000 r--s 0003d000 08:03 546204                     /root/.m2/repository/org/yaml/snakeyaml/1.17/snakeyaml-1.17.jar
7fb69db5a000-7fb69db70000 r--s 000fb000 08:03 1114853                    /root/.m2/repository/org/springframework/spring-core/4.3.6.RELEASE/spring-core-4.3.6.RELEASE.jar
7fb69db70000-7fb69db7b000 r--s 00069000 08:03 168662                     /root/.m2/repository/ch/qos/logback/logback-core/1.1.9/logback-core-1.1.9.jar
7fb69db7b000-7fb69db8e000 r--s 00345000 08:03 288807                     /usr/lib/jvm/java-8-oracle/jre/lib/resources.jar
7fb69db8e000-7fb69dba1000 r--s 000d6000 08:03 288806                     /usr/lib/jvm/java-8-oracle/jre/lib/plugin.jar
7fb69dba1000-7fb69dba4000 ---p 00000000 00:00 0 
7fb69dba4000-7fb69dca2000 rw-p 00000000 00:00 0 
7fb69dca2000-7fb69df7a000 r--p 00000000 08:03 262964                     /usr/lib/locale/locale-archive
7fb69df7a000-7fb69df7d000 ---p 00000000 00:00 0 
7fb69df7d000-7fb69e07b000 rw-p 00000000 00:00 0 
7fb69e07b000-7fb69e07e000 ---p 00000000 00:00 0 
7fb69e07e000-7fb69e17c000 rw-p 00000000 00:00 0 
7fb69e17c000-7fb69e17d000 ---p 00000000 00:00 0 
7fb69e17d000-7fb69f18c000 rw-p 00000000 00:00 0 
7fb69f18c000-7fb69f366000 r--s 03d4d000 08:03 285841                     /usr/lib/jvm/java-8-oracle/jre/lib/rt.jar
7fb69f366000-7fb6a3bbe000 rw-p 00000000 00:00 0 
7fb6a3bbe000-7fb6a3bbf000 ---p 00000000 00:00 0 
7fb6a3bbf000-7fb6a3cbf000 rw-p 00000000 00:00 0 
7fb6a3cbf000-7fb6a3cc0000 ---p 00000000 00:00 0 
7fb6a3cc0000-7fb6a3dc0000 rw-p 00000000 00:00 0 
7fb6a3dc0000-7fb6a3dc1000 ---p 00000000 00:00 0 
7fb6a3dc1000-7fb6a3ec1000 rw-p 00000000 00:00 0 
7fb6a3ec1000-7fb6a3ec2000 ---p 00000000 00:00 0 
7fb6a3ec2000-7fb6a3fe4000 rw-p 00000000 00:00 0 
7fb6a3fe4000-7fb6a4244000 ---p 00000000 00:00 0 
7fb6a4244000-7fb6a4266000 rw-p 00000000 00:00 0 
7fb6a4266000-7fb6a44c5000 ---p 00000000 00:00 0 
7fb6a44c5000-7fb6a4508000 rw-p 00000000 00:00 0 
7fb6a4508000-7fb6a4606000 ---p 00000000 00:00 0 
7fb6a4606000-7fb6a461e000 rw-p 00000000 00:00 0 
7fb6a461e000-7fb6a49c7000 ---p 00000000 00:00 0 
7fb6a49c7000-7fb6a4f87000 rwxp 00000000 00:00 0 
7fb6a4f87000-7fb6b39c7000 ---p 00000000 00:00 0 
7fb6b39c7000-7fb6b39e1000 r-xp 00000000 08:03 288750                     /usr/lib/jvm/java-8-oracle/jre/lib/amd64/libzip.so
7fb6b39e1000-7fb6b3be1000 ---p 0001a000 08:03 288750                     /usr/lib/jvm/java-8-oracle/jre/lib/amd64/libzip.so
7fb6b3be1000-7fb6b3be2000 rw-p 0001a000 08:03 288750                     /usr/lib/jvm/java-8-oracle/jre/lib/amd64/libzip.so
7fb6b3be2000-7fb6b3bed000 r-xp 00000000 08:03 662280                     /lib/x86_64-linux-gnu/libnss_files-2.23.so
7fb6b3bed000-7fb6b3dec000 ---p 0000b000 08:03 662280                     /lib/x86_64-linux-gnu/libnss_files-2.23.so
7fb6b3dec000-7fb6b3ded000 r--p 0000a000 08:03 662280                     /lib/x86_64-linux-gnu/libnss_files-2.23.so
7fb6b3ded000-7fb6b3dee000 rw-p 0000b000 08:03 662280                     /lib/x86_64-linux-gnu/libnss_files-2.23.so
7fb6b3dee000-7fb6b3df4000 rw-p 00000000 00:00 0 
7fb6b3df4000-7fb6b3dff000 r-xp 00000000 08:03 662991                     /lib/x86_64-linux-gnu/libnss_nis-2.23.so
7fb6b3dff000-7fb6b3ffe000 ---p 0000b000 08:03 662991                     /lib/x86_64-linux-gnu/libnss_nis-2.23.so
7fb6b3ffe000-7fb6b3fff000 r--p 0000a000 08:03 662991                     /lib/x86_64-linux-gnu/libnss_nis-2.23.so
7fb6b3fff000-7fb6b4000000 rw-p 0000b000 08:03 662991                     /lib/x86_64-linux-gnu/libnss_nis-2.23.so
7fb6b4000000-7fb6b482c000 rw-p 00000000 00:00 0 
7fb6b482c000-7fb6b8000000 ---p 00000000 00:00 0 
7fb6b8000000-7fb6b8001000 r--s 00000000 08:03 168671                     /root/.m2/repository/org/springframework/boot/spring-boot-starter-web/1.5.1.RELEASE/spring-boot-starter-web-1.5.1.RELEASE.jar
7fb6b8001000-7fb6b8003000 r--s 00004000 08:03 168674                     /root/.m2/repository/org/slf4j/log4j-over-slf4j/1.7.22/log4j-over-slf4j-1.7.22.jar
7fb6b8003000-7fb6b8005000 r--s 00000000 08:03 168666                     /root/.m2/repository/org/slf4j/jul-to-slf4j/1.7.22/jul-to-slf4j-1.7.22.jar
7fb6b8005000-7fb6b8007000 r--s 00003000 08:03 168668                     /root/.m2/repository/org/slf4j/jcl-over-slf4j/1.7.22/jcl-over-slf4j-1.7.22.jar
7fb6b8007000-7fb6b800d000 r--s 00045000 08:03 168664                     /root/.m2/repository/ch/qos/logback/logback-classic/1.1.9/logback-classic-1.1.9.jar
7fb6b800d000-7fb6b800e000 r--s 00000000 08:03 1114847                    /root/.m2/repository/org/springframework/boot/spring-boot-starter-logging/1.5.1.RELEASE/spring-boot-starter-logging-1.5.1.RELEASE.jar
7fb6b800e000-7fb6b800f000 r--s 00000000 08:03 1114851                    /root/.m2/repository/org/springframework/boot/spring-boot-starter/1.5.1.RELEASE/spring-boot-starter-1.5.1.RELEASE.jar
7fb6b800f000-7fb6b8010000 r--s 00000000 08:03 687375                     /root/.m2/repository/org/springframework/boot/spring-boot-starter-thymeleaf/1.5.1.RELEASE/spring-boot-starter-thymeleaf-1.5.1.RELEASE.jar
7fb6b8010000-7fb6b8011000 r--s 00000000 08:03 288793                     /usr/lib/jvm/java-8-oracle/jre/lib/management-agent.jar
7fb6b8011000-7fb6b802c000 r--s 0020b000 08:03 288802                     /usr/lib/jvm/java-8-oracle/jre/lib/deploy.jar
7fb6b802c000-7fb6b8042000 r-xp 00000000 08:03 658192                     /lib/x86_64-linux-gnu/libnsl-2.23.so
7fb6b8042000-7fb6b8241000 ---p 00016000 08:03 658192                     /lib/x86_64-linux-gnu/libnsl-2.23.so
7fb6b8241000-7fb6b8242000 r--p 00015000 08:03 658192                     /lib/x86_64-linux-gnu/libnsl-2.23.so
7fb6b8242000-7fb6b8243000 rw-p 00016000 08:03 658192                     /lib/x86_64-linux-gnu/libnsl-2.23.so
7fb6b8243000-7fb6b8245000 rw-p 00000000 00:00 0 
7fb6b8245000-7fb6b824d000 r-xp 00000000 08:03 676015                     /lib/x86_64-linux-gnu/libnss_compat-2.23.so
7fb6b824d000-7fb6b844c000 ---p 00008000 08:03 676015                     /lib/x86_64-linux-gnu/libnss_compat-2.23.so
7fb6b844c000-7fb6b844d000 r--p 00007000 08:03 676015                     /lib/x86_64-linux-gnu/libnss_compat-2.23.so
7fb6b844d000-7fb6b844e000 rw-p 00008000 08:03 676015                     /lib/x86_64-linux-gnu/libnss_compat-2.23.so
7fb6b844e000-7fb6b8458000 r-xp 00000000 08:03 288788                     /usr/lib/jvm/java-8-oracle/jre/lib/amd64/libinstrument.so
7fb6b8458000-7fb6b8657000 ---p 0000a000 08:03 288788                     /usr/lib/jvm/java-8-oracle/jre/lib/amd64/libinstrument.so
7fb6b8657000-7fb6b8658000 rw-p 00009000 08:03 288788                     /usr/lib/jvm/java-8-oracle/jre/lib/amd64/libinstrument.so
7fb6b8658000-7fb6b8683000 r-xp 00000000 08:03 288777                     /usr/lib/jvm/java-8-oracle/jre/lib/amd64/libjava.so
7fb6b8683000-7fb6b8882000 ---p 0002b000 08:03 288777                     /usr/lib/jvm/java-8-oracle/jre/lib/amd64/libjava.so
7fb6b8882000-7fb6b8884000 rw-p 0002a000 08:03 288777                     /usr/lib/jvm/java-8-oracle/jre/lib/amd64/libjava.so
7fb6b8884000-7fb6b8891000 r-xp 00000000 08:03 287919                     /usr/lib/jvm/java-8-oracle/jre/lib/amd64/libverify.so
7fb6b8891000-7fb6b8a91000 ---p 0000d000 08:03 287919                     /usr/lib/jvm/java-8-oracle/jre/lib/amd64/libverify.so
7fb6b8a91000-7fb6b8a93000 rw-p 0000d000 08:03 287919                     /usr/lib/jvm/java-8-oracle/jre/lib/amd64/libverify.so
7fb6b8a93000-7fb6b8a9a000 r-xp 00000000 08:03 662994                     /lib/x86_64-linux-gnu/librt-2.23.so
7fb6b8a9a000-7fb6b8c99000 ---p 00007000 08:03 662994                     /lib/x86_64-linux-gnu/librt-2.23.so
7fb6b8c99000-7fb6b8c9a000 r--p 00006000 08:03 662994                     /lib/x86_64-linux-gnu/librt-2.23.so
7fb6b8c9a000-7fb6b8c9b000 rw-p 00007000 08:03 662994                     /lib/x86_64-linux-gnu/librt-2.23.so
7fb6b8c9b000-7fb6b8da3000 r-xp 00000000 08:03 676020                     /lib/x86_64-linux-gnu/libm-2.23.so
7fb6b8da3000-7fb6b8fa2000 ---p 00108000 08:03 676020                     /lib/x86_64-linux-gnu/libm-2.23.so
7fb6b8fa2000-7fb6b8fa3000 r--p 00107000 08:03 676020                     /lib/x86_64-linux-gnu/libm-2.23.so
7fb6b8fa3000-7fb6b8fa4000 rw-p 00108000 08:03 676020                     /lib/x86_64-linux-gnu/libm-2.23.so
7fb6b8fa4000-7fb6b9c77000 r-xp 00000000 08:03 288781                     /usr/lib/jvm/java-8-oracle/jre/lib/amd64/server/libjvm.so
7fb6b9c77000-7fb6b9e76000 ---p 00cd3000 08:03 288781                     /usr/lib/jvm/java-8-oracle/jre/lib/amd64/server/libjvm.so
7fb6b9e76000-7fb6b9f50000 rw-p 00cd2000 08:03 288781                     /usr/lib/jvm/java-8-oracle/jre/lib/amd64/server/libjvm.so
7fb6b9f50000-7fb6b9f9b000 rw-p 00000000 00:00 0 
7fb6b9f9b000-7fb6ba15b000 r-xp 00000000 08:03 676025                     /lib/x86_64-linux-gnu/libc-2.23.so
7fb6ba15b000-7fb6ba35b000 ---p 001c0000 08:03 676025                     /lib/x86_64-linux-gnu/libc-2.23.so
7fb6ba35b000-7fb6ba35f000 r--p 001c0000 08:03 676025                     /lib/x86_64-linux-gnu/libc-2.23.so
7fb6ba35f000-7fb6ba361000 rw-p 001c4000 08:03 676025                     /lib/x86_64-linux-gnu/libc-2.23.so
7fb6ba361000-7fb6ba365000 rw-p 00000000 00:00 0 
7fb6ba365000-7fb6ba368000 r-xp 00000000 08:03 666853                     /lib/x86_64-linux-gnu/libdl-2.23.so
7fb6ba368000-7fb6ba567000 ---p 00003000 08:03 666853                     /lib/x86_64-linux-gnu/libdl-2.23.so
7fb6ba567000-7fb6ba568000 r--p 00002000 08:03 666853                     /lib/x86_64-linux-gnu/libdl-2.23.so
7fb6ba568000-7fb6ba569000 rw-p 00003000 08:03 666853                     /lib/x86_64-linux-gnu/libdl-2.23.so
7fb6ba569000-7fb6ba57e000 r-xp 00000000 08:03 273591                     /usr/lib/jvm/java-8-oracle/lib/amd64/jli/libjli.so
7fb6ba57e000-7fb6ba77e000 ---p 00015000 08:03 273591                     /usr/lib/jvm/java-8-oracle/lib/amd64/jli/libjli.so
7fb6ba77e000-7fb6ba77f000 rw-p 00015000 08:03 273591                     /usr/lib/jvm/java-8-oracle/lib/amd64/jli/libjli.so
7fb6ba77f000-7fb6ba797000 r-xp 00000000 08:03 662309                     /lib/x86_64-linux-gnu/libpthread-2.23.so
7fb6ba797000-7fb6ba996000 ---p 00018000 08:03 662309                     /lib/x86_64-linux-gnu/libpthread-2.23.so
7fb6ba996000-7fb6ba997000 r--p 00017000 08:03 662309                     /lib/x86_64-linux-gnu/libpthread-2.23.so
7fb6ba997000-7fb6ba998000 rw-p 00018000 08:03 662309                     /lib/x86_64-linux-gnu/libpthread-2.23.so
7fb6ba998000-7fb6ba99c000 rw-p 00000000 00:00 0 
7fb6ba99c000-7fb6ba9c2000 r-xp 00000000 08:03 662227                     /lib/x86_64-linux-gnu/ld-2.23.so
7fb6ba9c2000-7fb6ba9c7000 r--s 0009a000 08:03 285792                     /usr/lib/jvm/java-8-oracle/jre/lib/jsse.jar
7fb6ba9c7000-7fb6ba9c9000 r--s 00007000 08:03 288792                     /usr/lib/jvm/java-8-oracle/jre/lib/jfxswt.jar
7fb6ba9c9000-7fb6ba9ce000 r--s 00084000 08:03 288799                     /usr/lib/jvm/java-8-oracle/jre/lib/jfr.jar
7fb6ba9ce000-7fb6ba9d1000 r--s 0001a000 08:03 288811                     /usr/lib/jvm/java-8-oracle/jre/lib/jce.jar
7fb6ba9d1000-7fb6baaa1000 rw-p 00000000 00:00 0 
7fb6baaa1000-7fb6baaa4000 ---p 00000000 00:00 0 
7fb6baaa4000-7fb6baba6000 rw-p 00000000 00:00 0 
7fb6baba6000-7fb6babb0000 r--s 0006c000 08:03 288801                     /usr/lib/jvm/java-8-oracle/jre/lib/javaws.jar
7fb6babb0000-7fb6babb5000 r--s 002f9000 08:03 285793                     /usr/lib/jvm/java-8-oracle/jre/lib/charsets.jar
7fb6babb5000-7fb6babbd000 rw-s 00000000 08:03 1115120                    /tmp/hsperfdata_root/14982
7fb6babbd000-7fb6babbe000 rw-p 00000000 00:00 0 
7fb6babbe000-7fb6babbf000 ---p 00000000 00:00 0 
7fb6babbf000-7fb6babc1000 rw-p 00000000 00:00 0 
7fb6babc1000-7fb6babc2000 r--p 00025000 08:03 662227                     /lib/x86_64-linux-gnu/ld-2.23.so
7fb6babc2000-7fb6babc3000 rw-p 00026000 08:03 662227                     /lib/x86_64-linux-gnu/ld-2.23.so
7fb6babc3000-7fb6babc4000 rw-p 00000000 00:00 0 
7ffd36c69000-7ffd36c8b000 rw-p 00000000 00:00 0                          [stack]
7ffd36dae000-7ffd36db0000 r--p 00000000 00:00 0                          [vvar]
7ffd36db0000-7ffd36db2000 r-xp 00000000 00:00 0                          [vdso]
ffffffffff600000-ffffffffff601000 r-xp 00000000 00:00 0                  [vsyscall]

VM Arguments:
jvm_args: -XX:TieredStopAtLevel=1 -Xverify:none -Dspring.output.ansi.enabled=always -Dcom.sun.management.jmxremote -Dcom.sun.management.jmxremote.port=42233 -Dcom.sun.management.jmxremote.authenticate=false -Dcom.sun.management.jmxremote.ssl=false -Dspring.liveBeansView.mbeanDomain -Dspring.application.admin.enabled=true -javaagent:/home/toby/Downloads/idea-IU-172.3968.16/lib/idea_rt.jar=43054:/home/toby/Downloads/idea-IU-172.3968.16/bin -Dfile.encoding=UTF-8 
java_command: application.Application
java_class_path (initial): /usr/lib/jvm/java-8-oracle/jre/lib/charsets.jar:/usr/lib/jvm/java-8-oracle/jre/lib/deploy.jar:/usr/lib/jvm/java-8-oracle/jre/lib/ext/cldrdata.jar:/usr/lib/jvm/java-8-oracle/jre/lib/ext/dnsns.jar:/usr/lib/jvm/java-8-oracle/jre/lib/ext/jaccess.jar:/usr/lib/jvm/java-8-oracle/jre/lib/ext/jfxrt.jar:/usr/lib/jvm/java-8-oracle/jre/lib/ext/localedata.jar:/usr/lib/jvm/java-8-oracle/jre/lib/ext/nashorn.jar:/usr/lib/jvm/java-8-oracle/jre/lib/ext/sunec.jar:/usr/lib/jvm/java-8-oracle/jre/lib/ext/sunjce_provider.jar:/usr/lib/jvm/java-8-oracle/jre/lib/ext/sunpkcs11.jar:/usr/lib/jvm/java-8-oracle/jre/lib/ext/zipfs.jar:/usr/lib/jvm/java-8-oracle/jre/lib/javaws.jar:/usr/lib/jvm/java-8-oracle/jre/lib/jce.jar:/usr/lib/jvm/java-8-oracle/jre/lib/jfr.jar:/usr/lib/jvm/java-8-oracle/jre/lib/jfxswt.jar:/usr/lib/jvm/java-8-oracle/jre/lib/jsse.jar:/usr/lib/jvm/java-8-oracle/jre/lib/management-agent.jar:/usr/lib/jvm/java-8-oracle/jre/lib/plugin.jar:/usr/lib/jvm/java-8-oracle/jre/lib/resources.jar:/usr/lib/jvm/java-8-oracle/jre/lib/rt.jar:/home/toby/Downloads/FrontendApplication/target/classes:/root/.m2/repository/org/springframework/boot/spring-boot-starter-thymeleaf/1.5.1.RELEASE/spring-boot-starter-thymeleaf-1.5.1.RELEASE.jar:/root/.m2/repository/org/springframework/boot/spring-boot-starter/1.5.1.RELEASE/spring-boot-starter-1.5.1.RELEASE.jar:/root/.m2/repository/org/springframework/boot/spring-boot-starter-logging/1.5.1.RELEASE/spring-boot-starter-logging-1.5.1.RELEASE.jar:/root/.m2/repository/ch/qos/logback/logback-classic/1.1.9/logback-classic-1.1.9.jar:/root/.m2/repository/ch/qos/logback/logback-core/1.1.9/logback-core-1.1.9.jar:/root/.m2/repository/org/slf4j/jcl-over-slf4j/1.7.22/jcl-over-slf4j-1.7.22.jar:/root/.m2/repository/org/slf4j/jul-to-slf4j/1.7.22/jul-to-slf4j-1.7.22.jar:/root/.m2/repository/org/slf4j/log4j-over-slf4j/1.7.22/log4j-over-slf4j-1.7.22.jar:/root/.m2/repository/org/springframework/spring-core/4.3.6.RELEASE/spring-core-4.3.6.RELEASE.jar:/roo
Launcher Type: SUN_STANDARD

Environment Variables:
PATH=/usr/local/sbin:/usr/local/bin:/usr/sbin:/usr/bin:/sbin:/bin:/snap/bin
USERNAME=root
LD_LIBRARY_PATH=/home/toby/Downloads/idea-IU-172.3968.16/bin:
SHELL=/bin/bash
DISPLAY=:0

Signal Handlers:
SIGSEGV: [libjvm.so+0xacba10], sa_mask[0]=11111111011111111101111111111110, sa_flags=SA_RESTART|SA_SIGINFO
SIGBUS: [libjvm.so+0xacba10], sa_mask[0]=11111111011111111101111111111110, sa_flags=SA_RESTART|SA_SIGINFO
SIGFPE: [libjvm.so+0x924ba0], sa_mask[0]=11111111011111111101111111111110, sa_flags=SA_RESTART|SA_SIGINFO
SIGPIPE: [libjvm.so+0x924ba0], sa_mask[0]=11111111011111111101111111111110, sa_flags=SA_RESTART|SA_SIGINFO
SIGXFSZ: [libjvm.so+0x924ba0], sa_mask[0]=11111111011111111101111111111110, sa_flags=SA_RESTART|SA_SIGINFO
SIGILL: [libjvm.so+0x924ba0], sa_mask[0]=11111111011111111101111111111110, sa_flags=SA_RESTART|SA_SIGINFO
SIGUSR1: SIG_DFL, sa_mask[0]=00000000000000000000000000000000, sa_flags=none
SIGUSR2: [libjvm.so+0x9263e0], sa_mask[0]=00100000000000000000000000000000, sa_flags=SA_RESTART|SA_SIGINFO
SIGHUP: [libjvm.so+0x9277e0], sa_mask[0]=11111111011111111101111111111110, sa_flags=SA_RESTART|SA_SIGINFO
SIGINT: [libjvm.so+0x9277e0], sa_mask[0]=11111111011111111101111111111110, sa_flags=SA_RESTART|SA_SIGINFO
SIGTERM: [libjvm.so+0x9277e0], sa_mask[0]=11111111011111111101111111111110, sa_flags=SA_RESTART|SA_SIGINFO
SIGQUIT: [libjvm.so+0x9277e0], sa_mask[0]=11111111011111111101111111111110, sa_flags=SA_RESTART|SA_SIGINFO


---------------  S Y S T E M  ---------------

OS:DISTRIB_ID=Ubuntu
DISTRIB_RELEASE=16.04
DISTRIB_CODENAME=xenial
DISTRIB_DESCRIPTION="Ubuntu 16.04.1 LTS"

uname:Linux 4.4.0-97-generic #120-Ubuntu SMP Tue Sep 19 17:28:18 UTC 2017 x86_64
libc:glibc 2.23 NPTL 2.23 
rlimit: STACK 8192k, CORE 0k, NPROC 30608, NOFILE 65536, AS infinity
load average:2.89 2.35 1.44

/proc/meminfo:
MemTotal:        7875056 kB
MemFree:          120828 kB
MemAvailable:      28364 kB
Buffers:             740 kB
Cached:           997500 kB
SwapCached:            0 kB
Active:          6558788 kB
Inactive:         940936 kB
Active(anon):    6544660 kB
Inactive(anon):   918840 kB
Active(file):      14128 kB
Inactive(file):    22096 kB
Unevictable:         232 kB
Mlocked:             232 kB
SwapTotal:             0 kB
SwapFree:              0 kB
Dirty:               392 kB
Writeback:             0 kB
AnonPages:       6502660 kB
Mapped:           326532 kB
Shmem:            960996 kB
Slab:              97344 kB
SReclaimable:      48624 kB
SUnreclaim:        48720 kB
KernelStack:       17344 kB
PageTables:        69880 kB
NFS_Unstable:          0 kB
Bounce:                0 kB
WritebackTmp:          0 kB
CommitLimit:     3937528 kB
Committed_AS:   15633844 kB
VmallocTotal:   34359738367 kB
VmallocUsed:           0 kB
VmallocChunk:          0 kB
HardwareCorrupted:     0 kB
AnonHugePages:   2897920 kB
CmaTotal:              0 kB
CmaFree:               0 kB
HugePages_Total:       0
HugePages_Free:        0
HugePages_Rsvd:        0
HugePages_Surp:        0
Hugepagesize:       2048 kB
DirectMap4k:      210500 kB
DirectMap2M:     7874560 kB
DirectMap1G:     1048576 kB


CPU:total 4 (initial active 4) (2 cores per cpu, 2 threads per core) family 6 model 60 stepping 3, cmov, cx8, fxsr, mmx, sse, sse2, sse3, ssse3, sse4.1, sse4.2, popcnt, avx, avx2, aes, clmul, erms, lzcnt, ht, tsc, tscinvbit, bmi1, bmi2

/proc/cpuinfo:
processor	: 0
vendor_id	: GenuineIntel
cpu family	: 6
model		: 60
model name	: Intel(R) Core(TM) i5-4210M CPU @ 2.60GHz
stepping	: 3
microcode	: 0x17
cpu MHz		: 2753.156
cache size	: 3072 KB
physical id	: 0
siblings	: 4
core id		: 0
cpu cores	: 2
apicid		: 0
initial apicid	: 0
fpu		: yes
fpu_exception	: yes
cpuid level	: 13
wp		: yes
flags		: fpu vme de pse tsc msr pae mce cx8 apic sep mtrr pge mca cmov pat pse36 clflush dts acpi mmx fxsr sse sse2 ss ht tm pbe syscall nx pdpe1gb rdtscp lm constant_tsc arch_perfmon pebs bts rep_good nopl xtopology nonstop_tsc aperfmperf eagerfpu pni pclmulqdq dtes64 monitor ds_cpl vmx est tm2 ssse3 sdbg fma cx16 xtpr pdcm pcid sse4_1 sse4_2 movbe popcnt tsc_deadline_timer aes xsave avx f16c rdrand lahf_lm abm epb tpr_shadow vnmi flexpriority ept vpid fsgsbase tsc_adjust bmi1 avx2 smep bmi2 erms invpcid xsaveopt dtherm ida arat pln pts
bugs		:
bogomips	: 5187.78
clflush size	: 64
cache_alignment	: 64
address sizes	: 39 bits physical, 48 bits virtual
power management:

processor	: 1
vendor_id	: GenuineIntel
cpu family	: 6
model		: 60
model name	: Intel(R) Core(TM) i5-4210M CPU @ 2.60GHz
stepping	: 3
microcode	: 0x17
cpu MHz		: 2783.625
cache size	: 3072 KB
physical id	: 0
siblings	: 4
core id		: 0
cpu cores	: 2
apicid		: 1
initial apicid	: 1
fpu		: yes
fpu_exception	: yes
cpuid level	: 13
wp		: yes
flags		: fpu vme de pse tsc msr pae mce cx8 apic sep mtrr pge mca cmov pat pse36 clflush dts acpi mmx fxsr sse sse2 ss ht tm pbe syscall nx pdpe1gb rdtscp lm constant_tsc arch_perfmon pebs bts rep_good nopl xtopology nonstop_tsc aperfmperf eagerfpu pni pclmulqdq dtes64 monitor ds_cpl vmx est tm2 ssse3 sdbg fma cx16 xtpr pdcm pcid sse4_1 sse4_2 movbe popcnt tsc_deadline_timer aes xsave avx f16c rdrand lahf_lm abm epb tpr_shadow vnmi flexpriority ept vpid fsgsbase tsc_adjust bmi1 avx2 smep bmi2 erms invpcid xsaveopt dtherm ida arat pln pts
bugs		:
bogomips	: 5187.78
clflush size	: 64
cache_alignment	: 64
address sizes	: 39 bits physical, 48 bits virtual
power management:

processor	: 2
vendor_id	: GenuineIntel
cpu family	: 6
model		: 60
model name	: Intel(R) Core(TM) i5-4210M CPU @ 2.60GHz
stepping	: 3
microcode	: 0x17
cpu MHz		: 2809.218
cache size	: 3072 KB
physical id	: 0
siblings	: 4
core id		: 1
cpu cores	: 2
apicid		: 2
initial apicid	: 2
fpu		: yes
fpu_exception	: yes
cpuid level	: 13
wp		: yes
flags		: fpu vme de pse tsc msr pae mce cx8 apic sep mtrr pge mca cmov pat pse36 clflush dts acpi mmx fxsr sse sse2 ss ht tm pbe syscall nx pdpe1gb rdtscp lm constant_tsc arch_perfmon pebs bts rep_good nopl xtopology nonstop_tsc aperfmperf eagerfpu pni pclmulqdq dtes64 monitor ds_cpl vmx est tm2 ssse3 sdbg fma cx16 xtpr pdcm pcid sse4_1 sse4_2 movbe popcnt tsc_deadline_timer aes xsave avx f16c rdrand lahf_lm abm epb tpr_shadow vnmi flexpriority ept vpid fsgsbase tsc_adjust bmi1 avx2 smep bmi2 erms invpcid xsaveopt dtherm ida arat pln pts
bugs		:
bogomips	: 5187.78
clflush size	: 64
cache_alignment	: 64
address sizes	: 39 bits physical, 48 bits virtual
power management:

processor	: 3
vendor_id	: GenuineIntel
cpu family	: 6
model		: 60
model name	: Intel(R) Core(TM) i5-4210M CPU @ 2.60GHz
stepping	: 3
microcode	: 0x17
cpu MHz		: 3034.992
cache size	: 3072 KB
physical id	: 0
siblings	: 4
core id		: 1
cpu cores	: 2
apicid		: 3
initial apicid	: 3
fpu		: yes
fpu_exception	: yes
cpuid level	: 13
wp		: yes
flags		: fpu vme de pse tsc msr pae mce cx8 apic sep mtrr pge mca cmov pat pse36 clflush dts acpi mmx fxsr sse sse2 ss ht tm pbe syscall nx pdpe1gb rdtscp lm constant_tsc arch_perfmon pebs bts rep_good nopl xtopology nonstop_tsc aperfmperf eagerfpu pni pclmulqdq dtes64 monitor ds_cpl vmx est tm2 ssse3 sdbg fma cx16 xtpr pdcm pcid sse4_1 sse4_2 movbe popcnt tsc_deadline_timer aes xsave avx f16c rdrand lahf_lm abm epb tpr_shadow vnmi flexpriority ept vpid fsgsbase tsc_adjust bmi1 avx2 smep bmi2 erms invpcid xsaveopt dtherm ida arat pln pts
bugs		:
bogomips	: 5187.78
clflush size	: 64
cache_alignment	: 64
address sizes	: 39 bits physical, 48 bits virtual
power management:



Memory: 4k page, physical 7875056k(120828k free), swap 0k(0k free)

vm_info: Java HotSpot(TM) 64-Bit Server VM (25.144-b01) for linux-amd64 JRE (1.8.0_144-b01), built on Jul 21 2017 21:57:33 by "java_re" with gcc 4.3.0 20080428 (Red Hat 4.3.0-8)

time: Tue Oct 31 11:58:02 2017
elapsed time: 3 seconds (0d 0h 0m 3s)

