#
# There is insufficient memory for the Java Runtime Environment to continue.
# Native memory allocation (mmap) failed to map 103809024 bytes for committing reserved memory.
# Possible reasons:
#   The system is out of physical RAM or swap space
#   In 32 bit mode, the process size limit was hit
# Possible solutions:
#   Reduce memory load on the system
#   Increase physical memory or swap space
#   Check if swap backing store is full
#   Use 64 bit Java on a 64 bit OS
#   Decrease Java heap size (-Xmx/-Xms)
#   Decrease number of Java threads
#   Decrease Java thread stack sizes (-Xss)
#   Set larger code cache with -XX:ReservedCodeCacheSize=
# This output file may be truncated or incomplete.
#
#  Out of Memory Error (os_linux.cpp:2640), pid=14169, tid=0x00007f67d23f3700
#
# JRE version: Java(TM) SE Runtime Environment (8.0_144-b01) (build 1.8.0_144-b01)
# Java VM: Java HotSpot(TM) 64-Bit Server VM (25.144-b01 mixed mode linux-amd64 compressed oops)
# Failed to write core dump. Core dumps have been disabled. To enable core dumping, try "ulimit -c unlimited" before starting Java again
#

---------------  T H R E A D  ---------------

Current thread (0x00007f67e8142800):  VMThread [stack: 0x00007f67d22f3000,0x00007f67d23f4000] [id=14185]

Stack: [0x00007f67d22f3000,0x00007f67d23f4000],  sp=0x00007f67d23f20a0,  free space=1020k
Native frames: (J=compiled Java code, j=interpreted, Vv=VM code, C=native code)
V  [libjvm.so+0xacb18a]  VMError::report_and_die()+0x2ba
V  [libjvm.so+0x4ff4db]  report_vm_out_of_memory(char const*, int, unsigned long, VMErrorType, char const*)+0x8b
V  [libjvm.so+0x927d23]  os::Linux::commit_memory_impl(char*, unsigned long, bool)+0x103
V  [libjvm.so+0x928279]  os::pd_commit_memory(char*, unsigned long, unsigned long, bool)+0x29
V  [libjvm.so+0x92249a]  os::commit_memory(char*, unsigned long, unsigned long, bool)+0x2a
V  [libjvm.so+0x996ff3]  PSVirtualSpace::expand_by(unsigned long)+0x53
V  [libjvm.so+0x9983f8]  PSYoungGen::resize_generation(unsigned long, unsigned long)+0xf8
V  [libjvm.so+0x997552]  PSYoungGen::resize(unsigned long, unsigned long)+0x22
V  [libjvm.so+0x99482b]  PSScavenge::invoke_no_policy()+0xf3b
V  [libjvm.so+0x994fb1]  PSScavenge::invoke()+0x41
V  [libjvm.so+0x94bce0]  ParallelScavengeHeap::failed_mem_allocate(unsigned long)+0x70
V  [libjvm.so+0xaccba7]  VM_ParallelGCFailedAllocation::doit()+0x97
V  [libjvm.so+0xad4685]  VM_Operation::evaluate()+0x55
V  [libjvm.so+0xad2a5a]  VMThread::evaluate_operation(VM_Operation*)+0xba
V  [libjvm.so+0xad2dde]  VMThread::loop()+0x1ce
V  [libjvm.so+0xad3250]  VMThread::run()+0x70
V  [libjvm.so+0x92a338]  java_start(Thread*)+0x108

VM_Operation (0x00007f67d0554920): ParallelGCFailedAllocation, mode: safepoint, requested by thread 0x00007f6784002000


---------------  P R O C E S S  ---------------

Java Threads: ( => current thread )
  0x00007f67885eb800 JavaThread "container-0" [_thread_blocked, id=14237, stack(0x00007f6772dfc000,0x00007f6772efd000)]
  0x00007f67885e9000 JavaThread "ContainerBackgroundProcessor[StandardEngine[Tomcat]]" daemon [_thread_blocked, id=14236, stack(0x00007f6772efd000,0x00007f6772ffe000)]
  0x00007f67781c2800 JavaThread "localhost-startStop-1" daemon [_thread_blocked, id=14235, stack(0x00007f6772ffe000,0x00007f67730ff000)]
  0x00007f67885e8000 JavaThread "Tomcat-startStop-1" daemon [_thread_blocked, id=14234, stack(0x00007f67d0053000,0x00007f67d0154000)]
  0x00007f6794003000 JavaThread "RMI TCP Connection(3)-127.0.0.1" daemon [_thread_in_native, id=14227, stack(0x00007f67738ff000,0x00007f6773a00000)]
  0x00007f6794001000 JavaThread "RMI TCP Connection(4)-127.0.0.1" daemon [_thread_in_native, id=14215, stack(0x00007f67d0154000,0x00007f67d0255000)]
  0x00007f677c009000 JavaThread "RMI Scheduler(0)" daemon [_thread_blocked, id=14213, stack(0x00007f67d0255000,0x00007f67d0356000)]
  0x00007f6798001800 JavaThread "RMI TCP Connection(1)-127.0.0.1" daemon [_thread_in_native, id=14212, stack(0x00007f67d0356000,0x00007f67d0457000)]
  0x00007f6784002000 JavaThread "restartedMain" [_thread_blocked, id=14210, stack(0x00007f67d0457000,0x00007f67d0558000)]
  0x00007f67e8842800 JavaThread "Thread-1" [_thread_blocked, id=14209, stack(0x00007f67d0558000,0x00007f67d0659000)]
  0x00007f67e8516800 JavaThread "RMI TCP Accept-0" daemon [_thread_in_native, id=14207, stack(0x00007f67d0a40000,0x00007f67d0b41000)]
  0x00007f67e850f000 JavaThread "RMI TCP Accept-38610" daemon [_thread_in_native, id=14206, stack(0x00007f67d0b41000,0x00007f67d0c42000)]
  0x00007f67e84fb000 JavaThread "RMI TCP Accept-0" daemon [_thread_in_native, id=14205, stack(0x00007f67d0c42000,0x00007f67d0d43000)]
  0x00007f67e8404800 JavaThread "Service Thread" daemon [_thread_blocked, id=14201, stack(0x00007f67d1162000,0x00007f67d1263000)]
  0x00007f67e83e5000 JavaThread "C1 CompilerThread2" daemon [_thread_blocked, id=14200, stack(0x00007f67d177b000,0x00007f67d187c000)]
  0x00007f67e83e3000 JavaThread "C2 CompilerThread1" daemon [_thread_blocked, id=14199, stack(0x00007f67d187c000,0x00007f67d197d000)]
  0x00007f67e83e1000 JavaThread "C2 CompilerThread0" daemon [_thread_blocked, id=14198, stack(0x00007f67d197d000,0x00007f67d1a7e000)]
  0x00007f67e83d7000 JavaThread "Monitor Ctrl-Break" daemon [_thread_in_native, id=14197, stack(0x00007f67d1a7e000,0x00007f67d1b7f000)]
  0x00007f67e8182000 JavaThread "Signal Dispatcher" daemon [_thread_blocked, id=14192, stack(0x00007f67d1d18000,0x00007f67d1e19000)]
  0x00007f67e814f000 JavaThread "Finalizer" daemon [_thread_blocked, id=14188, stack(0x00007f67d20f1000,0x00007f67d21f2000)]
  0x00007f67e814a000 JavaThread "Reference Handler" daemon [_thread_blocked, id=14187, stack(0x00007f67d21f2000,0x00007f67d22f3000)]
  0x00007f67e800d800 JavaThread "main" [_thread_blocked, id=14173, stack(0x00007f67eec38000,0x00007f67eed39000)]

Other Threads:
=>0x00007f67e8142800 VMThread [stack: 0x00007f67d22f3000,0x00007f67d23f4000] [id=14185]
  0x00007f67e851b800 WatcherThread [stack: 0x00007f67d093f000,0x00007f67d0a40000] [id=14208]

VM state:at safepoint (normal execution)

VM Mutex/Monitor currently owned by a thread:  ([mutex/lock_event])
[0x00007f67e8009e20] Threads_lock - owner thread: 0x00007f67e8142800
[0x00007f67e800a320] Heap_lock - owner thread: 0x00007f6784002000

Heap:
 PSYoungGen      total 130048K, used 5104K [0x00000000d7f00000, 0x00000000e0300000, 0x0000000100000000)
  eden space 124928K, 0% used [0x00000000d7f00000,0x00000000d7f00000,0x00000000df900000)
  from space 5120K, 99% used [0x00000000df900000,0x00000000dfdfc030,0x00000000dfe00000)
  to   space 5120K, 0% used [0x00000000dfe00000,0x00000000dfe00000,0x00000000e0300000)
 ParOldGen       total 60416K, used 17100K [0x0000000087c00000, 0x000000008b700000, 0x00000000d7f00000)
  object space 60416K, 28% used [0x0000000087c00000,0x0000000088cb3170,0x000000008b700000)
 Metaspace       used 27178K, capacity 27610K, committed 27904K, reserved 1073152K
  class space    used 3425K, capacity 3549K, committed 3584K, reserved 1048576K

Card table byte_map: [0x00007f67d8244000,0x00007f67d8607000] byte_map_base: 0x00007f67d7e06000

Marking Bits: (ParMarkBitMap*) 0x00007f67ee104dc0
 Begin Bits: [0x00007f67d409f000, 0x00007f67d5eaf000)
 End Bits:   [0x00007f67d5eaf000, 0x00007f67d7cbf000)

Polling page: 0x00007f67eed55000

CodeCache: size=245760Kb used=5883Kb max_used=5883Kb free=239876Kb
 bounds [0x00007f67d89c7000, 0x00007f67d8f87000, 0x00007f67e79c7000]
 total_blobs=3085 nmethods=2690 adapters=307
 compilation: enabled

Compilation events (10 events):
Event: 3.628 Thread 0x00007f67e83e5000 2686       1       org.springframework.util.ReflectionUtils::doWithMethods (7 bytes)
Event: 3.628 Thread 0x00007f67e83e5000 nmethod 2686 0x00007f67d8f845d0 code [0x00007f67d8f84740, 0x00007f67d8f84848]
Event: 3.630 Thread 0x00007f67e83e5000 2687       1       java.beans.GenericBeanInfo::getDefaultEventIndex (5 bytes)
Event: 3.630 Thread 0x00007f67e83e5000 nmethod 2687 0x00007f67d8f848d0 code [0x00007f67d8f84a20, 0x00007f67d8f84b30]
Event: 3.630 Thread 0x00007f67e83e5000 2688       1       java.beans.GenericBeanInfo::getDefaultPropertyIndex (5 bytes)
Event: 3.630 Thread 0x00007f67e83e5000 nmethod 2688 0x00007f67d8f84b90 code [0x00007f67d8f84ce0, 0x00007f67d8f84df0]
Event: 3.631 Thread 0x00007f67e83e5000 2689       1       org.springframework.beans.factory.support.AbstractBeanFactory::getBeanClassLoader (5 bytes)
Event: 3.631 Thread 0x00007f67e83e5000 nmethod 2689 0x00007f67d8f84e50 code [0x00007f67d8f84fa0, 0x00007f67d8f850b0]
Event: 3.634 Thread 0x00007f67e83e5000 2690   !   1       org.springframework.util.ClassUtils::resolveClassName (74 bytes)
Event: 3.634 Thread 0x00007f67e83e5000 nmethod 2690 0x00007f67d8f85110 code [0x00007f67d8f85320, 0x00007f67d8f859c8]

GC Heap History (10 events):
Event: 1.037 GC heap after
Heap after GC invocations=1 (full 0):
 PSYoungGen      total 36352K, used 4722K [0x00000000d7f00000, 0x00000000dc600000, 0x0000000100000000)
  eden space 31232K, 0% used [0x00000000d7f00000,0x00000000d7f00000,0x00000000d9d80000)
  from space 5120K, 92% used [0x00000000d9d80000,0x00000000da21c890,0x00000000da280000)
  to   space 5120K, 0% used [0x00000000dc100000,0x00000000dc100000,0x00000000dc600000)
 ParOldGen       total 83456K, used 8K [0x0000000087c00000, 0x000000008cd80000, 0x00000000d7f00000)
  object space 83456K, 0% used [0x0000000087c00000,0x0000000087c02000,0x000000008cd80000)
 Metaspace       used 10159K, capacity 10302K, committed 10624K, reserved 1058816K
  class space    used 1255K, capacity 1320K, committed 1408K, reserved 1048576K
}
Event: 1.315 GC heap before
{Heap before GC invocations=2 (full 0):
 PSYoungGen      total 36352K, used 35954K [0x00000000d7f00000, 0x00000000dc600000, 0x0000000100000000)
  eden space 31232K, 100% used [0x00000000d7f00000,0x00000000d9d80000,0x00000000d9d80000)
  from space 5120K, 92% used [0x00000000d9d80000,0x00000000da21c890,0x00000000da280000)
  to   space 5120K, 0% used [0x00000000dc100000,0x00000000dc100000,0x00000000dc600000)
 ParOldGen       total 83456K, used 8K [0x0000000087c00000, 0x000000008cd80000, 0x00000000d7f00000)
  object space 83456K, 0% used [0x0000000087c00000,0x0000000087c02000,0x000000008cd80000)
 Metaspace       used 13591K, capacity 13860K, committed 13952K, reserved 1060864K
  class space    used 1778K, capacity 1889K, committed 1920K, reserved 1048576K
Event: 1.356 GC heap after
Heap after GC invocations=2 (full 0):
 PSYoungGen      total 67584K, used 5088K [0x00000000d7f00000, 0x00000000dc600000, 0x0000000100000000)
  eden space 62464K, 0% used [0x00000000d7f00000,0x00000000d7f00000,0x00000000dbc00000)
  from space 5120K, 99% used [0x00000000dc100000,0x00000000dc5f81c0,0x00000000dc600000)
  to   space 5120K, 0% used [0x00000000dbc00000,0x00000000dbc00000,0x00000000dc100000)
 ParOldGen       total 83456K, used 3367K [0x0000000087c00000, 0x000000008cd80000, 0x00000000d7f00000)
  object space 83456K, 4% used [0x0000000087c00000,0x0000000087f49c38,0x000000008cd80000)
 Metaspace       used 13591K, capacity 13860K, committed 13952K, reserved 1060864K
  class space    used 1778K, capacity 1889K, committed 1920K, reserved 1048576K
}
Event: 2.250 GC heap before
{Heap before GC invocations=3 (full 0):
 PSYoungGen      total 67584K, used 67552K [0x00000000d7f00000, 0x00000000dc600000, 0x0000000100000000)
  eden space 62464K, 100% used [0x00000000d7f00000,0x00000000dbc00000,0x00000000dbc00000)
  from space 5120K, 99% used [0x00000000dc100000,0x00000000dc5f81c0,0x00000000dc600000)
  to   space 5120K, 0% used [0x00000000dbc00000,0x00000000dbc00000,0x00000000dc100000)
 ParOldGen       total 83456K, used 3367K [0x0000000087c00000, 0x000000008cd80000, 0x00000000d7f00000)
  object space 83456K, 4% used [0x0000000087c00000,0x0000000087f49c38,0x000000008cd80000)
 Metaspace       used 20143K, capacity 20414K, committed 20608K, reserved 1067008K
  class space    used 2515K, capacity 2599K, committed 2688K, reserved 1048576K
Event: 2.278 GC heap after
Heap after GC invocations=3 (full 0):
 PSYoungGen      total 67584K, used 5118K [0x00000000d7f00000, 0x00000000e0300000, 0x0000000100000000)
  eden space 62464K, 0% used [0x00000000d7f00000,0x00000000d7f00000,0x00000000dbc00000)
  from space 5120K, 99% used [0x00000000dbc00000,0x00000000dc0ff860,0x00000000dc100000)
  to   space 5120K, 0% used [0x00000000dfe00000,0x00000000dfe00000,0x00000000e0300000)
 ParOldGen       total 83456K, used 10587K [0x0000000087c00000, 0x000000008cd80000, 0x00000000d7f00000)
  object space 83456K, 12% used [0x0000000087c00000,0x0000000088656eb8,0x000000008cd80000)
 Metaspace       used 20143K, capacity 20414K, committed 20608K, reserved 1067008K
  class space    used 2515K, capacity 2599K, committed 2688K, reserved 1048576K
}
Event: 2.617 GC heap before
{Heap before GC invocations=4 (full 0):
 PSYoungGen      total 67584K, used 61959K [0x00000000d7f00000, 0x00000000e0300000, 0x0000000100000000)
  eden space 62464K, 90% used [0x00000000d7f00000,0x00000000db682670,0x00000000dbc00000)
  from space 5120K, 99% used [0x00000000dbc00000,0x00000000dc0ff860,0x00000000dc100000)
  to   space 5120K, 0% used [0x00000000dfe00000,0x00000000dfe00000,0x00000000e0300000)
 ParOldGen       total 83456K, used 10587K [0x0000000087c00000, 0x000000008cd80000, 0x00000000d7f00000)
  object space 83456K, 12% used [0x0000000087c00000,0x0000000088656eb8,0x000000008cd80000)
 Metaspace       used 20846K, capacity 21132K, committed 21248K, reserved 1067008K
  class space    used 2622K, capacity 2703K, committed 2816K, reserved 1048576K
Event: 2.641 GC heap after
Heap after GC invocations=4 (full 0):
 PSYoungGen      total 130048K, used 5088K [0x00000000d7f00000, 0x00000000e0300000, 0x0000000100000000)
  eden space 124928K, 0% used [0x00000000d7f00000,0x00000000d7f00000,0x00000000df900000)
  from space 5120K, 99% used [0x00000000dfe00000,0x00000000e02f8020,0x00000000e0300000)
  to   space 5120K, 0% used [0x00000000df900000,0x00000000df900000,0x00000000dfe00000)
 ParOldGen       total 83456K, used 12841K [0x0000000087c00000, 0x000000008cd80000, 0x00000000d7f00000)
  object space 83456K, 15% used [0x0000000087c00000,0x000000008888a778,0x000000008cd80000)
 Metaspace       used 20846K, capacity 21132K, committed 21248K, reserved 1067008K
  class space    used 2622K, capacity 2703K, committed 2816K, reserved 1048576K
}
Event: 2.641 GC heap before
{Heap before GC invocations=5 (full 1):
 PSYoungGen      total 130048K, used 5088K [0x00000000d7f00000, 0x00000000e0300000, 0x0000000100000000)
  eden space 124928K, 0% used [0x00000000d7f00000,0x00000000d7f00000,0x00000000df900000)
  from space 5120K, 99% used [0x00000000dfe00000,0x00000000e02f8020,0x00000000e0300000)
  to   space 5120K, 0% used [0x00000000df900000,0x00000000df900000,0x00000000dfe00000)
 ParOldGen       total 83456K, used 12841K [0x0000000087c00000, 0x000000008cd80000, 0x00000000d7f00000)
  object space 83456K, 15% used [0x0000000087c00000,0x000000008888a778,0x000000008cd80000)
 Metaspace       used 20846K, capacity 21132K, committed 21248K, reserved 1067008K
  class space    used 2622K, capacity 2703K, committed 2816K, reserved 1048576K
Event: 2.709 GC heap after
Heap after GC invocations=5 (full 1):
 PSYoungGen      total 130048K, used 0K [0x00000000d7f00000, 0x00000000e0300000, 0x0000000100000000)
  eden space 124928K, 0% used [0x00000000d7f00000,0x00000000d7f00000,0x00000000df900000)
  from space 5120K, 0% used [0x00000000dfe00000,0x00000000dfe00000,0x00000000e0300000)
  to   space 5120K, 0% used [0x00000000df900000,0x00000000df900000,0x00000000dfe00000)
 ParOldGen       total 60416K, used 11614K [0x0000000087c00000, 0x000000008b700000, 0x00000000d7f00000)
  object space 60416K, 19% used [0x0000000087c00000,0x0000000088757978,0x000000008b700000)
 Metaspace       used 20846K, capacity 21132K, committed 21248K, reserved 1067008K
  class space    used 2622K, capacity 2703K, committed 2816K, reserved 1048576K
}
Event: 3.642 GC heap before
{Heap before GC invocations=6 (full 1):
 PSYoungGen      total 130048K, used 124928K [0x00000000d7f00000, 0x00000000e0300000, 0x0000000100000000)
  eden space 124928K, 100% used [0x00000000d7f00000,0x00000000df900000,0x00000000df900000)
  from space 5120K, 0% used [0x00000000dfe00000,0x00000000dfe00000,0x00000000e0300000)
  to   space 5120K, 0% used [0x00000000df900000,0x00000000df900000,0x00000000dfe00000)
 ParOldGen       total 60416K, used 11614K [0x0000000087c00000, 0x000000008b700000, 0x00000000d7f00000)
  object space 60416K, 19% used [0x0000000087c00000,0x0000000088757978,0x000000008b700000)
 Metaspace       used 27178K, capacity 27610K, committed 27904K, reserved 1073152K
  class space    used 3425K, capacity 3549K, committed 3584K, reserved 1048576K

Deoptimization events (0 events):
No events

Internal exceptions (10 events):
Event: 3.637 Thread 0x00007f6784002000 Exception <a 'java/lang/ClassNotFoundException': org/springframework/boot/autoconfigure/web/AbstractErrorControllerCustomizer> (0x00000000df8115b0) thrown at [/HUDSON3/workspace/8-2-build-linux-amd64/jdk8u144/9417/hotspot/src/share/vm/classfile/systemDict
Event: 3.637 Thread 0x00007f6784002000 Exception <a 'java/lang/ClassNotFoundException': org/springframework/boot/autoconfigure/web/BasicErrorControllerCustomizer> (0x00000000df827158) thrown at [/HUDSON3/workspace/8-2-build-linux-amd64/jdk8u144/9417/hotspot/src/share/vm/classfile/systemDiction
Event: 3.637 Thread 0x00007f6784002000 Exception <a 'java/lang/ArrayIndexOutOfBoundsException'> (0x00000000df82a3e8) thrown at [/HUDSON3/workspace/8-2-build-linux-amd64/jdk8u144/9417/hotspot/src/share/vm/runtime/sharedRuntime.cpp, line 605]
Event: 3.637 Thread 0x00007f6784002000 Exception <a 'java/lang/ClassNotFoundException': org/springframework/boot/autoconfigure/web/ErrorControllerCustomizer> (0x00000000df841980) thrown at [/HUDSON3/workspace/8-2-build-linux-amd64/jdk8u144/9417/hotspot/src/share/vm/classfile/systemDictionary.c
Event: 3.638 Thread 0x00007f6784002000 Exception <a 'java/lang/ArrayIndexOutOfBoundsException'> (0x00000000df859448) thrown at [/HUDSON3/workspace/8-2-build-linux-amd64/jdk8u144/9417/hotspot/src/share/vm/runtime/sharedRuntime.cpp, line 605]
Event: 3.641 Thread 0x00007f6784002000 Exception <a 'java/lang/ClassNotFoundException': java/lang/ObjectCustomizer> (0x00000000df89c9b0) thrown at [/HUDSON3/workspace/8-2-build-linux-amd64/jdk8u144/9417/hotspot/src/share/vm/classfile/systemDictionary.cpp, line 210]
Event: 3.641 Thread 0x00007f6784002000 Exception <a 'java/lang/ClassNotFoundException': org/springframework/web/servlet/config/annotation/WebMvcConfigurationSupportCustomizer> (0x00000000df8b7408) thrown at [/HUDSON3/workspace/8-2-build-linux-amd64/jdk8u144/9417/hotspot/src/share/vm/classfile/
Event: 3.641 Thread 0x00007f6784002000 Exception <a 'java/lang/ClassNotFoundException': org/springframework/web/servlet/config/annotation/DelegatingWebMvcConfigurationCustomizer> (0x00000000df8dee88) thrown at [/HUDSON3/workspace/8-2-build-linux-amd64/jdk8u144/9417/hotspot/src/share/vm/classfi
Event: 3.641 Thread 0x00007f6784002000 Exception <a 'java/lang/ArrayIndexOutOfBoundsException'> (0x00000000df8e1560) thrown at [/HUDSON3/workspace/8-2-build-linux-amd64/jdk8u144/9417/hotspot/src/share/vm/runtime/sharedRuntime.cpp, line 605]
Event: 3.642 Thread 0x00007f6784002000 Exception <a 'java/lang/ClassNotFoundException': org/springframework/boot/autoconfigure/web/WebMvcAutoConfiguration$EnableWebMvcConfigurationCustomizer> (0x00000000df8fefb8) thrown at [/HUDSON3/workspace/8-2-build-linux-amd64/jdk8u144/9417/hotspot/src/sha

Events (10 events):
Event: 3.641 loading class org/springframework/web/servlet/config/annotation/DelegatingWebMvcConfigurationCustomizer done
Event: 3.641 loading class org/springframework/web/servlet/config/annotation/DelegatingWebMvcConfigurationCustomizer
Event: 3.641 loading class org/springframework/web/servlet/config/annotation/DelegatingWebMvcConfigurationCustomizer done
Event: 3.642 loading class org/springframework/boot/autoconfigure/web/WebMvcAutoConfiguration$EnableWebMvcConfigurationCustomizer
Event: 3.642 loading class org/springframework/boot/autoconfigure/web/WebMvcAutoConfiguration$EnableWebMvcConfigurationCustomizer done
Event: 3.642 loading class org/springframework/boot/autoconfigure/web/WebMvcAutoConfiguration$EnableWebMvcConfigurationCustomizer
Event: 3.642 loading class org/springframework/boot/autoconfigure/web/WebMvcAutoConfiguration$EnableWebMvcConfigurationCustomizer done
Event: 3.642 loading class org/springframework/boot/autoconfigure/web/WebMvcAutoConfiguration$EnableWebMvcConfigurationCustomizer
Event: 3.642 loading class org/springframework/boot/autoconfigure/web/WebMvcAutoConfiguration$EnableWebMvcConfigurationCustomizer done
Event: 3.642 Executing VM operation: ParallelGCFailedAllocation


Dynamic libraries:
00400000-00401000 r-xp 00000000 08:03 277590                             /usr/lib/jvm/java-8-oracle/bin/java
00600000-00601000 rw-p 00000000 08:03 277590                             /usr/lib/jvm/java-8-oracle/bin/java
01707000-01728000 rw-p 00000000 00:00 0                                  [heap]
87c00000-8b700000 rw-p 00000000 00:00 0 
8b700000-d7f00000 ---p 00000000 00:00 0 
d7f00000-e0300000 rw-p 00000000 00:00 0 
e6600000-100000000 ---p 00000000 00:00 0 
100000000-100380000 rw-p 00000000 00:00 0 
100380000-140000000 ---p 00000000 00:00 0 
7f675c000000-7f675c021000 rw-p 00000000 00:00 0 
7f675c021000-7f6760000000 ---p 00000000 00:00 0 
7f6764000000-7f67642b3000 rw-p 00000000 00:00 0 
7f67642b3000-7f6768000000 ---p 00000000 00:00 0 
7f6768000000-7f6768021000 rw-p 00000000 00:00 0 
7f6768021000-7f676c000000 ---p 00000000 00:00 0 
7f676c000000-7f676c021000 rw-p 00000000 00:00 0 
7f676c021000-7f6770000000 ---p 00000000 00:00 0 
7f6772dfc000-7f6772dff000 ---p 00000000 00:00 0 
7f6772dff000-7f6772efd000 rw-p 00000000 00:00 0 
7f6772efd000-7f6772f00000 ---p 00000000 00:00 0 
7f6772f00000-7f6772ffe000 rw-p 00000000 00:00 0 
7f6772ffe000-7f6773001000 ---p 00000000 00:00 0 
7f6773001000-7f67732bf000 rw-p 00000000 00:00 0 
7f67732bf000-7f67732ff000 ---p 00000000 00:00 0 
7f67732ff000-7f67734ff000 rw-p 00000000 00:00 0 
7f67734ff000-7f67736ff000 rw-p 00000000 00:00 0 
7f67736ff000-7f67738ff000 rw-p 00000000 00:00 0 
7f67738ff000-7f6773902000 ---p 00000000 00:00 0 
7f6773902000-7f6773c00000 rw-p 00000000 00:00 0 
7f6773c00000-7f6773e00000 rw-p 00000000 00:00 0 
7f6773e00000-7f6774000000 rw-p 00000000 00:00 0 
7f6774000000-7f6774021000 rw-p 00000000 00:00 0 
7f6774021000-7f6778000000 ---p 00000000 00:00 0 
7f6778000000-7f67781ce000 rw-p 00000000 00:00 0 
7f67781ce000-7f677c000000 ---p 00000000 00:00 0 
7f677c000000-7f677c021000 rw-p 00000000 00:00 0 
7f677c021000-7f6780000000 ---p 00000000 00:00 0 
7f6780000000-7f6780021000 rw-p 00000000 00:00 0 
7f6780021000-7f6784000000 ---p 00000000 00:00 0 
7f6784000000-7f6784021000 rw-p 00000000 00:00 0 
7f6784021000-7f6788000000 ---p 00000000 00:00 0 
7f6788000000-7f6788614000 rw-p 00000000 00:00 0 
7f6788614000-7f678c000000 ---p 00000000 00:00 0 
7f678c000000-7f678c021000 rw-p 00000000 00:00 0 
7f678c021000-7f6790000000 ---p 00000000 00:00 0 
7f6790000000-7f6790021000 rw-p 00000000 00:00 0 
7f6790021000-7f6794000000 ---p 00000000 00:00 0 
7f6794000000-7f6794021000 rw-p 00000000 00:00 0 
7f6794021000-7f6798000000 ---p 00000000 00:00 0 
7f6798000000-7f6798021000 rw-p 00000000 00:00 0 
7f6798021000-7f679c000000 ---p 00000000 00:00 0 
7f679c000000-7f679c713000 rw-p 00000000 00:00 0 
7f679c713000-7f67a0000000 ---p 00000000 00:00 0 
7f67a0000000-7f67a0021000 rw-p 00000000 00:00 0 
7f67a0021000-7f67a4000000 ---p 00000000 00:00 0 
7f67a4000000-7f67a404e000 rw-p 00000000 00:00 0 
7f67a404e000-7f67a8000000 ---p 00000000 00:00 0 
7f67a8000000-7f67a8021000 rw-p 00000000 00:00 0 
7f67a8021000-7f67ac000000 ---p 00000000 00:00 0 
7f67ac000000-7f67ac021000 rw-p 00000000 00:00 0 
7f67ac021000-7f67b0000000 ---p 00000000 00:00 0 
7f67b0000000-7f67b0021000 rw-p 00000000 00:00 0 
7f67b0021000-7f67b4000000 ---p 00000000 00:00 0 
7f67b4000000-7f67b4021000 rw-p 00000000 00:00 0 
7f67b4021000-7f67b8000000 ---p 00000000 00:00 0 
7f67b8000000-7f67b8021000 rw-p 00000000 00:00 0 
7f67b8021000-7f67bc000000 ---p 00000000 00:00 0 
7f67bc000000-7f67bc021000 rw-p 00000000 00:00 0 
7f67bc021000-7f67c0000000 ---p 00000000 00:00 0 
7f67c0000000-7f67c028f000 rw-p 00000000 00:00 0 
7f67c028f000-7f67c4000000 ---p 00000000 00:00 0 
7f67c4000000-7f67c4021000 rw-p 00000000 00:00 0 
7f67c4021000-7f67c8000000 ---p 00000000 00:00 0 
7f67c8000000-7f67c8021000 rw-p 00000000 00:00 0 
7f67c8021000-7f67cc000000 ---p 00000000 00:00 0 
7f67cc000000-7f67cc021000 rw-p 00000000 00:00 0 
7f67cc021000-7f67d0000000 ---p 00000000 00:00 0 
7f67d0053000-7f67d0056000 ---p 00000000 00:00 0 
7f67d0056000-7f67d0154000 rw-p 00000000 00:00 0 
7f67d0154000-7f67d0157000 ---p 00000000 00:00 0 
7f67d0157000-7f67d0255000 rw-p 00000000 00:00 0 
7f67d0255000-7f67d0258000 ---p 00000000 00:00 0 
7f67d0258000-7f67d0356000 rw-p 00000000 00:00 0 
7f67d0356000-7f67d0359000 ---p 00000000 00:00 0 
7f67d0359000-7f67d0457000 rw-p 00000000 00:00 0 
7f67d0457000-7f67d045a000 ---p 00000000 00:00 0 
7f67d045a000-7f67d0558000 rw-p 00000000 00:00 0 
7f67d0558000-7f67d055b000 ---p 00000000 00:00 0 
7f67d055b000-7f67d0659000 rw-p 00000000 00:00 0 
7f67d067c000-7f67d067f000 r--s 0001a000 08:03 288811                     /usr/lib/jvm/java-8-oracle/jre/lib/jce.jar
7f67d067f000-7f67d0714000 r--s 01110000 08:03 288827                     /usr/lib/jvm/java-8-oracle/jre/lib/ext/jfxrt.jar
7f67d0714000-7f67d0719000 r--s 002f9000 08:03 285793                     /usr/lib/jvm/java-8-oracle/jre/lib/charsets.jar
7f67d0719000-7f67d0735000 r--s 00393000 08:03 288834                     /usr/lib/jvm/java-8-oracle/jre/lib/ext/cldrdata.jar
7f67d0735000-7f67d073f000 r--s 00116000 08:03 288831                     /usr/lib/jvm/java-8-oracle/jre/lib/ext/localedata.jar
7f67d073f000-7f67d093f000 rw-p 00000000 00:00 0 
7f67d093f000-7f67d0940000 ---p 00000000 00:00 0 
7f67d0940000-7f67d0a40000 rw-p 00000000 00:00 0 
7f67d0a40000-7f67d0a43000 ---p 00000000 00:00 0 
7f67d0a43000-7f67d0b41000 rw-p 00000000 00:00 0 
7f67d0b41000-7f67d0b44000 ---p 00000000 00:00 0 
7f67d0b44000-7f67d0c42000 rw-p 00000000 00:00 0 
7f67d0c42000-7f67d0c45000 ---p 00000000 00:00 0 
7f67d0c45000-7f67d0d43000 rw-p 00000000 00:00 0 
7f67d0d43000-7f67d0d48000 r--s 0009a000 08:03 285792                     /usr/lib/jvm/java-8-oracle/jre/lib/jsse.jar
7f67d0d48000-7f67d0d59000 r-xp 00000000 08:03 288752                     /usr/lib/jvm/java-8-oracle/jre/lib/amd64/libnio.so
7f67d0d59000-7f67d0f58000 ---p 00011000 08:03 288752                     /usr/lib/jvm/java-8-oracle/jre/lib/amd64/libnio.so
7f67d0f58000-7f67d0f59000 rw-p 00010000 08:03 288752                     /usr/lib/jvm/java-8-oracle/jre/lib/amd64/libnio.so
7f67d0f59000-7f67d0f62000 r-xp 00000000 08:03 288763                     /usr/lib/jvm/java-8-oracle/jre/lib/amd64/libmanagement.so
7f67d0f62000-7f67d1161000 ---p 00009000 08:03 288763                     /usr/lib/jvm/java-8-oracle/jre/lib/amd64/libmanagement.so
7f67d1161000-7f67d1162000 rw-p 00008000 08:03 288763                     /usr/lib/jvm/java-8-oracle/jre/lib/amd64/libmanagement.so
7f67d1162000-7f67d1165000 ---p 00000000 00:00 0 
7f67d1165000-7f67d1564000 rw-p 00000000 00:00 0 
7f67d1564000-7f67d157a000 r-xp 00000000 08:03 287908                     /usr/lib/jvm/java-8-oracle/jre/lib/amd64/libnet.so
7f67d157a000-7f67d177a000 ---p 00016000 08:03 287908                     /usr/lib/jvm/java-8-oracle/jre/lib/amd64/libnet.so
7f67d177a000-7f67d177b000 rw-p 00016000 08:03 287908                     /usr/lib/jvm/java-8-oracle/jre/lib/amd64/libnet.so
7f67d177b000-7f67d177e000 ---p 00000000 00:00 0 
7f67d177e000-7f67d187c000 rw-p 00000000 00:00 0 
7f67d187c000-7f67d187f000 ---p 00000000 00:00 0 
7f67d187f000-7f67d197d000 rw-p 00000000 00:00 0 
7f67d197d000-7f67d1980000 ---p 00000000 00:00 0 
7f67d1980000-7f67d1a7e000 rw-p 00000000 00:00 0 
7f67d1a7e000-7f67d1a81000 ---p 00000000 00:00 0 
7f67d1a81000-7f67d1b7f000 rw-p 00000000 00:00 0 
7f67d1b7f000-7f67d1b81000 r--s 0001a000 08:04 531550                     /home/toby/Downloads/idea-IU-172.3968.16/lib/idea_rt.jar
7f67d1b81000-7f67d1b83000 r--s 0000e000 08:03 19386                      /root/.m2/repository/org/json/json/20171018/json-20171018.jar
7f67d1b83000-7f67d1b85000 r--s 0008f000 08:03 435559                     /root/.m2/repository/org/webjars/bootstrap/3.3.7/bootstrap-3.3.7.jar
7f67d1b85000-7f67d1b86000 r--s 00027000 08:03 435557                     /root/.m2/repository/org/webjars/jquery/2.2.4/jquery-2.2.4.jar
7f67d1b86000-7f67d1ba5000 r--s 000df000 08:03 1114844                    /root/.m2/repository/org/springframework/boot/spring-boot-autoconfigure/1.5.1.RELEASE/spring-boot-autoconfigure-1.5.1.RELEASE.jar
7f67d1ba5000-7f67d1bbe000 r--s 000fd000 08:03 1114861                    /root/.m2/repository/org/springframework/spring-context/4.3.6.RELEASE/spring-context-4.3.6.RELEASE.jar
7f67d1bbe000-7f67d1bce000 r--s 00092000 08:03 1114855                    /root/.m2/repository/org/springframework/boot/spring-boot/1.5.1.RELEASE/spring-boot-1.5.1.RELEASE.jar
7f67d1bce000-7f67d1bd5000 r--s 0002e000 08:03 435555                     /root/.m2/repository/org/springframework/boot/spring-boot-devtools/1.5.1.RELEASE/spring-boot-devtools-1.5.1.RELEASE.jar
7f67d1bd5000-7f67d1c22000 r--s 0040b000 08:03 435549                     /root/.m2/repository/org/codehaus/groovy/groovy/2.4.7/groovy-2.4.7.jar
7f67d1c22000-7f67d1c25000 r--s 0001a000 08:03 277251                     /root/.m2/repository/nz/net/ultraq/thymeleaf/thymeleaf-layout-dialect/1.4.0/thymeleaf-layout-dialect-1.4.0.jar
7f67d1c25000-7f67d1c27000 r--s 00009000 08:03 168677                     /root/.m2/repository/org/slf4j/slf4j-api/1.7.22/slf4j-api-1.7.22.jar
7f67d1c27000-7f67d1c2a000 r--s 00020000 08:03 168682                     /root/.m2/repository/org/unbescape/unbescape/1.1.0.RELEASE/unbescape-1.1.0.RELEASE.jar
7f67d1c2a000-7f67d1c34000 r--s 000aa000 08:03 26620                      /root/.m2/repository/org/javassist/javassist/3.21.0-GA/javassist-3.21.0-GA.jar
7f67d1c34000-7f67d1c37000 r--s 00035000 08:03 1114856                    /root/.m2/repository/ognl/ognl/3.0.8/ognl-3.0.8.jar
7f67d1c37000-7f67d1c44000 r--s 000b7000 08:03 971373                     /root/.m2/repository/org/thymeleaf/thymeleaf/2.1.5.RELEASE/thymeleaf-2.1.5.RELEASE.jar
7f67d1c44000-7f67d1c47000 r--s 00034000 08:03 687379                     /root/.m2/repository/org/thymeleaf/thymeleaf-spring4/2.1.5.RELEASE/thymeleaf-spring4-2.1.5.RELEASE.jar
7f67d1c47000-7f67d1c4c000 r--s 0003c000 08:03 1114854                    /root/.m2/repository/org/springframework/spring-expression/4.3.6.RELEASE/spring-expression-4.3.6.RELEASE.jar
7f67d1c4c000-7f67d1c5d000 r--s 000cf000 08:03 435551                     /root/.m2/repository/org/springframework/spring-webmvc/4.3.6.RELEASE/spring-webmvc-4.3.6.RELEASE.jar
7f67d1c5d000-7f67d1c6b000 r--s 000ad000 08:03 1114850                    /root/.m2/repository/org/springframework/spring-beans/4.3.6.RELEASE/spring-beans-4.3.6.RELEASE.jar
7f67d1c6b000-7f67d1c74000 r--s 00054000 08:03 1114867                    /root/.m2/repository/org/springframework/spring-aop/4.3.6.RELEASE/spring-aop-4.3.6.RELEASE.jar
7f67d1c74000-7f67d1c86000 r--s 000b6000 08:03 435553                     /root/.m2/repository/org/springframework/spring-web/4.3.6.RELEASE/spring-web-4.3.6.RELEASE.jar
7f67d1c86000-7f67d1c8a000 r--s 00041000 08:03 681925                     /root/.m2/repository/com/fasterxml/jackson/core/jackson-core/2.8.6/jackson-core-2.8.6.jar
7f67d1c8a000-7f67d1c8d000 r--s 0000b000 08:03 431398                     /root/.m2/repository/com/fasterxml/jackson/core/jackson-annotations/2.8.0/jackson-annotations-2.8.0.jar
7f67d1c8d000-7f67d1c9e000 r--s 0011d000 08:03 435547                     /root/.m2/repository/com/fasterxml/jackson/core/jackson-databind/2.8.6/jackson-databind-2.8.6.jar
7f67d1c9e000-7f67d1ca0000 r--s 0000e000 08:03 277249                     /root/.m2/repository/com/fasterxml/classmate/1.3.3/classmate-1.3.3.jar
7f67d1ca0000-7f67d1ca2000 r--s 0000f000 08:03 277247                     /root/.m2/repository/org/jboss/logging/jboss-logging/3.3.0.Final/jboss-logging-3.3.0.Final.jar
7f67d1ca2000-7f67d1ca6000 r--s 0000c000 08:03 276922                     /root/.m2/repository/javax/validation/validation-api/1.1.0.Final/validation-api-1.1.0.Final.jar
7f67d1ca6000-7f67d1cb7000 r--s 000a1000 08:03 168680                     /root/.m2/repository/org/hibernate/hibernate-validator/5.3.4.Final/hibernate-validator-5.3.4.Final.jar
7f67d1cb7000-7f67d1cbc000 r--s 00036000 08:03 277245                     /root/.m2/repository/org/apache/tomcat/embed/tomcat-embed-websocket/8.5.11/tomcat-embed-websocket-8.5.11.jar
7f67d1cbc000-7f67d1cc1000 r--s 00036000 08:03 168676                     /root/.m2/repository/org/apache/tomcat/embed/tomcat-embed-el/8.5.11/tomcat-embed-el-8.5.11.jar
7f67d1cc1000-7f67d1cea000 r--s 002b8000 08:03 687377                     /root/.m2/repository/org/apache/tomcat/embed/tomcat-embed-core/8.5.11/tomcat-embed-core-8.5.11.jar
7f67d1cea000-7f67d1ceb000 r--s 00000000 08:03 168663                     /root/.m2/repository/org/springframework/boot/spring-boot-starter-tomcat/1.5.1.RELEASE/spring-boot-starter-tomcat-1.5.1.RELEASE.jar
7f67d1ceb000-7f67d1cf1000 r--s 0003d000 08:03 546204                     /root/.m2/repository/org/yaml/snakeyaml/1.17/snakeyaml-1.17.jar
7f67d1cf1000-7f67d1d07000 r--s 000fb000 08:03 1114853                    /root/.m2/repository/org/springframework/spring-core/4.3.6.RELEASE/spring-core-4.3.6.RELEASE.jar
7f67d1d07000-7f67d1d09000 r--s 00004000 08:03 168674                     /root/.m2/repository/org/slf4j/log4j-over-slf4j/1.7.22/log4j-over-slf4j-1.7.22.jar
7f67d1d09000-7f67d1d0b000 r--s 00000000 08:03 168666                     /root/.m2/repository/org/slf4j/jul-to-slf4j/1.7.22/jul-to-slf4j-1.7.22.jar
7f67d1d0b000-7f67d1d0d000 r--s 00003000 08:03 168668                     /root/.m2/repository/org/slf4j/jcl-over-slf4j/1.7.22/jcl-over-slf4j-1.7.22.jar
7f67d1d0d000-7f67d1d18000 r--s 00069000 08:03 168662                     /root/.m2/repository/ch/qos/logback/logback-core/1.1.9/logback-core-1.1.9.jar
7f67d1d18000-7f67d1d1b000 ---p 00000000 00:00 0 
7f67d1d1b000-7f67d1e19000 rw-p 00000000 00:00 0 
7f67d1e19000-7f67d20f1000 r--p 00000000 08:03 262964                     /usr/lib/locale/locale-archive
7f67d20f1000-7f67d20f4000 ---p 00000000 00:00 0 
7f67d20f4000-7f67d21f2000 rw-p 00000000 00:00 0 
7f67d21f2000-7f67d21f5000 ---p 00000000 00:00 0 
7f67d21f5000-7f67d22f3000 rw-p 00000000 00:00 0 
7f67d22f3000-7f67d22f4000 ---p 00000000 00:00 0 
7f67d22f4000-7f67d3303000 rw-p 00000000 00:00 0 
7f67d3303000-7f67d34dd000 r--s 03d4d000 08:03 285841                     /usr/lib/jvm/java-8-oracle/jre/lib/rt.jar
7f67d34dd000-7f67d7cbf000 rw-p 00000000 00:00 0 
7f67d7cbf000-7f67d7cc0000 ---p 00000000 00:00 0 
7f67d7cc0000-7f67d7dc0000 rw-p 00000000 00:00 0 
7f67d7dc0000-7f67d7dc1000 ---p 00000000 00:00 0 
7f67d7dc1000-7f67d7ec1000 rw-p 00000000 00:00 0 
7f67d7ec1000-7f67d7ec2000 ---p 00000000 00:00 0 
7f67d7ec2000-7f67d7fe0000 rw-p 00000000 00:00 0 
7f67d7fe0000-7f67d8244000 ---p 00000000 00:00 0 
7f67d8244000-7f67d8262000 rw-p 00000000 00:00 0 
7f67d8262000-7f67d84c5000 ---p 00000000 00:00 0 
7f67d84c5000-7f67d8508000 rw-p 00000000 00:00 0 
7f67d8508000-7f67d8606000 ---p 00000000 00:00 0 
7f67d8606000-7f67d861e000 rw-p 00000000 00:00 0 
7f67d861e000-7f67d89c7000 ---p 00000000 00:00 0 
7f67d89c7000-7f67d8f87000 rwxp 00000000 00:00 0 
7f67d8f87000-7f67e79c7000 ---p 00000000 00:00 0 
7f67e79c7000-7f67e79e1000 r-xp 00000000 08:03 288750                     /usr/lib/jvm/java-8-oracle/jre/lib/amd64/libzip.so
7f67e79e1000-7f67e7be1000 ---p 0001a000 08:03 288750                     /usr/lib/jvm/java-8-oracle/jre/lib/amd64/libzip.so
7f67e7be1000-7f67e7be2000 rw-p 0001a000 08:03 288750                     /usr/lib/jvm/java-8-oracle/jre/lib/amd64/libzip.so
7f67e7be2000-7f67e7bed000 r-xp 00000000 08:03 662280                     /lib/x86_64-linux-gnu/libnss_files-2.23.so
7f67e7bed000-7f67e7dec000 ---p 0000b000 08:03 662280                     /lib/x86_64-linux-gnu/libnss_files-2.23.so
7f67e7dec000-7f67e7ded000 r--p 0000a000 08:03 662280                     /lib/x86_64-linux-gnu/libnss_files-2.23.so
7f67e7ded000-7f67e7dee000 rw-p 0000b000 08:03 662280                     /lib/x86_64-linux-gnu/libnss_files-2.23.so
7f67e7dee000-7f67e7df4000 rw-p 00000000 00:00 0 
7f67e7df4000-7f67e7dff000 r-xp 00000000 08:03 662991                     /lib/x86_64-linux-gnu/libnss_nis-2.23.so
7f67e7dff000-7f67e7ffe000 ---p 0000b000 08:03 662991                     /lib/x86_64-linux-gnu/libnss_nis-2.23.so
7f67e7ffe000-7f67e7fff000 r--p 0000a000 08:03 662991                     /lib/x86_64-linux-gnu/libnss_nis-2.23.so
7f67e7fff000-7f67e8000000 rw-p 0000b000 08:03 662991                     /lib/x86_64-linux-gnu/libnss_nis-2.23.so
7f67e8000000-7f67e8848000 rw-p 00000000 00:00 0 
7f67e8848000-7f67ec000000 ---p 00000000 00:00 0 
7f67ec000000-7f67ec001000 r--s 00000000 08:03 168671                     /root/.m2/repository/org/springframework/boot/spring-boot-starter-web/1.5.1.RELEASE/spring-boot-starter-web-1.5.1.RELEASE.jar
7f67ec001000-7f67ec007000 r--s 00045000 08:03 168664                     /root/.m2/repository/ch/qos/logback/logback-classic/1.1.9/logback-classic-1.1.9.jar
7f67ec007000-7f67ec008000 r--s 00000000 08:03 1114847                    /root/.m2/repository/org/springframework/boot/spring-boot-starter-logging/1.5.1.RELEASE/spring-boot-starter-logging-1.5.1.RELEASE.jar
7f67ec008000-7f67ec009000 r--s 00000000 08:03 1114851                    /root/.m2/repository/org/springframework/boot/spring-boot-starter/1.5.1.RELEASE/spring-boot-starter-1.5.1.RELEASE.jar
7f67ec009000-7f67ec00a000 r--s 00000000 08:03 687375                     /root/.m2/repository/org/springframework/boot/spring-boot-starter-thymeleaf/1.5.1.RELEASE/spring-boot-starter-thymeleaf-1.5.1.RELEASE.jar
7f67ec00a000-7f67ec01d000 r--s 00345000 08:03 288807                     /usr/lib/jvm/java-8-oracle/jre/lib/resources.jar
7f67ec01d000-7f67ec030000 r--s 000d6000 08:03 288806                     /usr/lib/jvm/java-8-oracle/jre/lib/plugin.jar
7f67ec030000-7f67ec031000 r--s 00000000 08:03 288793                     /usr/lib/jvm/java-8-oracle/jre/lib/management-agent.jar
7f67ec031000-7f67ec04c000 r--s 0020b000 08:03 288802                     /usr/lib/jvm/java-8-oracle/jre/lib/deploy.jar
7f67ec04c000-7f67ec0c2000 rw-p 00000000 00:00 0 
7f67ec0c2000-7f67ec0c3000 ---p 00000000 00:00 0 
7f67ec0c3000-7f67ec1c3000 rw-p 00000000 00:00 0 
7f67ec1c3000-7f67ec1d9000 r-xp 00000000 08:03 658192                     /lib/x86_64-linux-gnu/libnsl-2.23.so
7f67ec1d9000-7f67ec3d8000 ---p 00016000 08:03 658192                     /lib/x86_64-linux-gnu/libnsl-2.23.so
7f67ec3d8000-7f67ec3d9000 r--p 00015000 08:03 658192                     /lib/x86_64-linux-gnu/libnsl-2.23.so
7f67ec3d9000-7f67ec3da000 rw-p 00016000 08:03 658192                     /lib/x86_64-linux-gnu/libnsl-2.23.so
7f67ec3da000-7f67ec3dc000 rw-p 00000000 00:00 0 
7f67ec3dc000-7f67ec3e4000 r-xp 00000000 08:03 676015                     /lib/x86_64-linux-gnu/libnss_compat-2.23.so
7f67ec3e4000-7f67ec5e3000 ---p 00008000 08:03 676015                     /lib/x86_64-linux-gnu/libnss_compat-2.23.so
7f67ec5e3000-7f67ec5e4000 r--p 00007000 08:03 676015                     /lib/x86_64-linux-gnu/libnss_compat-2.23.so
7f67ec5e4000-7f67ec5e5000 rw-p 00008000 08:03 676015                     /lib/x86_64-linux-gnu/libnss_compat-2.23.so
7f67ec5e5000-7f67ec5ef000 r-xp 00000000 08:03 288788                     /usr/lib/jvm/java-8-oracle/jre/lib/amd64/libinstrument.so
7f67ec5ef000-7f67ec7ee000 ---p 0000a000 08:03 288788                     /usr/lib/jvm/java-8-oracle/jre/lib/amd64/libinstrument.so
7f67ec7ee000-7f67ec7ef000 rw-p 00009000 08:03 288788                     /usr/lib/jvm/java-8-oracle/jre/lib/amd64/libinstrument.so
7f67ec7ef000-7f67ec81a000 r-xp 00000000 08:03 288777                     /usr/lib/jvm/java-8-oracle/jre/lib/amd64/libjava.so
7f67ec81a000-7f67eca19000 ---p 0002b000 08:03 288777                     /usr/lib/jvm/java-8-oracle/jre/lib/amd64/libjava.so
7f67eca19000-7f67eca1b000 rw-p 0002a000 08:03 288777                     /usr/lib/jvm/java-8-oracle/jre/lib/amd64/libjava.so
7f67eca1b000-7f67eca28000 r-xp 00000000 08:03 287919                     /usr/lib/jvm/java-8-oracle/jre/lib/amd64/libverify.so
7f67eca28000-7f67ecc28000 ---p 0000d000 08:03 287919                     /usr/lib/jvm/java-8-oracle/jre/lib/amd64/libverify.so
7f67ecc28000-7f67ecc2a000 rw-p 0000d000 08:03 287919                     /usr/lib/jvm/java-8-oracle/jre/lib/amd64/libverify.so
7f67ecc2a000-7f67ecc31000 r-xp 00000000 08:03 662994                     /lib/x86_64-linux-gnu/librt-2.23.so
7f67ecc31000-7f67ece30000 ---p 00007000 08:03 662994                     /lib/x86_64-linux-gnu/librt-2.23.so
7f67ece30000-7f67ece31000 r--p 00006000 08:03 662994                     /lib/x86_64-linux-gnu/librt-2.23.so
7f67ece31000-7f67ece32000 rw-p 00007000 08:03 662994                     /lib/x86_64-linux-gnu/librt-2.23.so
7f67ece32000-7f67ecf3a000 r-xp 00000000 08:03 676020                     /lib/x86_64-linux-gnu/libm-2.23.so
7f67ecf3a000-7f67ed139000 ---p 00108000 08:03 676020                     /lib/x86_64-linux-gnu/libm-2.23.so
7f67ed139000-7f67ed13a000 r--p 00107000 08:03 676020                     /lib/x86_64-linux-gnu/libm-2.23.so
7f67ed13a000-7f67ed13b000 rw-p 00108000 08:03 676020                     /lib/x86_64-linux-gnu/libm-2.23.so
7f67ed13b000-7f67ede0e000 r-xp 00000000 08:03 288781                     /usr/lib/jvm/java-8-oracle/jre/lib/amd64/server/libjvm.so
7f67ede0e000-7f67ee00d000 ---p 00cd3000 08:03 288781                     /usr/lib/jvm/java-8-oracle/jre/lib/amd64/server/libjvm.so
7f67ee00d000-7f67ee0e7000 rw-p 00cd2000 08:03 288781                     /usr/lib/jvm/java-8-oracle/jre/lib/amd64/server/libjvm.so
7f67ee0e7000-7f67ee132000 rw-p 00000000 00:00 0 
7f67ee132000-7f67ee2f2000 r-xp 00000000 08:03 676025                     /lib/x86_64-linux-gnu/libc-2.23.so
7f67ee2f2000-7f67ee4f2000 ---p 001c0000 08:03 676025                     /lib/x86_64-linux-gnu/libc-2.23.so
7f67ee4f2000-7f67ee4f6000 r--p 001c0000 08:03 676025                     /lib/x86_64-linux-gnu/libc-2.23.so
7f67ee4f6000-7f67ee4f8000 rw-p 001c4000 08:03 676025                     /lib/x86_64-linux-gnu/libc-2.23.so
7f67ee4f8000-7f67ee4fc000 rw-p 00000000 00:00 0 
7f67ee4fc000-7f67ee4ff000 r-xp 00000000 08:03 666853                     /lib/x86_64-linux-gnu/libdl-2.23.so
7f67ee4ff000-7f67ee6fe000 ---p 00003000 08:03 666853                     /lib/x86_64-linux-gnu/libdl-2.23.so
7f67ee6fe000-7f67ee6ff000 r--p 00002000 08:03 666853                     /lib/x86_64-linux-gnu/libdl-2.23.so
7f67ee6ff000-7f67ee700000 rw-p 00003000 08:03 666853                     /lib/x86_64-linux-gnu/libdl-2.23.so
7f67ee700000-7f67ee715000 r-xp 00000000 08:03 273591                     /usr/lib/jvm/java-8-oracle/lib/amd64/jli/libjli.so
7f67ee715000-7f67ee915000 ---p 00015000 08:03 273591                     /usr/lib/jvm/java-8-oracle/lib/amd64/jli/libjli.so
7f67ee915000-7f67ee916000 rw-p 00015000 08:03 273591                     /usr/lib/jvm/java-8-oracle/lib/amd64/jli/libjli.so
7f67ee916000-7f67ee92e000 r-xp 00000000 08:03 662309                     /lib/x86_64-linux-gnu/libpthread-2.23.so
7f67ee92e000-7f67eeb2d000 ---p 00018000 08:03 662309                     /lib/x86_64-linux-gnu/libpthread-2.23.so
7f67eeb2d000-7f67eeb2e000 r--p 00017000 08:03 662309                     /lib/x86_64-linux-gnu/libpthread-2.23.so
7f67eeb2e000-7f67eeb2f000 rw-p 00018000 08:03 662309                     /lib/x86_64-linux-gnu/libpthread-2.23.so
7f67eeb2f000-7f67eeb33000 rw-p 00000000 00:00 0 
7f67eeb33000-7f67eeb59000 r-xp 00000000 08:03 662227                     /lib/x86_64-linux-gnu/ld-2.23.so
7f67eeb59000-7f67eeb5e000 r--s 0009a000 08:03 285792                     /usr/lib/jvm/java-8-oracle/jre/lib/jsse.jar
7f67eeb5e000-7f67eeb60000 r--s 00007000 08:03 288792                     /usr/lib/jvm/java-8-oracle/jre/lib/jfxswt.jar
7f67eeb60000-7f67eeb65000 r--s 00084000 08:03 288799                     /usr/lib/jvm/java-8-oracle/jre/lib/jfr.jar
7f67eeb65000-7f67eeb68000 r--s 0001a000 08:03 288811                     /usr/lib/jvm/java-8-oracle/jre/lib/jce.jar
7f67eeb68000-7f67eec38000 rw-p 00000000 00:00 0 
7f67eec38000-7f67eec3b000 ---p 00000000 00:00 0 
7f67eec3b000-7f67eed3d000 rw-p 00000000 00:00 0 
7f67eed3d000-7f67eed47000 r--s 0006c000 08:03 288801                     /usr/lib/jvm/java-8-oracle/jre/lib/javaws.jar
7f67eed47000-7f67eed4c000 r--s 002f9000 08:03 285793                     /usr/lib/jvm/java-8-oracle/jre/lib/charsets.jar
7f67eed4c000-7f67eed54000 rw-s 00000000 08:03 1115121                    /tmp/hsperfdata_root/14169
7f67eed54000-7f67eed55000 rw-p 00000000 00:00 0 
7f67eed55000-7f67eed56000 ---p 00000000 00:00 0 
7f67eed56000-7f67eed58000 rw-p 00000000 00:00 0 
7f67eed58000-7f67eed59000 r--p 00025000 08:03 662227                     /lib/x86_64-linux-gnu/ld-2.23.so
7f67eed59000-7f67eed5a000 rw-p 00026000 08:03 662227                     /lib/x86_64-linux-gnu/ld-2.23.so
7f67eed5a000-7f67eed5b000 rw-p 00000000 00:00 0 
7fff58c4b000-7fff58c6d000 rw-p 00000000 00:00 0                          [stack]
7fff58ca9000-7fff58cab000 r--p 00000000 00:00 0                          [vvar]
7fff58cab000-7fff58cad000 r-xp 00000000 00:00 0                          [vdso]
ffffffffff600000-ffffffffff601000 r-xp 00000000 00:00 0                  [vsyscall]

VM Arguments:
jvm_args: -XX:TieredStopAtLevel=1 -Xverify:none -Dspring.output.ansi.enabled=always -Dcom.sun.management.jmxremote -Dcom.sun.management.jmxremote.port=38610 -Dcom.sun.management.jmxremote.authenticate=false -Dcom.sun.management.jmxremote.ssl=false -Dspring.liveBeansView.mbeanDomain -Dspring.application.admin.enabled=true -javaagent:/home/toby/Downloads/idea-IU-172.3968.16/lib/idea_rt.jar=39727:/home/toby/Downloads/idea-IU-172.3968.16/bin -Dfile.encoding=UTF-8 
java_command: application.Application
java_class_path (initial): /usr/lib/jvm/java-8-oracle/jre/lib/charsets.jar:/usr/lib/jvm/java-8-oracle/jre/lib/deploy.jar:/usr/lib/jvm/java-8-oracle/jre/lib/ext/cldrdata.jar:/usr/lib/jvm/java-8-oracle/jre/lib/ext/dnsns.jar:/usr/lib/jvm/java-8-oracle/jre/lib/ext/jaccess.jar:/usr/lib/jvm/java-8-oracle/jre/lib/ext/jfxrt.jar:/usr/lib/jvm/java-8-oracle/jre/lib/ext/localedata.jar:/usr/lib/jvm/java-8-oracle/jre/lib/ext/nashorn.jar:/usr/lib/jvm/java-8-oracle/jre/lib/ext/sunec.jar:/usr/lib/jvm/java-8-oracle/jre/lib/ext/sunjce_provider.jar:/usr/lib/jvm/java-8-oracle/jre/lib/ext/sunpkcs11.jar:/usr/lib/jvm/java-8-oracle/jre/lib/ext/zipfs.jar:/usr/lib/jvm/java-8-oracle/jre/lib/javaws.jar:/usr/lib/jvm/java-8-oracle/jre/lib/jce.jar:/usr/lib/jvm/java-8-oracle/jre/lib/jfr.jar:/usr/lib/jvm/java-8-oracle/jre/lib/jfxswt.jar:/usr/lib/jvm/java-8-oracle/jre/lib/jsse.jar:/usr/lib/jvm/java-8-oracle/jre/lib/management-agent.jar:/usr/lib/jvm/java-8-oracle/jre/lib/plugin.jar:/usr/lib/jvm/java-8-oracle/jre/lib/resources.jar:/usr/lib/jvm/java-8-oracle/jre/lib/rt.jar:/home/toby/Downloads/FrontendApplication/target/classes:/root/.m2/repository/org/springframework/boot/spring-boot-starter-thymeleaf/1.5.1.RELEASE/spring-boot-starter-thymeleaf-1.5.1.RELEASE.jar:/root/.m2/repository/org/springframework/boot/spring-boot-starter/1.5.1.RELEASE/spring-boot-starter-1.5.1.RELEASE.jar:/root/.m2/repository/org/springframework/boot/spring-boot-starter-logging/1.5.1.RELEASE/spring-boot-starter-logging-1.5.1.RELEASE.jar:/root/.m2/repository/ch/qos/logback/logback-classic/1.1.9/logback-classic-1.1.9.jar:/root/.m2/repository/ch/qos/logback/logback-core/1.1.9/logback-core-1.1.9.jar:/root/.m2/repository/org/slf4j/jcl-over-slf4j/1.7.22/jcl-over-slf4j-1.7.22.jar:/root/.m2/repository/org/slf4j/jul-to-slf4j/1.7.22/jul-to-slf4j-1.7.22.jar:/root/.m2/repository/org/slf4j/log4j-over-slf4j/1.7.22/log4j-over-slf4j-1.7.22.jar:/root/.m2/repository/org/springframework/spring-core/4.3.6.RELEASE/spring-core-4.3.6.RELEASE.jar:/roo
Launcher Type: SUN_STANDARD

Environment Variables:
PATH=/usr/local/sbin:/usr/local/bin:/usr/sbin:/usr/bin:/sbin:/bin:/snap/bin
USERNAME=root
LD_LIBRARY_PATH=/home/toby/Downloads/idea-IU-172.3968.16/bin:
SHELL=/bin/bash
DISPLAY=:0

Signal Handlers:
SIGSEGV: [libjvm.so+0xacba10], sa_mask[0]=11111111011111111101111111111110, sa_flags=SA_RESTART|SA_SIGINFO
SIGBUS: [libjvm.so+0xacba10], sa_mask[0]=11111111011111111101111111111110, sa_flags=SA_RESTART|SA_SIGINFO
SIGFPE: [libjvm.so+0x924ba0], sa_mask[0]=11111111011111111101111111111110, sa_flags=SA_RESTART|SA_SIGINFO
SIGPIPE: [libjvm.so+0x924ba0], sa_mask[0]=11111111011111111101111111111110, sa_flags=SA_RESTART|SA_SIGINFO
SIGXFSZ: [libjvm.so+0x924ba0], sa_mask[0]=11111111011111111101111111111110, sa_flags=SA_RESTART|SA_SIGINFO
SIGILL: [libjvm.so+0x924ba0], sa_mask[0]=11111111011111111101111111111110, sa_flags=SA_RESTART|SA_SIGINFO
SIGUSR1: SIG_DFL, sa_mask[0]=00000000000000000000000000000000, sa_flags=none
SIGUSR2: [libjvm.so+0x9263e0], sa_mask[0]=00100000000000000000000000000000, sa_flags=SA_RESTART|SA_SIGINFO
SIGHUP: [libjvm.so+0x9277e0], sa_mask[0]=11111111011111111101111111111110, sa_flags=SA_RESTART|SA_SIGINFO
SIGINT: [libjvm.so+0x9277e0], sa_mask[0]=11111111011111111101111111111110, sa_flags=SA_RESTART|SA_SIGINFO
SIGTERM: [libjvm.so+0x9277e0], sa_mask[0]=11111111011111111101111111111110, sa_flags=SA_RESTART|SA_SIGINFO
SIGQUIT: [libjvm.so+0x9277e0], sa_mask[0]=11111111011111111101111111111110, sa_flags=SA_RESTART|SA_SIGINFO


---------------  S Y S T E M  ---------------

OS:DISTRIB_ID=Ubuntu
DISTRIB_RELEASE=16.04
DISTRIB_CODENAME=xenial
DISTRIB_DESCRIPTION="Ubuntu 16.04.1 LTS"

uname:Linux 4.4.0-97-generic #120-Ubuntu SMP Tue Sep 19 17:28:18 UTC 2017 x86_64
libc:glibc 2.23 NPTL 2.23 
rlimit: STACK 8192k, CORE 0k, NPROC 30608, NOFILE 65536, AS infinity
load average:1.80 1.39 0.93

/proc/meminfo:
MemTotal:        7875056 kB
MemFree:          140868 kB
MemAvailable:      47756 kB
Buffers:            1976 kB
Cached:           993988 kB
SwapCached:            0 kB
Active:          6537564 kB
Inactive:         935608 kB
Active(anon):    6520320 kB
Inactive(anon):   918132 kB
Active(file):      17244 kB
Inactive(file):    17476 kB
Unevictable:         232 kB
Mlocked:             232 kB
SwapTotal:             0 kB
SwapFree:              0 kB
Dirty:              2760 kB
Writeback:             4 kB
AnonPages:       6477920 kB
Mapped:           318676 kB
Shmem:            960648 kB
Slab:              97628 kB
SReclaimable:      48832 kB
SUnreclaim:        48796 kB
KernelStack:       17936 kB
PageTables:        73392 kB
NFS_Unstable:          0 kB
Bounce:                0 kB
WritebackTmp:          0 kB
CommitLimit:     3937528 kB
Committed_AS:   16281968 kB
VmallocTotal:   34359738367 kB
VmallocUsed:           0 kB
VmallocChunk:          0 kB
HardwareCorrupted:     0 kB
AnonHugePages:   2926592 kB
CmaTotal:              0 kB
CmaFree:               0 kB
HugePages_Total:       0
HugePages_Free:        0
HugePages_Rsvd:        0
HugePages_Surp:        0
Hugepagesize:       2048 kB
DirectMap4k:      210500 kB
DirectMap2M:     7874560 kB
DirectMap1G:     1048576 kB


CPU:total 4 (initial active 4) (2 cores per cpu, 2 threads per core) family 6 model 60 stepping 3, cmov, cx8, fxsr, mmx, sse, sse2, sse3, ssse3, sse4.1, sse4.2, popcnt, avx, avx2, aes, clmul, erms, lzcnt, ht, tsc, tscinvbit, bmi1, bmi2

/proc/cpuinfo:
processor	: 0
vendor_id	: GenuineIntel
cpu family	: 6
model		: 60
model name	: Intel(R) Core(TM) i5-4210M CPU @ 2.60GHz
stepping	: 3
microcode	: 0x17
cpu MHz		: 3094.710
cache size	: 3072 KB
physical id	: 0
siblings	: 4
core id		: 0
cpu cores	: 2
apicid		: 0
initial apicid	: 0
fpu		: yes
fpu_exception	: yes
cpuid level	: 13
wp		: yes
flags		: fpu vme de pse tsc msr pae mce cx8 apic sep mtrr pge mca cmov pat pse36 clflush dts acpi mmx fxsr sse sse2 ss ht tm pbe syscall nx pdpe1gb rdtscp lm constant_tsc arch_perfmon pebs bts rep_good nopl xtopology nonstop_tsc aperfmperf eagerfpu pni pclmulqdq dtes64 monitor ds_cpl vmx est tm2 ssse3 sdbg fma cx16 xtpr pdcm pcid sse4_1 sse4_2 movbe popcnt tsc_deadline_timer aes xsave avx f16c rdrand lahf_lm abm epb tpr_shadow vnmi flexpriority ept vpid fsgsbase tsc_adjust bmi1 avx2 smep bmi2 erms invpcid xsaveopt dtherm ida arat pln pts
bugs		:
bogomips	: 5187.78
clflush size	: 64
cache_alignment	: 64
address sizes	: 39 bits physical, 48 bits virtual
power management:

processor	: 1
vendor_id	: GenuineIntel
cpu family	: 6
model		: 60
model name	: Intel(R) Core(TM) i5-4210M CPU @ 2.60GHz
stepping	: 3
microcode	: 0x17
cpu MHz		: 3099.992
cache size	: 3072 KB
physical id	: 0
siblings	: 4
core id		: 0
cpu cores	: 2
apicid		: 1
initial apicid	: 1
fpu		: yes
fpu_exception	: yes
cpuid level	: 13
wp		: yes
flags		: fpu vme de pse tsc msr pae mce cx8 apic sep mtrr pge mca cmov pat pse36 clflush dts acpi mmx fxsr sse sse2 ss ht tm pbe syscall nx pdpe1gb rdtscp lm constant_tsc arch_perfmon pebs bts rep_good nopl xtopology nonstop_tsc aperfmperf eagerfpu pni pclmulqdq dtes64 monitor ds_cpl vmx est tm2 ssse3 sdbg fma cx16 xtpr pdcm pcid sse4_1 sse4_2 movbe popcnt tsc_deadline_timer aes xsave avx f16c rdrand lahf_lm abm epb tpr_shadow vnmi flexpriority ept vpid fsgsbase tsc_adjust bmi1 avx2 smep bmi2 erms invpcid xsaveopt dtherm ida arat pln pts
bugs		:
bogomips	: 5187.78
clflush size	: 64
cache_alignment	: 64
address sizes	: 39 bits physical, 48 bits virtual
power management:

processor	: 2
vendor_id	: GenuineIntel
cpu family	: 6
model		: 60
model name	: Intel(R) Core(TM) i5-4210M CPU @ 2.60GHz
stepping	: 3
microcode	: 0x17
cpu MHz		: 3108.828
cache size	: 3072 KB
physical id	: 0
siblings	: 4
core id		: 1
cpu cores	: 2
apicid		: 2
initial apicid	: 2
fpu		: yes
fpu_exception	: yes
cpuid level	: 13
wp		: yes
flags		: fpu vme de pse tsc msr pae mce cx8 apic sep mtrr pge mca cmov pat pse36 clflush dts acpi mmx fxsr sse sse2 ss ht tm pbe syscall nx pdpe1gb rdtscp lm constant_tsc arch_perfmon pebs bts rep_good nopl xtopology nonstop_tsc aperfmperf eagerfpu pni pclmulqdq dtes64 monitor ds_cpl vmx est tm2 ssse3 sdbg fma cx16 xtpr pdcm pcid sse4_1 sse4_2 movbe popcnt tsc_deadline_timer aes xsave avx f16c rdrand lahf_lm abm epb tpr_shadow vnmi flexpriority ept vpid fsgsbase tsc_adjust bmi1 avx2 smep bmi2 erms invpcid xsaveopt dtherm ida arat pln pts
bugs		:
bogomips	: 5187.78
clflush size	: 64
cache_alignment	: 64
address sizes	: 39 bits physical, 48 bits virtual
power management:

processor	: 3
vendor_id	: GenuineIntel
cpu family	: 6
model		: 60
model name	: Intel(R) Core(TM) i5-4210M CPU @ 2.60GHz
stepping	: 3
microcode	: 0x17
cpu MHz		: 3129.750
cache size	: 3072 KB
physical id	: 0
siblings	: 4
core id		: 1
cpu cores	: 2
apicid		: 3
initial apicid	: 3
fpu		: yes
fpu_exception	: yes
cpuid level	: 13
wp		: yes
flags		: fpu vme de pse tsc msr pae mce cx8 apic sep mtrr pge mca cmov pat pse36 clflush dts acpi mmx fxsr sse sse2 ss ht tm pbe syscall nx pdpe1gb rdtscp lm constant_tsc arch_perfmon pebs bts rep_good nopl xtopology nonstop_tsc aperfmperf eagerfpu pni pclmulqdq dtes64 monitor ds_cpl vmx est tm2 ssse3 sdbg fma cx16 xtpr pdcm pcid sse4_1 sse4_2 movbe popcnt tsc_deadline_timer aes xsave avx f16c rdrand lahf_lm abm epb tpr_shadow vnmi flexpriority ept vpid fsgsbase tsc_adjust bmi1 avx2 smep bmi2 erms invpcid xsaveopt dtherm ida arat pln pts
bugs		:
bogomips	: 5187.78
clflush size	: 64
cache_alignment	: 64
address sizes	: 39 bits physical, 48 bits virtual
power management:



Memory: 4k page, physical 7875056k(141556k free), swap 0k(0k free)

vm_info: Java HotSpot(TM) 64-Bit Server VM (25.144-b01) for linux-amd64 JRE (1.8.0_144-b01), built on Jul 21 2017 21:57:33 by "java_re" with gcc 4.3.0 20080428 (Red Hat 4.3.0-8)

time: Tue Oct 31 11:53:49 2017
elapsed time: 3 seconds (0d 0h 0m 3s)

