#
# There is insufficient memory for the Java Runtime Environment to continue.
# Native memory allocation (mmap) failed to map 99614720 bytes for committing reserved memory.
# Possible reasons:
#   The system is out of physical RAM or swap space
#   In 32 bit mode, the process size limit was hit
# Possible solutions:
#   Reduce memory load on the system
#   Increase physical memory or swap space
#   Check if swap backing store is full
#   Use 64 bit Java on a 64 bit OS
#   Decrease Java heap size (-Xmx/-Xms)
#   Decrease number of Java threads
#   Decrease Java thread stack sizes (-Xss)
#   Set larger code cache with -XX:ReservedCodeCacheSize=
# This output file may be truncated or incomplete.
#
#  Out of Memory Error (os_linux.cpp:2640), pid=14258, tid=0x00007f77a5dc7700
#
# JRE version: Java(TM) SE Runtime Environment (8.0_144-b01) (build 1.8.0_144-b01)
# Java VM: Java HotSpot(TM) 64-Bit Server VM (25.144-b01 mixed mode linux-amd64 compressed oops)
# Failed to write core dump. Core dumps have been disabled. To enable core dumping, try "ulimit -c unlimited" before starting Java again
#

---------------  T H R E A D  ---------------

Current thread (0x00007f77bc142800):  VMThread [stack: 0x00007f77a5cc7000,0x00007f77a5dc8000] [id=14270]

Stack: [0x00007f77a5cc7000,0x00007f77a5dc8000],  sp=0x00007f77a5dc6020,  free space=1020k
Native frames: (J=compiled Java code, j=interpreted, Vv=VM code, C=native code)
V  [libjvm.so+0xacb18a]  VMError::report_and_die()+0x2ba
V  [libjvm.so+0x4ff4db]  report_vm_out_of_memory(char const*, int, unsigned long, VMErrorType, char const*)+0x8b
V  [libjvm.so+0x927d23]  os::Linux::commit_memory_impl(char*, unsigned long, bool)+0x103
V  [libjvm.so+0x928279]  os::pd_commit_memory(char*, unsigned long, unsigned long, bool)+0x29
V  [libjvm.so+0x92249a]  os::commit_memory(char*, unsigned long, unsigned long, bool)+0x2a
V  [libjvm.so+0x996ff3]  PSVirtualSpace::expand_by(unsigned long)+0x53
V  [libjvm.so+0x9983f8]  PSYoungGen::resize_generation(unsigned long, unsigned long)+0xf8
V  [libjvm.so+0x997552]  PSYoungGen::resize(unsigned long, unsigned long)+0x22
V  [libjvm.so+0x99482b]  PSScavenge::invoke_no_policy()+0xf3b
V  [libjvm.so+0x994fb1]  PSScavenge::invoke()+0x41
V  [libjvm.so+0x94bce0]  ParallelScavengeHeap::failed_mem_allocate(unsigned long)+0x70
V  [libjvm.so+0xaccba7]  VM_ParallelGCFailedAllocation::doit()+0x97
V  [libjvm.so+0xad4685]  VM_Operation::evaluate()+0x55
V  [libjvm.so+0xad2a5a]  VMThread::evaluate_operation(VM_Operation*)+0xba
V  [libjvm.so+0xad2dde]  VMThread::loop()+0x1ce
V  [libjvm.so+0xad3250]  VMThread::run()+0x70
V  [libjvm.so+0x92a338]  java_start(Thread*)+0x108

VM_Operation (0x00007f7757c2e9a0): ParallelGCFailedAllocation, mode: safepoint, requested by thread 0x00007f774c001800


---------------  P R O C E S S  ---------------

Java Threads: ( => current thread )
  0x00007f77445fb800 JavaThread "container-0" [_thread_blocked, id=14325, stack(0x00007f775692e000,0x00007f7756a2f000)]
  0x00007f77445f9800 JavaThread "ContainerBackgroundProcessor[StandardEngine[Tomcat]]" daemon [_thread_blocked, id=14324, stack(0x00007f7757530000,0x00007f7757631000)]
  0x00007f7740018000 JavaThread "localhost-startStop-1" daemon [_thread_blocked, id=14323, stack(0x00007f7757a31000,0x00007f7757b32000)]
  0x00007f77445f8800 JavaThread "Tomcat-startStop-1" daemon [_thread_blocked, id=14322, stack(0x00007f775702f000,0x00007f7757130000)]
  0x00007f774c001800 JavaThread "restartedMain" [_thread_blocked, id=14299, stack(0x00007f7757b32000,0x00007f7757c33000)]
  0x00007f77bc825000 JavaThread "Thread-2" [_thread_blocked, id=14298, stack(0x00007f7757ee3000,0x00007f7757fe4000)]
  0x00007f7768001000 JavaThread "RMI TCP Connection(2)-127.0.0.1" daemon [_thread_in_native, id=14295, stack(0x00007f77a4024000,0x00007f77a4125000)]
  0x00007f775800d000 JavaThread "RMI Scheduler(0)" daemon [_thread_blocked, id=14294, stack(0x00007f77a4125000,0x00007f77a4226000)]
  0x00007f776c001800 JavaThread "RMI TCP Connection(1)-127.0.0.1" daemon [_thread_in_native, id=14292, stack(0x00007f77a4226000,0x00007f77a4327000)]
  0x00007f77bc4cc000 JavaThread "RMI TCP Accept-0" daemon [_thread_in_native, id=14290, stack(0x00007f77a4428000,0x00007f77a4529000)]
  0x00007f77bc4c5000 JavaThread "RMI TCP Accept-42310" daemon [_thread_in_native, id=14289, stack(0x00007f77a4529000,0x00007f77a462a000)]
  0x00007f77bc4b1000 JavaThread "RMI TCP Accept-0" daemon [_thread_in_native, id=14288, stack(0x00007f77a462a000,0x00007f77a472b000)]
  0x00007f77bc3e8000 JavaThread "Service Thread" daemon [_thread_blocked, id=14287, stack(0x00007f77a4b4a000,0x00007f77a4c4b000)]
  0x00007f77bc3e5000 JavaThread "C1 CompilerThread2" daemon [_thread_blocked, id=14286, stack(0x00007f77a4c4b000,0x00007f77a4d4c000)]
  0x00007f77bc3e3000 JavaThread "C2 CompilerThread1" daemon [_thread_blocked, id=14285, stack(0x00007f77a5264000,0x00007f77a5365000)]
  0x00007f77bc3e1000 JavaThread "C2 CompilerThread0" daemon [_thread_blocked, id=14284, stack(0x00007f77a5365000,0x00007f77a5466000)]
  0x00007f77bc3d7000 JavaThread "Monitor Ctrl-Break" daemon [_thread_in_native, id=14283, stack(0x00007f77a5466000,0x00007f77a5567000)]
  0x00007f77bc182000 JavaThread "Signal Dispatcher" daemon [_thread_blocked, id=14281, stack(0x00007f77a56ec000,0x00007f77a57ed000)]
  0x00007f77bc14f000 JavaThread "Finalizer" daemon [_thread_blocked, id=14275, stack(0x00007f77a5ac5000,0x00007f77a5bc6000)]
  0x00007f77bc14a000 JavaThread "Reference Handler" daemon [_thread_blocked, id=14272, stack(0x00007f77a5bc6000,0x00007f77a5cc7000)]
  0x00007f77bc00d800 JavaThread "main" [_thread_blocked, id=14259, stack(0x00007f77c2620000,0x00007f77c2721000)]

Other Threads:
=>0x00007f77bc142800 VMThread [stack: 0x00007f77a5cc7000,0x00007f77a5dc8000] [id=14270]
  0x00007f77bc4d1800 WatcherThread [stack: 0x00007f77a4327000,0x00007f77a4428000] [id=14291]

VM state:at safepoint (normal execution)

VM Mutex/Monitor currently owned by a thread:  ([mutex/lock_event])
[0x00007f77bc009e20] Threads_lock - owner thread: 0x00007f77bc142800
[0x00007f77bc00a320] Heap_lock - owner thread: 0x00007f774c001800

Heap:
 PSYoungGen      total 130048K, used 5104K [0x00000000d7f00000, 0x00000000e0300000, 0x0000000100000000)
  eden space 124928K, 0% used [0x00000000d7f00000,0x00000000d7f00000,0x00000000df900000)
  from space 5120K, 99% used [0x00000000df900000,0x00000000dfdfc030,0x00000000dfe00000)
  to   space 5120K, 0% used [0x00000000dfe00000,0x00000000dfe00000,0x00000000e0300000)
 ParOldGen       total 66048K, used 21137K [0x0000000087c00000, 0x000000008bc80000, 0x00000000d7f00000)
  object space 66048K, 32% used [0x0000000087c00000,0x00000000890a44a0,0x000000008bc80000)
 Metaspace       used 27182K, capacity 27664K, committed 27904K, reserved 1073152K
  class space    used 3420K, capacity 3550K, committed 3584K, reserved 1048576K

Card table byte_map: [0x00007f77abc18000,0x00007f77abfdb000] byte_map_base: 0x00007f77ab7da000

Marking Bits: (ParMarkBitMap*) 0x00007f77c1aecdc0
 Begin Bits: [0x00007f77a7a73000, 0x00007f77a9883000)
 End Bits:   [0x00007f77a9883000, 0x00007f77ab693000)

Polling page: 0x00007f77c273d000

CodeCache: size=245760Kb used=5842Kb max_used=5842Kb free=239917Kb
 bounds [0x00007f77ac39b000, 0x00007f77ac95b000, 0x00007f77bb39b000]
 total_blobs=3030 nmethods=2636 adapters=307
 compilation: enabled

Compilation events (10 events):
Event: 5.518 Thread 0x00007f77bc3e5000 2631       1       java.lang.AbstractStringBuilder::append (144 bytes)
Event: 5.519 Thread 0x00007f77bc3e5000 nmethod 2631 0x00007f77ac94d610 code [0x00007f77ac94d840, 0x00007f77ac94e008]
Event: 5.519 Thread 0x00007f77bc3e5000 2633   !   1       org.springframework.beans.ExtendedBeanInfo$SimplePropertyDescriptor::getPropertyType (31 bytes)
Event: 5.519 Thread 0x00007f77bc3e5000 nmethod 2633 0x00007f77ac94e610 code [0x00007f77ac94e780, 0x00007f77ac94e908]
Event: 5.519 Thread 0x00007f77bc3e5000 2634       1       org.springframework.beans.factory.support.AutowireUtils::isSetterDefinedInInterface (76 bytes)
Event: 5.519 Thread 0x00007f77bc3e5000 nmethod 2634 0x00007f77ac94e990 code [0x00007f77ac94eb60, 0x00007f77ac94ee68]
Event: 5.521 Thread 0x00007f77bc3e5000 2635       1       sun.reflect.generics.reflectiveObjects.WildcardTypeImpl::hashCode (20 bytes)
Event: 5.521 Thread 0x00007f77bc3e5000 nmethod 2635 0x00007f77ac94f0d0 code [0x00007f77ac94f260, 0x00007f77ac94f3f8]
Event: 5.533 Thread 0x00007f77bc3e5000 2636   !   1       com.sun.proxy.$Proxy38::annotationType (29 bytes)
Event: 5.533 Thread 0x00007f77bc3e5000 nmethod 2636 0x00007f77ac94f4d0 code [0x00007f77ac94f660, 0x00007f77ac94f898]

GC Heap History (10 events):
Event: 1.509 GC heap after
Heap after GC invocations=1 (full 0):
 PSYoungGen      total 36352K, used 4537K [0x00000000d7f00000, 0x00000000dc600000, 0x0000000100000000)
  eden space 31232K, 0% used [0x00000000d7f00000,0x00000000d7f00000,0x00000000d9d80000)
  from space 5120K, 88% used [0x00000000d9d80000,0x00000000da1ee6a0,0x00000000da280000)
  to   space 5120K, 0% used [0x00000000dc100000,0x00000000dc100000,0x00000000dc600000)
 ParOldGen       total 83456K, used 8K [0x0000000087c00000, 0x000000008cd80000, 0x00000000d7f00000)
  object space 83456K, 0% used [0x0000000087c00000,0x0000000087c02000,0x000000008cd80000)
 Metaspace       used 10157K, capacity 10452K, committed 10624K, reserved 1058816K
  class space    used 1267K, capacity 1377K, committed 1408K, reserved 1048576K
}
Event: 2.037 GC heap before
{Heap before GC invocations=2 (full 0):
 PSYoungGen      total 36352K, used 35769K [0x00000000d7f00000, 0x00000000dc600000, 0x0000000100000000)
  eden space 31232K, 100% used [0x00000000d7f00000,0x00000000d9d80000,0x00000000d9d80000)
  from space 5120K, 88% used [0x00000000d9d80000,0x00000000da1ee6a0,0x00000000da280000)
  to   space 5120K, 0% used [0x00000000dc100000,0x00000000dc100000,0x00000000dc600000)
 ParOldGen       total 83456K, used 8K [0x0000000087c00000, 0x000000008cd80000, 0x00000000d7f00000)
  object space 83456K, 0% used [0x0000000087c00000,0x0000000087c02000,0x000000008cd80000)
 Metaspace       used 13236K, capacity 13460K, committed 13696K, reserved 1060864K
  class space    used 1727K, capacity 1825K, committed 1920K, reserved 1048576K
Event: 2.059 GC heap after
Heap after GC invocations=2 (full 0):
 PSYoungGen      total 67584K, used 5110K [0x00000000d7f00000, 0x00000000dc600000, 0x0000000100000000)
  eden space 62464K, 0% used [0x00000000d7f00000,0x00000000d7f00000,0x00000000dbc00000)
  from space 5120K, 99% used [0x00000000dc100000,0x00000000dc5fd938,0x00000000dc600000)
  to   space 5120K, 0% used [0x00000000dbc00000,0x00000000dbc00000,0x00000000dc100000)
 ParOldGen       total 83456K, used 3045K [0x0000000087c00000, 0x000000008cd80000, 0x00000000d7f00000)
  object space 83456K, 3% used [0x0000000087c00000,0x0000000087ef97e0,0x000000008cd80000)
 Metaspace       used 13236K, capacity 13460K, committed 13696K, reserved 1060864K
  class space    used 1727K, capacity 1825K, committed 1920K, reserved 1048576K
}
Event: 2.775 GC heap before
{Heap before GC invocations=3 (full 0):
 PSYoungGen      total 67584K, used 67574K [0x00000000d7f00000, 0x00000000dc600000, 0x0000000100000000)
  eden space 62464K, 100% used [0x00000000d7f00000,0x00000000dbc00000,0x00000000dbc00000)
  from space 5120K, 99% used [0x00000000dc100000,0x00000000dc5fd938,0x00000000dc600000)
  to   space 5120K, 0% used [0x00000000dbc00000,0x00000000dbc00000,0x00000000dc100000)
 ParOldGen       total 83456K, used 3045K [0x0000000087c00000, 0x000000008cd80000, 0x00000000d7f00000)
  object space 83456K, 3% used [0x0000000087c00000,0x0000000087ef97e0,0x000000008cd80000)
 Metaspace       used 20075K, capacity 20398K, committed 20608K, reserved 1067008K
  class space    used 2501K, capacity 2599K, committed 2688K, reserved 1048576K
Event: 2.809 GC heap after
Heap after GC invocations=3 (full 0):
 PSYoungGen      total 67584K, used 5104K [0x00000000d7f00000, 0x00000000e0300000, 0x0000000100000000)
  eden space 62464K, 0% used [0x00000000d7f00000,0x00000000d7f00000,0x00000000dbc00000)
  from space 5120K, 99% used [0x00000000dbc00000,0x00000000dc0fc030,0x00000000dc100000)
  to   space 5120K, 0% used [0x00000000dfe00000,0x00000000dfe00000,0x00000000e0300000)
 ParOldGen       total 83456K, used 10941K [0x0000000087c00000, 0x000000008cd80000, 0x00000000d7f00000)
  object space 83456K, 13% used [0x0000000087c00000,0x00000000886af640,0x000000008cd80000)
 Metaspace       used 20075K, capacity 20398K, committed 20608K, reserved 1067008K
  class space    used 2501K, capacity 2599K, committed 2688K, reserved 1048576K
}
Event: 3.223 GC heap before
{Heap before GC invocations=4 (full 0):
 PSYoungGen      total 67584K, used 62307K [0x00000000d7f00000, 0x00000000e0300000, 0x0000000100000000)
  eden space 62464K, 91% used [0x00000000d7f00000,0x00000000db6dcd88,0x00000000dbc00000)
  from space 5120K, 99% used [0x00000000dbc00000,0x00000000dc0fc030,0x00000000dc100000)
  to   space 5120K, 0% used [0x00000000dfe00000,0x00000000dfe00000,0x00000000e0300000)
 ParOldGen       total 83456K, used 10941K [0x0000000087c00000, 0x000000008cd80000, 0x00000000d7f00000)
  object space 83456K, 13% used [0x0000000087c00000,0x00000000886af640,0x000000008cd80000)
 Metaspace       used 20813K, capacity 21116K, committed 21248K, reserved 1067008K
  class space    used 2616K, capacity 2703K, committed 2816K, reserved 1048576K
Event: 3.260 GC heap after
Heap after GC invocations=4 (full 0):
 PSYoungGen      total 130048K, used 5104K [0x00000000d7f00000, 0x00000000e0300000, 0x0000000100000000)
  eden space 124928K, 0% used [0x00000000d7f00000,0x00000000d7f00000,0x00000000df900000)
  from space 5120K, 99% used [0x00000000dfe00000,0x00000000e02fc030,0x00000000e0300000)
  to   space 5120K, 0% used [0x00000000df900000,0x00000000df900000,0x00000000dfe00000)
 ParOldGen       total 83456K, used 13165K [0x0000000087c00000, 0x000000008cd80000, 0x00000000d7f00000)
  object space 83456K, 15% used [0x0000000087c00000,0x00000000888db400,0x000000008cd80000)
 Metaspace       used 20813K, capacity 21116K, committed 21248K, reserved 1067008K
  class space    used 2616K, capacity 2703K, committed 2816K, reserved 1048576K
}
Event: 3.261 GC heap before
{Heap before GC invocations=5 (full 1):
 PSYoungGen      total 130048K, used 5104K [0x00000000d7f00000, 0x00000000e0300000, 0x0000000100000000)
  eden space 124928K, 0% used [0x00000000d7f00000,0x00000000d7f00000,0x00000000df900000)
  from space 5120K, 99% used [0x00000000dfe00000,0x00000000e02fc030,0x00000000e0300000)
  to   space 5120K, 0% used [0x00000000df900000,0x00000000df900000,0x00000000dfe00000)
 ParOldGen       total 83456K, used 13165K [0x0000000087c00000, 0x000000008cd80000, 0x00000000d7f00000)
  object space 83456K, 15% used [0x0000000087c00000,0x00000000888db400,0x000000008cd80000)
 Metaspace       used 20813K, capacity 21116K, committed 21248K, reserved 1067008K
  class space    used 2616K, capacity 2703K, committed 2816K, reserved 1048576K
Event: 3.334 GC heap after
Heap after GC invocations=5 (full 1):
 PSYoungGen      total 130048K, used 0K [0x00000000d7f00000, 0x00000000e0300000, 0x0000000100000000)
  eden space 124928K, 0% used [0x00000000d7f00000,0x00000000d7f00000,0x00000000df900000)
  from space 5120K, 0% used [0x00000000dfe00000,0x00000000dfe00000,0x00000000e0300000)
  to   space 5120K, 0% used [0x00000000df900000,0x00000000df900000,0x00000000dfe00000)
 ParOldGen       total 66048K, used 15754K [0x0000000087c00000, 0x000000008bc80000, 0x00000000d7f00000)
  object space 66048K, 23% used [0x0000000087c00000,0x0000000088b62870,0x000000008bc80000)
 Metaspace       used 20813K, capacity 21116K, committed 21248K, reserved 1067008K
  class space    used 2616K, capacity 2703K, committed 2816K, reserved 1048576K
}
Event: 5.537 GC heap before
{Heap before GC invocations=6 (full 1):
 PSYoungGen      total 130048K, used 124928K [0x00000000d7f00000, 0x00000000e0300000, 0x0000000100000000)
  eden space 124928K, 100% used [0x00000000d7f00000,0x00000000df900000,0x00000000df900000)
  from space 5120K, 0% used [0x00000000dfe00000,0x00000000dfe00000,0x00000000e0300000)
  to   space 5120K, 0% used [0x00000000df900000,0x00000000df900000,0x00000000dfe00000)
 ParOldGen       total 66048K, used 15754K [0x0000000087c00000, 0x000000008bc80000, 0x00000000d7f00000)
  object space 66048K, 23% used [0x0000000087c00000,0x0000000088b62870,0x000000008bc80000)
 Metaspace       used 27182K, capacity 27664K, committed 27904K, reserved 1073152K
  class space    used 3420K, capacity 3550K, committed 3584K, reserved 1048576K

Deoptimization events (0 events):
No events

Internal exceptions (10 events):
Event: 5.523 Thread 0x00007f774c001800 Exception <a 'java/lang/ClassNotFoundException': org/springframework/boot/autoconfigure/web/EmbeddedServletContainerAutoConfigurationCustomizer> (0x00000000df7cb3f0) thrown at [/HUDSON3/workspace/8-2-build-linux-amd64/jdk8u144/9417/hotspot/src/share/vm/cl
Event: 5.524 Thread 0x00007f774c001800 Exception <a 'java/lang/ClassNotFoundException': org/springframework/boot/autoconfigure/web/EmbeddedServletContainerAutoConfiguration$$EnhancerBySpringCGLIB$$14440c70Customizer> (0x00000000df7eb2e8) thrown at [/HUDSON3/workspace/8-2-build-linux-amd64/jdk8
Event: 5.528 Thread 0x00007f774c001800 Exception <a 'java/lang/ClassNotFoundException': org/springframework/context/annotation/ConfigurationClassEnhancer$EnhancedConfigurationCustomizer> (0x00000000df80a4a0) thrown at [/HUDSON3/workspace/8-2-build-linux-amd64/jdk8u144/9417/hotspot/src/share/vm
Event: 5.529 Thread 0x00007f774c001800 Exception <a 'java/lang/ClassNotFoundException': java/lang/ObjectCustomizer> (0x00000000df816818) thrown at [/HUDSON3/workspace/8-2-build-linux-amd64/jdk8u144/9417/hotspot/src/share/vm/classfile/systemDictionary.cpp, line 210]
Event: 5.529 Thread 0x00007f774c001800 Exception <a 'java/lang/ClassNotFoundException': org/springframework/boot/autoconfigure/web/DispatcherServletAutoConfigurationCustomizer> (0x00000000df831670) thrown at [/HUDSON3/workspace/8-2-build-linux-amd64/jdk8u144/9417/hotspot/src/share/vm/classfile
Event: 5.529 Thread 0x00007f774c001800 Exception <a 'java/lang/ClassNotFoundException': org/springframework/boot/autoconfigure/web/DispatcherServletAutoConfiguration$$EnhancerBySpringCGLIB$$9d4b7e84Customizer> (0x00000000df8500d8) thrown at [/HUDSON3/workspace/8-2-build-linux-amd64/jdk8u144/94
Event: 5.530 Thread 0x00007f774c001800 Exception <a 'java/lang/ClassNotFoundException': org/springframework/context/annotation/ConfigurationClassEnhancer$EnhancedConfigurationCustomizer> (0x00000000df86f068) thrown at [/HUDSON3/workspace/8-2-build-linux-amd64/jdk8u144/9417/hotspot/src/share/vm
Event: 5.533 Thread 0x00007f774c001800 Exception <a 'java/lang/ClassNotFoundException': java/lang/ObjectCustomizer> (0x00000000df899f18) thrown at [/HUDSON3/workspace/8-2-build-linux-amd64/jdk8u144/9417/hotspot/src/share/vm/classfile/systemDictionary.cpp, line 210]
Event: 5.533 Thread 0x00007f774c001800 Exception <a 'java/lang/ClassNotFoundException': org/springframework/boot/autoconfigure/web/ErrorMvcAutoConfiguration$WhitelabelErrorViewConfigurationCustomizer> (0x00000000df8b9510) thrown at [/HUDSON3/workspace/8-2-build-linux-amd64/jdk8u144/9417/hotspo
Event: 5.534 Thread 0x00007f774c001800 Exception <a 'java/lang/ClassNotFoundException': org/springframework/boot/autoconfigure/web/ErrorMvcAutoConfiguration$WhitelabelErrorViewConfiguration$$EnhancerBySpringCGLIB$$ee1ead9eCustomizer> (0x00000000df8de430) thrown at [/HUDSON3/workspace/8-2-build

Events (10 events):
Event: 5.533 loading class org/springframework/boot/autoconfigure/web/ErrorMvcAutoConfiguration$WhitelabelErrorViewConfiguration$$EnhancerBySpringCGLIB$$ee1ead9eCustomizer done
Event: 5.533 loading class org/springframework/boot/autoconfigure/web/ErrorMvcAutoConfiguration$WhitelabelErrorViewConfiguration$$EnhancerBySpringCGLIB$$ee1ead9eCustomizer
Event: 5.533 loading class org/springframework/boot/autoconfigure/web/ErrorMvcAutoConfiguration$WhitelabelErrorViewConfiguration$$EnhancerBySpringCGLIB$$ee1ead9eCustomizer done
Event: 5.534 loading class org/springframework/boot/autoconfigure/web/ErrorMvcAutoConfiguration$WhitelabelErrorViewConfiguration$$EnhancerBySpringCGLIB$$ee1ead9eCustomizer
Event: 5.534 loading class org/springframework/boot/autoconfigure/web/ErrorMvcAutoConfiguration$WhitelabelErrorViewConfiguration$$EnhancerBySpringCGLIB$$ee1ead9eCustomizer done
Event: 5.534 loading class org/springframework/context/annotation/ConfigurationClassEnhancer$EnhancedConfigurationCustomizer
Event: 5.534 loading class org/springframework/context/annotation/ConfigurationClassEnhancer$EnhancedConfigurationCustomizer done
Event: 5.534 loading class org/springframework/context/annotation/ConfigurationClassEnhancer$EnhancedConfigurationCustomizer
Event: 5.534 loading class org/springframework/context/annotation/ConfigurationClassEnhancer$EnhancedConfigurationCustomizer done
Event: 5.535 Executing VM operation: ParallelGCFailedAllocation


Dynamic libraries:
00400000-00401000 r-xp 00000000 08:03 277590                             /usr/lib/jvm/java-8-oracle/bin/java
00600000-00601000 rw-p 00000000 08:03 277590                             /usr/lib/jvm/java-8-oracle/bin/java
0097b000-0099c000 rw-p 00000000 00:00 0                                  [heap]
87c00000-8bc80000 rw-p 00000000 00:00 0 
8bc80000-d7f00000 ---p 00000000 00:00 0 
d7f00000-e0300000 rw-p 00000000 00:00 0 
e6200000-100000000 ---p 00000000 00:00 0 
100000000-100380000 rw-p 00000000 00:00 0 
100380000-140000000 ---p 00000000 00:00 0 
7f7734000000-7f7734021000 rw-p 00000000 00:00 0 
7f7734021000-7f7738000000 ---p 00000000 00:00 0 
7f7738000000-7f7738021000 rw-p 00000000 00:00 0 
7f7738021000-7f773c000000 ---p 00000000 00:00 0 
7f773c000000-7f773c021000 rw-p 00000000 00:00 0 
7f773c021000-7f7740000000 ---p 00000000 00:00 0 
7f7740000000-7f7740023000 rw-p 00000000 00:00 0 
7f7740023000-7f7744000000 ---p 00000000 00:00 0 
7f7744000000-7f7744624000 rw-p 00000000 00:00 0 
7f7744624000-7f7748000000 ---p 00000000 00:00 0 
7f7748000000-7f77481de000 rw-p 00000000 00:00 0 
7f77481de000-7f774c000000 ---p 00000000 00:00 0 
7f774c000000-7f774c021000 rw-p 00000000 00:00 0 
7f774c021000-7f7750000000 ---p 00000000 00:00 0 
7f7750000000-7f77502a6000 rw-p 00000000 00:00 0 
7f77502a6000-7f7754000000 ---p 00000000 00:00 0 
7f775682d000-7f7756830000 ---p 00000000 00:00 0 
7f7756830000-7f775692e000 rw-p 00000000 00:00 0 
7f775692e000-7f7756931000 ---p 00000000 00:00 0 
7f7756931000-7f7756bef000 rw-p 00000000 00:00 0 
7f7756bef000-7f7756c2f000 ---p 00000000 00:00 0 
7f7756c2f000-7f7756e2f000 rw-p 00000000 00:00 0 
7f7756e2f000-7f775702f000 rw-p 00000000 00:00 0 
7f775702f000-7f7757032000 ---p 00000000 00:00 0 
7f7757032000-7f7757330000 rw-p 00000000 00:00 0 
7f7757330000-7f7757530000 rw-p 00000000 00:00 0 
7f7757530000-7f7757533000 ---p 00000000 00:00 0 
7f7757533000-7f7757831000 rw-p 00000000 00:00 0 
7f7757831000-7f7757a31000 rw-p 00000000 00:00 0 
7f7757a31000-7f7757a34000 ---p 00000000 00:00 0 
7f7757a34000-7f7757b32000 rw-p 00000000 00:00 0 
7f7757b32000-7f7757b35000 ---p 00000000 00:00 0 
7f7757b35000-7f7757c33000 rw-p 00000000 00:00 0 
7f7757c4e000-7f7757ce3000 r--s 01110000 08:03 288827                     /usr/lib/jvm/java-8-oracle/jre/lib/ext/jfxrt.jar
7f7757ce3000-7f7757ee3000 rw-p 00000000 00:00 0 
7f7757ee3000-7f7757ee6000 ---p 00000000 00:00 0 
7f7757ee6000-7f7757fe4000 rw-p 00000000 00:00 0 
7f7757fe4000-7f7758000000 r--s 00393000 08:03 288834                     /usr/lib/jvm/java-8-oracle/jre/lib/ext/cldrdata.jar
7f7758000000-7f7758021000 rw-p 00000000 00:00 0 
7f7758021000-7f775c000000 ---p 00000000 00:00 0 
7f775c000000-7f775c021000 rw-p 00000000 00:00 0 
7f775c021000-7f7760000000 ---p 00000000 00:00 0 
7f7760000000-7f7760021000 rw-p 00000000 00:00 0 
7f7760021000-7f7764000000 ---p 00000000 00:00 0 
7f7764000000-7f7764021000 rw-p 00000000 00:00 0 
7f7764021000-7f7768000000 ---p 00000000 00:00 0 
7f7768000000-7f7768021000 rw-p 00000000 00:00 0 
7f7768021000-7f776c000000 ---p 00000000 00:00 0 
7f776c000000-7f776c021000 rw-p 00000000 00:00 0 
7f776c021000-7f7770000000 ---p 00000000 00:00 0 
7f7770000000-7f7770701000 rw-p 00000000 00:00 0 
7f7770701000-7f7774000000 ---p 00000000 00:00 0 
7f7774000000-7f7774021000 rw-p 00000000 00:00 0 
7f7774021000-7f7778000000 ---p 00000000 00:00 0 
7f7778000000-7f7778066000 rw-p 00000000 00:00 0 
7f7778066000-7f777c000000 ---p 00000000 00:00 0 
7f777c000000-7f777c021000 rw-p 00000000 00:00 0 
7f777c021000-7f7780000000 ---p 00000000 00:00 0 
7f7780000000-7f7780021000 rw-p 00000000 00:00 0 
7f7780021000-7f7784000000 ---p 00000000 00:00 0 
7f7784000000-7f7784021000 rw-p 00000000 00:00 0 
7f7784021000-7f7788000000 ---p 00000000 00:00 0 
7f7788000000-7f7788021000 rw-p 00000000 00:00 0 
7f7788021000-7f778c000000 ---p 00000000 00:00 0 
7f778c000000-7f778c021000 rw-p 00000000 00:00 0 
7f778c021000-7f7790000000 ---p 00000000 00:00 0 
7f7790000000-7f7790021000 rw-p 00000000 00:00 0 
7f7790021000-7f7794000000 ---p 00000000 00:00 0 
7f7794000000-7f779428f000 rw-p 00000000 00:00 0 
7f779428f000-7f7798000000 ---p 00000000 00:00 0 
7f7798000000-7f7798021000 rw-p 00000000 00:00 0 
7f7798021000-7f779c000000 ---p 00000000 00:00 0 
7f779c000000-7f779c021000 rw-p 00000000 00:00 0 
7f779c021000-7f77a0000000 ---p 00000000 00:00 0 
7f77a0000000-7f77a0021000 rw-p 00000000 00:00 0 
7f77a0021000-7f77a4000000 ---p 00000000 00:00 0 
7f77a4012000-7f77a4015000 r--s 0001a000 08:03 288811                     /usr/lib/jvm/java-8-oracle/jre/lib/jce.jar
7f77a4015000-7f77a401a000 r--s 002f9000 08:03 285793                     /usr/lib/jvm/java-8-oracle/jre/lib/charsets.jar
7f77a401a000-7f77a4024000 r--s 00116000 08:03 288831                     /usr/lib/jvm/java-8-oracle/jre/lib/ext/localedata.jar
7f77a4024000-7f77a4027000 ---p 00000000 00:00 0 
7f77a4027000-7f77a4125000 rw-p 00000000 00:00 0 
7f77a4125000-7f77a4128000 ---p 00000000 00:00 0 
7f77a4128000-7f77a4226000 rw-p 00000000 00:00 0 
7f77a4226000-7f77a4229000 ---p 00000000 00:00 0 
7f77a4229000-7f77a4327000 rw-p 00000000 00:00 0 
7f77a4327000-7f77a4328000 ---p 00000000 00:00 0 
7f77a4328000-7f77a4428000 rw-p 00000000 00:00 0 
7f77a4428000-7f77a442b000 ---p 00000000 00:00 0 
7f77a442b000-7f77a4529000 rw-p 00000000 00:00 0 
7f77a4529000-7f77a452c000 ---p 00000000 00:00 0 
7f77a452c000-7f77a462a000 rw-p 00000000 00:00 0 
7f77a462a000-7f77a462d000 ---p 00000000 00:00 0 
7f77a462d000-7f77a472b000 rw-p 00000000 00:00 0 
7f77a472b000-7f77a4730000 r--s 0009a000 08:03 285792                     /usr/lib/jvm/java-8-oracle/jre/lib/jsse.jar
7f77a4730000-7f77a4741000 r-xp 00000000 08:03 288752                     /usr/lib/jvm/java-8-oracle/jre/lib/amd64/libnio.so
7f77a4741000-7f77a4940000 ---p 00011000 08:03 288752                     /usr/lib/jvm/java-8-oracle/jre/lib/amd64/libnio.so
7f77a4940000-7f77a4941000 rw-p 00010000 08:03 288752                     /usr/lib/jvm/java-8-oracle/jre/lib/amd64/libnio.so
7f77a4941000-7f77a494a000 r-xp 00000000 08:03 288763                     /usr/lib/jvm/java-8-oracle/jre/lib/amd64/libmanagement.so
7f77a494a000-7f77a4b49000 ---p 00009000 08:03 288763                     /usr/lib/jvm/java-8-oracle/jre/lib/amd64/libmanagement.so
7f77a4b49000-7f77a4b4a000 rw-p 00008000 08:03 288763                     /usr/lib/jvm/java-8-oracle/jre/lib/amd64/libmanagement.so
7f77a4b4a000-7f77a4b4d000 ---p 00000000 00:00 0 
7f77a4b4d000-7f77a4c4b000 rw-p 00000000 00:00 0 
7f77a4c4b000-7f77a4c4e000 ---p 00000000 00:00 0 
7f77a4c4e000-7f77a504d000 rw-p 00000000 00:00 0 
7f77a504d000-7f77a5063000 r-xp 00000000 08:03 287908                     /usr/lib/jvm/java-8-oracle/jre/lib/amd64/libnet.so
7f77a5063000-7f77a5263000 ---p 00016000 08:03 287908                     /usr/lib/jvm/java-8-oracle/jre/lib/amd64/libnet.so
7f77a5263000-7f77a5264000 rw-p 00016000 08:03 287908                     /usr/lib/jvm/java-8-oracle/jre/lib/amd64/libnet.so
7f77a5264000-7f77a5267000 ---p 00000000 00:00 0 
7f77a5267000-7f77a5365000 rw-p 00000000 00:00 0 
7f77a5365000-7f77a5368000 ---p 00000000 00:00 0 
7f77a5368000-7f77a5466000 rw-p 00000000 00:00 0 
7f77a5466000-7f77a5469000 ---p 00000000 00:00 0 
7f77a5469000-7f77a5567000 rw-p 00000000 00:00 0 
7f77a5567000-7f77a5569000 r--s 0001a000 08:04 531550                     /home/toby/Downloads/idea-IU-172.3968.16/lib/idea_rt.jar
7f77a5569000-7f77a556b000 r--s 0000e000 08:03 19386                      /root/.m2/repository/org/json/json/20171018/json-20171018.jar
7f77a556b000-7f77a556d000 r--s 0008f000 08:03 435559                     /root/.m2/repository/org/webjars/bootstrap/3.3.7/bootstrap-3.3.7.jar
7f77a556d000-7f77a556e000 r--s 00027000 08:03 435557                     /root/.m2/repository/org/webjars/jquery/2.2.4/jquery-2.2.4.jar
7f77a556e000-7f77a558d000 r--s 000df000 08:03 1114844                    /root/.m2/repository/org/springframework/boot/spring-boot-autoconfigure/1.5.1.RELEASE/spring-boot-autoconfigure-1.5.1.RELEASE.jar
7f77a558d000-7f77a55a6000 r--s 000fd000 08:03 1114861                    /root/.m2/repository/org/springframework/spring-context/4.3.6.RELEASE/spring-context-4.3.6.RELEASE.jar
7f77a55a6000-7f77a55b6000 r--s 00092000 08:03 1114855                    /root/.m2/repository/org/springframework/boot/spring-boot/1.5.1.RELEASE/spring-boot-1.5.1.RELEASE.jar
7f77a55b6000-7f77a55bd000 r--s 0002e000 08:03 435555                     /root/.m2/repository/org/springframework/boot/spring-boot-devtools/1.5.1.RELEASE/spring-boot-devtools-1.5.1.RELEASE.jar
7f77a55bd000-7f77a560a000 r--s 0040b000 08:03 435549                     /root/.m2/repository/org/codehaus/groovy/groovy/2.4.7/groovy-2.4.7.jar
7f77a560a000-7f77a560d000 r--s 0001a000 08:03 277251                     /root/.m2/repository/nz/net/ultraq/thymeleaf/thymeleaf-layout-dialect/1.4.0/thymeleaf-layout-dialect-1.4.0.jar
7f77a560d000-7f77a560f000 r--s 00009000 08:03 168677                     /root/.m2/repository/org/slf4j/slf4j-api/1.7.22/slf4j-api-1.7.22.jar
7f77a560f000-7f77a5612000 r--s 00020000 08:03 168682                     /root/.m2/repository/org/unbescape/unbescape/1.1.0.RELEASE/unbescape-1.1.0.RELEASE.jar
7f77a5612000-7f77a561c000 r--s 000aa000 08:03 26620                      /root/.m2/repository/org/javassist/javassist/3.21.0-GA/javassist-3.21.0-GA.jar
7f77a561c000-7f77a561f000 r--s 00035000 08:03 1114856                    /root/.m2/repository/ognl/ognl/3.0.8/ognl-3.0.8.jar
7f77a561f000-7f77a562c000 r--s 000b7000 08:03 971373                     /root/.m2/repository/org/thymeleaf/thymeleaf/2.1.5.RELEASE/thymeleaf-2.1.5.RELEASE.jar
7f77a562c000-7f77a562f000 r--s 00034000 08:03 687379                     /root/.m2/repository/org/thymeleaf/thymeleaf-spring4/2.1.5.RELEASE/thymeleaf-spring4-2.1.5.RELEASE.jar
7f77a562f000-7f77a5634000 r--s 0003c000 08:03 1114854                    /root/.m2/repository/org/springframework/spring-expression/4.3.6.RELEASE/spring-expression-4.3.6.RELEASE.jar
7f77a5634000-7f77a5645000 r--s 000cf000 08:03 435551                     /root/.m2/repository/org/springframework/spring-webmvc/4.3.6.RELEASE/spring-webmvc-4.3.6.RELEASE.jar
7f77a5645000-7f77a5653000 r--s 000ad000 08:03 1114850                    /root/.m2/repository/org/springframework/spring-beans/4.3.6.RELEASE/spring-beans-4.3.6.RELEASE.jar
7f77a5653000-7f77a565c000 r--s 00054000 08:03 1114867                    /root/.m2/repository/org/springframework/spring-aop/4.3.6.RELEASE/spring-aop-4.3.6.RELEASE.jar
7f77a565c000-7f77a566e000 r--s 000b6000 08:03 435553                     /root/.m2/repository/org/springframework/spring-web/4.3.6.RELEASE/spring-web-4.3.6.RELEASE.jar
7f77a566e000-7f77a5672000 r--s 00041000 08:03 681925                     /root/.m2/repository/com/fasterxml/jackson/core/jackson-core/2.8.6/jackson-core-2.8.6.jar
7f77a5672000-7f77a5675000 r--s 0000b000 08:03 431398                     /root/.m2/repository/com/fasterxml/jackson/core/jackson-annotations/2.8.0/jackson-annotations-2.8.0.jar
7f77a5675000-7f77a5686000 r--s 0011d000 08:03 435547                     /root/.m2/repository/com/fasterxml/jackson/core/jackson-databind/2.8.6/jackson-databind-2.8.6.jar
7f77a5686000-7f77a5688000 r--s 0000e000 08:03 277249                     /root/.m2/repository/com/fasterxml/classmate/1.3.3/classmate-1.3.3.jar
7f77a5688000-7f77a568c000 r--s 0000c000 08:03 276922                     /root/.m2/repository/javax/validation/validation-api/1.1.0.Final/validation-api-1.1.0.Final.jar
7f77a568c000-7f77a569d000 r--s 000a1000 08:03 168680                     /root/.m2/repository/org/hibernate/hibernate-validator/5.3.4.Final/hibernate-validator-5.3.4.Final.jar
7f77a569d000-7f77a56a2000 r--s 00036000 08:03 277245                     /root/.m2/repository/org/apache/tomcat/embed/tomcat-embed-websocket/8.5.11/tomcat-embed-websocket-8.5.11.jar
7f77a56a2000-7f77a56a7000 r--s 00036000 08:03 168676                     /root/.m2/repository/org/apache/tomcat/embed/tomcat-embed-el/8.5.11/tomcat-embed-el-8.5.11.jar
7f77a56a7000-7f77a56d0000 r--s 002b8000 08:03 687377                     /root/.m2/repository/org/apache/tomcat/embed/tomcat-embed-core/8.5.11/tomcat-embed-core-8.5.11.jar
7f77a56d0000-7f77a56d6000 r--s 0003d000 08:03 546204                     /root/.m2/repository/org/yaml/snakeyaml/1.17/snakeyaml-1.17.jar
7f77a56d6000-7f77a56ec000 r--s 000fb000 08:03 1114853                    /root/.m2/repository/org/springframework/spring-core/4.3.6.RELEASE/spring-core-4.3.6.RELEASE.jar
7f77a56ec000-7f77a56ef000 ---p 00000000 00:00 0 
7f77a56ef000-7f77a57ed000 rw-p 00000000 00:00 0 
7f77a57ed000-7f77a5ac5000 r--p 00000000 08:03 262964                     /usr/lib/locale/locale-archive
7f77a5ac5000-7f77a5ac8000 ---p 00000000 00:00 0 
7f77a5ac8000-7f77a5bc6000 rw-p 00000000 00:00 0 
7f77a5bc6000-7f77a5bc9000 ---p 00000000 00:00 0 
7f77a5bc9000-7f77a5cc7000 rw-p 00000000 00:00 0 
7f77a5cc7000-7f77a5cc8000 ---p 00000000 00:00 0 
7f77a5cc8000-7f77a6cd7000 rw-p 00000000 00:00 0 
7f77a6cd7000-7f77a6eb1000 r--s 03d4d000 08:03 285841                     /usr/lib/jvm/java-8-oracle/jre/lib/rt.jar
7f77a6eb1000-7f77ab693000 rw-p 00000000 00:00 0 
7f77ab693000-7f77ab694000 ---p 00000000 00:00 0 
7f77ab694000-7f77ab794000 rw-p 00000000 00:00 0 
7f77ab794000-7f77ab795000 ---p 00000000 00:00 0 
7f77ab795000-7f77ab895000 rw-p 00000000 00:00 0 
7f77ab895000-7f77ab896000 ---p 00000000 00:00 0 
7f77ab896000-7f77ab9b7000 rw-p 00000000 00:00 0 
7f77ab9b7000-7f77abc18000 ---p 00000000 00:00 0 
7f77abc18000-7f77abc39000 rw-p 00000000 00:00 0 
7f77abc39000-7f77abe99000 ---p 00000000 00:00 0 
7f77abe99000-7f77abedc000 rw-p 00000000 00:00 0 
7f77abedc000-7f77abfda000 ---p 00000000 00:00 0 
7f77abfda000-7f77abff2000 rw-p 00000000 00:00 0 
7f77abff2000-7f77ac39b000 ---p 00000000 00:00 0 
7f77ac39b000-7f77ac95b000 rwxp 00000000 00:00 0 
7f77ac95b000-7f77bb39b000 ---p 00000000 00:00 0 
7f77bb39b000-7f77bb3b5000 r-xp 00000000 08:03 288750                     /usr/lib/jvm/java-8-oracle/jre/lib/amd64/libzip.so
7f77bb3b5000-7f77bb5b5000 ---p 0001a000 08:03 288750                     /usr/lib/jvm/java-8-oracle/jre/lib/amd64/libzip.so
7f77bb5b5000-7f77bb5b6000 rw-p 0001a000 08:03 288750                     /usr/lib/jvm/java-8-oracle/jre/lib/amd64/libzip.so
7f77bb5b6000-7f77bb5c1000 r-xp 00000000 08:03 662280                     /lib/x86_64-linux-gnu/libnss_files-2.23.so
7f77bb5c1000-7f77bb7c0000 ---p 0000b000 08:03 662280                     /lib/x86_64-linux-gnu/libnss_files-2.23.so
7f77bb7c0000-7f77bb7c1000 r--p 0000a000 08:03 662280                     /lib/x86_64-linux-gnu/libnss_files-2.23.so
7f77bb7c1000-7f77bb7c2000 rw-p 0000b000 08:03 662280                     /lib/x86_64-linux-gnu/libnss_files-2.23.so
7f77bb7c2000-7f77bb7c8000 rw-p 00000000 00:00 0 
7f77bb7c8000-7f77bb7d3000 r-xp 00000000 08:03 662991                     /lib/x86_64-linux-gnu/libnss_nis-2.23.so
7f77bb7d3000-7f77bb9d2000 ---p 0000b000 08:03 662991                     /lib/x86_64-linux-gnu/libnss_nis-2.23.so
7f77bb9d2000-7f77bb9d3000 r--p 0000a000 08:03 662991                     /lib/x86_64-linux-gnu/libnss_nis-2.23.so
7f77bb9d3000-7f77bb9d4000 rw-p 0000b000 08:03 662991                     /lib/x86_64-linux-gnu/libnss_nis-2.23.so
7f77bb9d4000-7f77bb9ea000 r-xp 00000000 08:03 658192                     /lib/x86_64-linux-gnu/libnsl-2.23.so
7f77bb9ea000-7f77bbbe9000 ---p 00016000 08:03 658192                     /lib/x86_64-linux-gnu/libnsl-2.23.so
7f77bbbe9000-7f77bbbea000 r--p 00015000 08:03 658192                     /lib/x86_64-linux-gnu/libnsl-2.23.so
7f77bbbea000-7f77bbbeb000 rw-p 00016000 08:03 658192                     /lib/x86_64-linux-gnu/libnsl-2.23.so
7f77bbbeb000-7f77bbbed000 rw-p 00000000 00:00 0 
7f77bbbed000-7f77bbbf5000 r-xp 00000000 08:03 676015                     /lib/x86_64-linux-gnu/libnss_compat-2.23.so
7f77bbbf5000-7f77bbdf4000 ---p 00008000 08:03 676015                     /lib/x86_64-linux-gnu/libnss_compat-2.23.so
7f77bbdf4000-7f77bbdf5000 r--p 00007000 08:03 676015                     /lib/x86_64-linux-gnu/libnss_compat-2.23.so
7f77bbdf5000-7f77bbdf6000 rw-p 00008000 08:03 676015                     /lib/x86_64-linux-gnu/libnss_compat-2.23.so
7f77bbdf6000-7f77bbe00000 r-xp 00000000 08:03 288788                     /usr/lib/jvm/java-8-oracle/jre/lib/amd64/libinstrument.so
7f77bbe00000-7f77bbfff000 ---p 0000a000 08:03 288788                     /usr/lib/jvm/java-8-oracle/jre/lib/amd64/libinstrument.so
7f77bbfff000-7f77bc000000 rw-p 00009000 08:03 288788                     /usr/lib/jvm/java-8-oracle/jre/lib/amd64/libinstrument.so
7f77bc000000-7f77bc82c000 rw-p 00000000 00:00 0 
7f77bc82c000-7f77c0000000 ---p 00000000 00:00 0 
7f77c0000000-7f77c0002000 r--s 0000f000 08:03 277247                     /root/.m2/repository/org/jboss/logging/jboss-logging/3.3.0.Final/jboss-logging-3.3.0.Final.jar
7f77c0002000-7f77c0003000 r--s 00000000 08:03 168663                     /root/.m2/repository/org/springframework/boot/spring-boot-starter-tomcat/1.5.1.RELEASE/spring-boot-starter-tomcat-1.5.1.RELEASE.jar
7f77c0003000-7f77c0004000 r--s 00000000 08:03 168671                     /root/.m2/repository/org/springframework/boot/spring-boot-starter-web/1.5.1.RELEASE/spring-boot-starter-web-1.5.1.RELEASE.jar
7f77c0004000-7f77c0006000 r--s 00004000 08:03 168674                     /root/.m2/repository/org/slf4j/log4j-over-slf4j/1.7.22/log4j-over-slf4j-1.7.22.jar
7f77c0006000-7f77c0008000 r--s 00000000 08:03 168666                     /root/.m2/repository/org/slf4j/jul-to-slf4j/1.7.22/jul-to-slf4j-1.7.22.jar
7f77c0008000-7f77c000a000 r--s 00003000 08:03 168668                     /root/.m2/repository/org/slf4j/jcl-over-slf4j/1.7.22/jcl-over-slf4j-1.7.22.jar
7f77c000a000-7f77c0015000 r--s 00069000 08:03 168662                     /root/.m2/repository/ch/qos/logback/logback-core/1.1.9/logback-core-1.1.9.jar
7f77c0015000-7f77c001b000 r--s 00045000 08:03 168664                     /root/.m2/repository/ch/qos/logback/logback-classic/1.1.9/logback-classic-1.1.9.jar
7f77c001b000-7f77c001c000 r--s 00000000 08:03 1114847                    /root/.m2/repository/org/springframework/boot/spring-boot-starter-logging/1.5.1.RELEASE/spring-boot-starter-logging-1.5.1.RELEASE.jar
7f77c001c000-7f77c001d000 r--s 00000000 08:03 1114851                    /root/.m2/repository/org/springframework/boot/spring-boot-starter/1.5.1.RELEASE/spring-boot-starter-1.5.1.RELEASE.jar
7f77c001d000-7f77c001e000 r--s 00000000 08:03 687375                     /root/.m2/repository/org/springframework/boot/spring-boot-starter-thymeleaf/1.5.1.RELEASE/spring-boot-starter-thymeleaf-1.5.1.RELEASE.jar
7f77c001e000-7f77c0031000 r--s 00345000 08:03 288807                     /usr/lib/jvm/java-8-oracle/jre/lib/resources.jar
7f77c0031000-7f77c0044000 r--s 000d6000 08:03 288806                     /usr/lib/jvm/java-8-oracle/jre/lib/plugin.jar
7f77c0044000-7f77c0045000 r--s 00000000 08:03 288793                     /usr/lib/jvm/java-8-oracle/jre/lib/management-agent.jar
7f77c0045000-7f77c0060000 r--s 0020b000 08:03 288802                     /usr/lib/jvm/java-8-oracle/jre/lib/deploy.jar
7f77c0060000-7f77c00d6000 rw-p 00000000 00:00 0 
7f77c00d6000-7f77c00d7000 ---p 00000000 00:00 0 
7f77c00d7000-7f77c01d7000 rw-p 00000000 00:00 0 
7f77c01d7000-7f77c0202000 r-xp 00000000 08:03 288777                     /usr/lib/jvm/java-8-oracle/jre/lib/amd64/libjava.so
7f77c0202000-7f77c0401000 ---p 0002b000 08:03 288777                     /usr/lib/jvm/java-8-oracle/jre/lib/amd64/libjava.so
7f77c0401000-7f77c0403000 rw-p 0002a000 08:03 288777                     /usr/lib/jvm/java-8-oracle/jre/lib/amd64/libjava.so
7f77c0403000-7f77c0410000 r-xp 00000000 08:03 287919                     /usr/lib/jvm/java-8-oracle/jre/lib/amd64/libverify.so
7f77c0410000-7f77c0610000 ---p 0000d000 08:03 287919                     /usr/lib/jvm/java-8-oracle/jre/lib/amd64/libverify.so
7f77c0610000-7f77c0612000 rw-p 0000d000 08:03 287919                     /usr/lib/jvm/java-8-oracle/jre/lib/amd64/libverify.so
7f77c0612000-7f77c0619000 r-xp 00000000 08:03 662994                     /lib/x86_64-linux-gnu/librt-2.23.so
7f77c0619000-7f77c0818000 ---p 00007000 08:03 662994                     /lib/x86_64-linux-gnu/librt-2.23.so
7f77c0818000-7f77c0819000 r--p 00006000 08:03 662994                     /lib/x86_64-linux-gnu/librt-2.23.so
7f77c0819000-7f77c081a000 rw-p 00007000 08:03 662994                     /lib/x86_64-linux-gnu/librt-2.23.so
7f77c081a000-7f77c0922000 r-xp 00000000 08:03 676020                     /lib/x86_64-linux-gnu/libm-2.23.so
7f77c0922000-7f77c0b21000 ---p 00108000 08:03 676020                     /lib/x86_64-linux-gnu/libm-2.23.so
7f77c0b21000-7f77c0b22000 r--p 00107000 08:03 676020                     /lib/x86_64-linux-gnu/libm-2.23.so
7f77c0b22000-7f77c0b23000 rw-p 00108000 08:03 676020                     /lib/x86_64-linux-gnu/libm-2.23.so
7f77c0b23000-7f77c17f6000 r-xp 00000000 08:03 288781                     /usr/lib/jvm/java-8-oracle/jre/lib/amd64/server/libjvm.so
7f77c17f6000-7f77c19f5000 ---p 00cd3000 08:03 288781                     /usr/lib/jvm/java-8-oracle/jre/lib/amd64/server/libjvm.so
7f77c19f5000-7f77c1acf000 rw-p 00cd2000 08:03 288781                     /usr/lib/jvm/java-8-oracle/jre/lib/amd64/server/libjvm.so
7f77c1acf000-7f77c1b1a000 rw-p 00000000 00:00 0 
7f77c1b1a000-7f77c1cda000 r-xp 00000000 08:03 676025                     /lib/x86_64-linux-gnu/libc-2.23.so
7f77c1cda000-7f77c1eda000 ---p 001c0000 08:03 676025                     /lib/x86_64-linux-gnu/libc-2.23.so
7f77c1eda000-7f77c1ede000 r--p 001c0000 08:03 676025                     /lib/x86_64-linux-gnu/libc-2.23.so
7f77c1ede000-7f77c1ee0000 rw-p 001c4000 08:03 676025                     /lib/x86_64-linux-gnu/libc-2.23.so
7f77c1ee0000-7f77c1ee4000 rw-p 00000000 00:00 0 
7f77c1ee4000-7f77c1ee7000 r-xp 00000000 08:03 666853                     /lib/x86_64-linux-gnu/libdl-2.23.so
7f77c1ee7000-7f77c20e6000 ---p 00003000 08:03 666853                     /lib/x86_64-linux-gnu/libdl-2.23.so
7f77c20e6000-7f77c20e7000 r--p 00002000 08:03 666853                     /lib/x86_64-linux-gnu/libdl-2.23.so
7f77c20e7000-7f77c20e8000 rw-p 00003000 08:03 666853                     /lib/x86_64-linux-gnu/libdl-2.23.so
7f77c20e8000-7f77c20fd000 r-xp 00000000 08:03 273591                     /usr/lib/jvm/java-8-oracle/lib/amd64/jli/libjli.so
7f77c20fd000-7f77c22fd000 ---p 00015000 08:03 273591                     /usr/lib/jvm/java-8-oracle/lib/amd64/jli/libjli.so
7f77c22fd000-7f77c22fe000 rw-p 00015000 08:03 273591                     /usr/lib/jvm/java-8-oracle/lib/amd64/jli/libjli.so
7f77c22fe000-7f77c2316000 r-xp 00000000 08:03 662309                     /lib/x86_64-linux-gnu/libpthread-2.23.so
7f77c2316000-7f77c2515000 ---p 00018000 08:03 662309                     /lib/x86_64-linux-gnu/libpthread-2.23.so
7f77c2515000-7f77c2516000 r--p 00017000 08:03 662309                     /lib/x86_64-linux-gnu/libpthread-2.23.so
7f77c2516000-7f77c2517000 rw-p 00018000 08:03 662309                     /lib/x86_64-linux-gnu/libpthread-2.23.so
7f77c2517000-7f77c251b000 rw-p 00000000 00:00 0 
7f77c251b000-7f77c2541000 r-xp 00000000 08:03 662227                     /lib/x86_64-linux-gnu/ld-2.23.so
7f77c2541000-7f77c2546000 r--s 0009a000 08:03 285792                     /usr/lib/jvm/java-8-oracle/jre/lib/jsse.jar
7f77c2546000-7f77c2548000 r--s 00007000 08:03 288792                     /usr/lib/jvm/java-8-oracle/jre/lib/jfxswt.jar
7f77c2548000-7f77c254d000 r--s 00084000 08:03 288799                     /usr/lib/jvm/java-8-oracle/jre/lib/jfr.jar
7f77c254d000-7f77c2550000 r--s 0001a000 08:03 288811                     /usr/lib/jvm/java-8-oracle/jre/lib/jce.jar
7f77c2550000-7f77c2620000 rw-p 00000000 00:00 0 
7f77c2620000-7f77c2623000 ---p 00000000 00:00 0 
7f77c2623000-7f77c2725000 rw-p 00000000 00:00 0 
7f77c2725000-7f77c272f000 r--s 0006c000 08:03 288801                     /usr/lib/jvm/java-8-oracle/jre/lib/javaws.jar
7f77c272f000-7f77c2734000 r--s 002f9000 08:03 285793                     /usr/lib/jvm/java-8-oracle/jre/lib/charsets.jar
7f77c2734000-7f77c273c000 rw-s 00000000 08:03 1115104                    /tmp/hsperfdata_root/14258
7f77c273c000-7f77c273d000 rw-p 00000000 00:00 0 
7f77c273d000-7f77c273e000 ---p 00000000 00:00 0 
7f77c273e000-7f77c2740000 rw-p 00000000 00:00 0 
7f77c2740000-7f77c2741000 r--p 00025000 08:03 662227                     /lib/x86_64-linux-gnu/ld-2.23.so
7f77c2741000-7f77c2742000 rw-p 00026000 08:03 662227                     /lib/x86_64-linux-gnu/ld-2.23.so
7f77c2742000-7f77c2743000 rw-p 00000000 00:00 0 
7fff7024f000-7fff70271000 rw-p 00000000 00:00 0                          [stack]
7fff7033e000-7fff70340000 r--p 00000000 00:00 0                          [vvar]
7fff70340000-7fff70342000 r-xp 00000000 00:00 0                          [vdso]
ffffffffff600000-ffffffffff601000 r-xp 00000000 00:00 0                  [vsyscall]

VM Arguments:
jvm_args: -XX:TieredStopAtLevel=1 -Xverify:none -Dspring.output.ansi.enabled=always -Dcom.sun.management.jmxremote -Dcom.sun.management.jmxremote.port=42310 -Dcom.sun.management.jmxremote.authenticate=false -Dcom.sun.management.jmxremote.ssl=false -Dspring.liveBeansView.mbeanDomain -Dspring.application.admin.enabled=true -javaagent:/home/toby/Downloads/idea-IU-172.3968.16/lib/idea_rt.jar=33938:/home/toby/Downloads/idea-IU-172.3968.16/bin -Dfile.encoding=UTF-8 
java_command: application.Application
java_class_path (initial): /usr/lib/jvm/java-8-oracle/jre/lib/charsets.jar:/usr/lib/jvm/java-8-oracle/jre/lib/deploy.jar:/usr/lib/jvm/java-8-oracle/jre/lib/ext/cldrdata.jar:/usr/lib/jvm/java-8-oracle/jre/lib/ext/dnsns.jar:/usr/lib/jvm/java-8-oracle/jre/lib/ext/jaccess.jar:/usr/lib/jvm/java-8-oracle/jre/lib/ext/jfxrt.jar:/usr/lib/jvm/java-8-oracle/jre/lib/ext/localedata.jar:/usr/lib/jvm/java-8-oracle/jre/lib/ext/nashorn.jar:/usr/lib/jvm/java-8-oracle/jre/lib/ext/sunec.jar:/usr/lib/jvm/java-8-oracle/jre/lib/ext/sunjce_provider.jar:/usr/lib/jvm/java-8-oracle/jre/lib/ext/sunpkcs11.jar:/usr/lib/jvm/java-8-oracle/jre/lib/ext/zipfs.jar:/usr/lib/jvm/java-8-oracle/jre/lib/javaws.jar:/usr/lib/jvm/java-8-oracle/jre/lib/jce.jar:/usr/lib/jvm/java-8-oracle/jre/lib/jfr.jar:/usr/lib/jvm/java-8-oracle/jre/lib/jfxswt.jar:/usr/lib/jvm/java-8-oracle/jre/lib/jsse.jar:/usr/lib/jvm/java-8-oracle/jre/lib/management-agent.jar:/usr/lib/jvm/java-8-oracle/jre/lib/plugin.jar:/usr/lib/jvm/java-8-oracle/jre/lib/resources.jar:/usr/lib/jvm/java-8-oracle/jre/lib/rt.jar:/home/toby/Downloads/FrontendApplication/target/classes:/root/.m2/repository/org/springframework/boot/spring-boot-starter-thymeleaf/1.5.1.RELEASE/spring-boot-starter-thymeleaf-1.5.1.RELEASE.jar:/root/.m2/repository/org/springframework/boot/spring-boot-starter/1.5.1.RELEASE/spring-boot-starter-1.5.1.RELEASE.jar:/root/.m2/repository/org/springframework/boot/spring-boot-starter-logging/1.5.1.RELEASE/spring-boot-starter-logging-1.5.1.RELEASE.jar:/root/.m2/repository/ch/qos/logback/logback-classic/1.1.9/logback-classic-1.1.9.jar:/root/.m2/repository/ch/qos/logback/logback-core/1.1.9/logback-core-1.1.9.jar:/root/.m2/repository/org/slf4j/jcl-over-slf4j/1.7.22/jcl-over-slf4j-1.7.22.jar:/root/.m2/repository/org/slf4j/jul-to-slf4j/1.7.22/jul-to-slf4j-1.7.22.jar:/root/.m2/repository/org/slf4j/log4j-over-slf4j/1.7.22/log4j-over-slf4j-1.7.22.jar:/root/.m2/repository/org/springframework/spring-core/4.3.6.RELEASE/spring-core-4.3.6.RELEASE.jar:/roo
Launcher Type: SUN_STANDARD

Environment Variables:
PATH=/usr/local/sbin:/usr/local/bin:/usr/sbin:/usr/bin:/sbin:/bin:/snap/bin
USERNAME=root
LD_LIBRARY_PATH=/home/toby/Downloads/idea-IU-172.3968.16/bin:
SHELL=/bin/bash
DISPLAY=:0

Signal Handlers:
SIGSEGV: [libjvm.so+0xacba10], sa_mask[0]=11111111011111111101111111111110, sa_flags=SA_RESTART|SA_SIGINFO
SIGBUS: [libjvm.so+0xacba10], sa_mask[0]=11111111011111111101111111111110, sa_flags=SA_RESTART|SA_SIGINFO
SIGFPE: [libjvm.so+0x924ba0], sa_mask[0]=11111111011111111101111111111110, sa_flags=SA_RESTART|SA_SIGINFO
SIGPIPE: [libjvm.so+0x924ba0], sa_mask[0]=11111111011111111101111111111110, sa_flags=SA_RESTART|SA_SIGINFO
SIGXFSZ: [libjvm.so+0x924ba0], sa_mask[0]=11111111011111111101111111111110, sa_flags=SA_RESTART|SA_SIGINFO
SIGILL: [libjvm.so+0x924ba0], sa_mask[0]=11111111011111111101111111111110, sa_flags=SA_RESTART|SA_SIGINFO
SIGUSR1: SIG_DFL, sa_mask[0]=00000000000000000000000000000000, sa_flags=none
SIGUSR2: [libjvm.so+0x9263e0], sa_mask[0]=00100000000000000000000000000000, sa_flags=SA_RESTART|SA_SIGINFO
SIGHUP: [libjvm.so+0x9277e0], sa_mask[0]=11111111011111111101111111111110, sa_flags=SA_RESTART|SA_SIGINFO
SIGINT: [libjvm.so+0x9277e0], sa_mask[0]=11111111011111111101111111111110, sa_flags=SA_RESTART|SA_SIGINFO
SIGTERM: [libjvm.so+0x9277e0], sa_mask[0]=11111111011111111101111111111110, sa_flags=SA_RESTART|SA_SIGINFO
SIGQUIT: [libjvm.so+0x9277e0], sa_mask[0]=11111111011111111101111111111110, sa_flags=SA_RESTART|SA_SIGINFO


---------------  S Y S T E M  ---------------

OS:DISTRIB_ID=Ubuntu
DISTRIB_RELEASE=16.04
DISTRIB_CODENAME=xenial
DISTRIB_DESCRIPTION="Ubuntu 16.04.1 LTS"

uname:Linux 4.4.0-97-generic #120-Ubuntu SMP Tue Sep 19 17:28:18 UTC 2017 x86_64
libc:glibc 2.23 NPTL 2.23 
rlimit: STACK 8192k, CORE 0k, NPROC 30608, NOFILE 65536, AS infinity
load average:1.96 1.44 0.96

/proc/meminfo:
MemTotal:        7875056 kB
MemFree:          123148 kB
MemAvailable:      37592 kB
Buffers:             736 kB
Cached:          1003568 kB
SwapCached:            0 kB
Active:          6561328 kB
Inactive:         934396 kB
Active(anon):    6539280 kB
Inactive(anon):   906632 kB
Active(file):      22048 kB
Inactive(file):    27764 kB
Unevictable:         232 kB
Mlocked:             232 kB
SwapTotal:             0 kB
SwapFree:              0 kB
Dirty:               756 kB
Writeback:             0 kB
AnonPages:       6491892 kB
Mapped:           334316 kB
Shmem:            953644 kB
Slab:              97484 kB
SReclaimable:      48848 kB
SUnreclaim:        48636 kB
KernelStack:       17328 kB
PageTables:        70936 kB
NFS_Unstable:          0 kB
Bounce:                0 kB
WritebackTmp:          0 kB
CommitLimit:     3937528 kB
Committed_AS:   15822008 kB
VmallocTotal:   34359738367 kB
VmallocUsed:           0 kB
VmallocChunk:          0 kB
HardwareCorrupted:     0 kB
AnonHugePages:   2942976 kB
CmaTotal:              0 kB
CmaFree:               0 kB
HugePages_Total:       0
HugePages_Free:        0
HugePages_Rsvd:        0
HugePages_Surp:        0
Hugepagesize:       2048 kB
DirectMap4k:      210500 kB
DirectMap2M:     7874560 kB
DirectMap1G:     1048576 kB


CPU:total 4 (initial active 4) (2 cores per cpu, 2 threads per core) family 6 model 60 stepping 3, cmov, cx8, fxsr, mmx, sse, sse2, sse3, ssse3, sse4.1, sse4.2, popcnt, avx, avx2, aes, clmul, erms, lzcnt, ht, tsc, tscinvbit, bmi1, bmi2

/proc/cpuinfo:
processor	: 0
vendor_id	: GenuineIntel
cpu family	: 6
model		: 60
model name	: Intel(R) Core(TM) i5-4210M CPU @ 2.60GHz
stepping	: 3
microcode	: 0x17
cpu MHz		: 3068.609
cache size	: 3072 KB
physical id	: 0
siblings	: 4
core id		: 0
cpu cores	: 2
apicid		: 0
initial apicid	: 0
fpu		: yes
fpu_exception	: yes
cpuid level	: 13
wp		: yes
flags		: fpu vme de pse tsc msr pae mce cx8 apic sep mtrr pge mca cmov pat pse36 clflush dts acpi mmx fxsr sse sse2 ss ht tm pbe syscall nx pdpe1gb rdtscp lm constant_tsc arch_perfmon pebs bts rep_good nopl xtopology nonstop_tsc aperfmperf eagerfpu pni pclmulqdq dtes64 monitor ds_cpl vmx est tm2 ssse3 sdbg fma cx16 xtpr pdcm pcid sse4_1 sse4_2 movbe popcnt tsc_deadline_timer aes xsave avx f16c rdrand lahf_lm abm epb tpr_shadow vnmi flexpriority ept vpid fsgsbase tsc_adjust bmi1 avx2 smep bmi2 erms invpcid xsaveopt dtherm ida arat pln pts
bugs		:
bogomips	: 5187.78
clflush size	: 64
cache_alignment	: 64
address sizes	: 39 bits physical, 48 bits virtual
power management:

processor	: 1
vendor_id	: GenuineIntel
cpu family	: 6
model		: 60
model name	: Intel(R) Core(TM) i5-4210M CPU @ 2.60GHz
stepping	: 3
microcode	: 0x17
cpu MHz		: 2696.789
cache size	: 3072 KB
physical id	: 0
siblings	: 4
core id		: 0
cpu cores	: 2
apicid		: 1
initial apicid	: 1
fpu		: yes
fpu_exception	: yes
cpuid level	: 13
wp		: yes
flags		: fpu vme de pse tsc msr pae mce cx8 apic sep mtrr pge mca cmov pat pse36 clflush dts acpi mmx fxsr sse sse2 ss ht tm pbe syscall nx pdpe1gb rdtscp lm constant_tsc arch_perfmon pebs bts rep_good nopl xtopology nonstop_tsc aperfmperf eagerfpu pni pclmulqdq dtes64 monitor ds_cpl vmx est tm2 ssse3 sdbg fma cx16 xtpr pdcm pcid sse4_1 sse4_2 movbe popcnt tsc_deadline_timer aes xsave avx f16c rdrand lahf_lm abm epb tpr_shadow vnmi flexpriority ept vpid fsgsbase tsc_adjust bmi1 avx2 smep bmi2 erms invpcid xsaveopt dtherm ida arat pln pts
bugs		:
bogomips	: 5187.78
clflush size	: 64
cache_alignment	: 64
address sizes	: 39 bits physical, 48 bits virtual
power management:

processor	: 2
vendor_id	: GenuineIntel
cpu family	: 6
model		: 60
model name	: Intel(R) Core(TM) i5-4210M CPU @ 2.60GHz
stepping	: 3
microcode	: 0x17
cpu MHz		: 2920.226
cache size	: 3072 KB
physical id	: 0
siblings	: 4
core id		: 1
cpu cores	: 2
apicid		: 2
initial apicid	: 2
fpu		: yes
fpu_exception	: yes
cpuid level	: 13
wp		: yes
flags		: fpu vme de pse tsc msr pae mce cx8 apic sep mtrr pge mca cmov pat pse36 clflush dts acpi mmx fxsr sse sse2 ss ht tm pbe syscall nx pdpe1gb rdtscp lm constant_tsc arch_perfmon pebs bts rep_good nopl xtopology nonstop_tsc aperfmperf eagerfpu pni pclmulqdq dtes64 monitor ds_cpl vmx est tm2 ssse3 sdbg fma cx16 xtpr pdcm pcid sse4_1 sse4_2 movbe popcnt tsc_deadline_timer aes xsave avx f16c rdrand lahf_lm abm epb tpr_shadow vnmi flexpriority ept vpid fsgsbase tsc_adjust bmi1 avx2 smep bmi2 erms invpcid xsaveopt dtherm ida arat pln pts
bugs		:
bogomips	: 5187.78
clflush size	: 64
cache_alignment	: 64
address sizes	: 39 bits physical, 48 bits virtual
power management:

processor	: 3
vendor_id	: GenuineIntel
cpu family	: 6
model		: 60
model name	: Intel(R) Core(TM) i5-4210M CPU @ 2.60GHz
stepping	: 3
microcode	: 0x17
cpu MHz		: 2911.492
cache size	: 3072 KB
physical id	: 0
siblings	: 4
core id		: 1
cpu cores	: 2
apicid		: 3
initial apicid	: 3
fpu		: yes
fpu_exception	: yes
cpuid level	: 13
wp		: yes
flags		: fpu vme de pse tsc msr pae mce cx8 apic sep mtrr pge mca cmov pat pse36 clflush dts acpi mmx fxsr sse sse2 ss ht tm pbe syscall nx pdpe1gb rdtscp lm constant_tsc arch_perfmon pebs bts rep_good nopl xtopology nonstop_tsc aperfmperf eagerfpu pni pclmulqdq dtes64 monitor ds_cpl vmx est tm2 ssse3 sdbg fma cx16 xtpr pdcm pcid sse4_1 sse4_2 movbe popcnt tsc_deadline_timer aes xsave avx f16c rdrand lahf_lm abm epb tpr_shadow vnmi flexpriority ept vpid fsgsbase tsc_adjust bmi1 avx2 smep bmi2 erms invpcid xsaveopt dtherm ida arat pln pts
bugs		:
bogomips	: 5187.78
clflush size	: 64
cache_alignment	: 64
address sizes	: 39 bits physical, 48 bits virtual
power management:



Memory: 4k page, physical 7875056k(123444k free), swap 0k(0k free)

vm_info: Java HotSpot(TM) 64-Bit Server VM (25.144-b01) for linux-amd64 JRE (1.8.0_144-b01), built on Jul 21 2017 21:57:33 by "java_re" with gcc 4.3.0 20080428 (Red Hat 4.3.0-8)

time: Tue Oct 31 11:54:15 2017
elapsed time: 5 seconds (0d 0h 0m 5s)

