#
# There is insufficient memory for the Java Runtime Environment to continue.
# Native memory allocation (mmap) failed to map 111673344 bytes for committing reserved memory.
# Possible reasons:
#   The system is out of physical RAM or swap space
#   In 32 bit mode, the process size limit was hit
# Possible solutions:
#   Reduce memory load on the system
#   Increase physical memory or swap space
#   Check if swap backing store is full
#   Use 64 bit Java on a 64 bit OS
#   Decrease Java heap size (-Xmx/-Xms)
#   Decrease number of Java threads
#   Decrease Java thread stack sizes (-Xss)
#   Set larger code cache with -XX:ReservedCodeCacheSize=
# This output file may be truncated or incomplete.
#
#  Out of Memory Error (os_linux.cpp:2640), pid=14581, tid=0x00007f1d39dc7700
#
# JRE version: Java(TM) SE Runtime Environment (8.0_144-b01) (build 1.8.0_144-b01)
# Java VM: Java HotSpot(TM) 64-Bit Server VM (25.144-b01 mixed mode linux-amd64 compressed oops)
# Failed to write core dump. Core dumps have been disabled. To enable core dumping, try "ulimit -c unlimited" before starting Java again
#

---------------  T H R E A D  ---------------

Current thread (0x00007f1d50142800):  VMThread [stack: 0x00007f1d39cc7000,0x00007f1d39dc8000] [id=14593]

Stack: [0x00007f1d39cc7000,0x00007f1d39dc8000],  sp=0x00007f1d39dc6280,  free space=1020k
Native frames: (J=compiled Java code, j=interpreted, Vv=VM code, C=native code)
V  [libjvm.so+0xacb18a]  VMError::report_and_die()+0x2ba
V  [libjvm.so+0x4ff4db]  report_vm_out_of_memory(char const*, int, unsigned long, VMErrorType, char const*)+0x8b
V  [libjvm.so+0x927d23]  os::Linux::commit_memory_impl(char*, unsigned long, bool)+0x103
V  [libjvm.so+0x928279]  os::pd_commit_memory(char*, unsigned long, unsigned long, bool)+0x29
V  [libjvm.so+0x92249a]  os::commit_memory(char*, unsigned long, unsigned long, bool)+0x2a
V  [libjvm.so+0x996ff3]  PSVirtualSpace::expand_by(unsigned long)+0x53
V  [libjvm.so+0x9983f8]  PSYoungGen::resize_generation(unsigned long, unsigned long)+0xf8
V  [libjvm.so+0x997552]  PSYoungGen::resize(unsigned long, unsigned long)+0x22
V  [libjvm.so+0x99482b]  PSScavenge::invoke_no_policy()+0xf3b
V  [libjvm.so+0x98fad5]  PSParallelCompact::invoke(bool)+0x85
V  [libjvm.so+0x485f14]  CollectedHeap::collect_as_vm_thread(GCCause::Cause)+0x114
V  [libjvm.so+0xacc601]  VM_CollectForMetadataAllocation::doit()+0x161
V  [libjvm.so+0xad4685]  VM_Operation::evaluate()+0x55
V  [libjvm.so+0xad2a5a]  VMThread::evaluate_operation(VM_Operation*)+0xba
V  [libjvm.so+0xad2dde]  VMThread::loop()+0x1ce
V  [libjvm.so+0xad3250]  VMThread::run()+0x70
V  [libjvm.so+0x92a338]  java_start(Thread*)+0x108

VM_Operation (0x00007f1d31530860): CollectForMetadataAllocation, mode: safepoint, requested by thread 0x000000000234b000


---------------  P R O C E S S  ---------------

Java Threads: ( => current thread )
  0x00007f1cf0003000 JavaThread "Keep-Alive-Timer" daemon [_thread_blocked, id=14967, stack(0x00007f1d33847000,0x00007f1d33948000)]
  0x00007f1cb400b800 JavaThread "http-nio-8080-exec-10" daemon [_thread_blocked, id=14687, stack(0x00007f1d33245000,0x00007f1d33346000)]
  0x00007f1cb4009800 JavaThread "http-nio-8080-exec-9" daemon [_thread_blocked, id=14684, stack(0x00007f1d31233000,0x00007f1d31334000)]
  0x00007f1cb4007800 JavaThread "http-nio-8080-exec-7" daemon [_thread_blocked, id=14683, stack(0x00007f1d31334000,0x00007f1d31435000)]
  0x000000000234b000 JavaThread "http-nio-8080-exec-8" daemon [_thread_blocked, id=14682, stack(0x00007f1d31435000,0x00007f1d31536000)]
  0x0000000002349000 JavaThread "http-nio-8080-exec-6" daemon [_thread_blocked, id=14681, stack(0x00007f1d31536000,0x00007f1d31637000)]
  0x0000000002347800 JavaThread "http-nio-8080-exec-5" daemon [_thread_blocked, id=14680, stack(0x00007f1d31637000,0x00007f1d31738000)]
  0x00007f1cb4006000 JavaThread "http-nio-8080-exec-4" daemon [_thread_blocked, id=14677, stack(0x00007f1d31738000,0x00007f1d31839000)]
  0x00007f1cb4005000 JavaThread "http-nio-8080-exec-2" daemon [_thread_blocked, id=14676, stack(0x00007f1d33eff000,0x00007f1d34000000)]
  0x0000000002346800 JavaThread "http-nio-8080-exec-3" daemon [_thread_blocked, id=14675, stack(0x00007f1d31a39000,0x00007f1d31b3a000)]
  0x00007f1cb4001800 JavaThread "http-nio-8080-exec-1" daemon [_thread_blocked, id=14674, stack(0x00007f1d31c3b000,0x00007f1d31d3c000)]
  0x00007f1cf4003800 JavaThread "RMI TCP Connection(idle)" daemon [_thread_blocked, id=14666, stack(0x00007f1d31b3a000,0x00007f1d31c3b000)]
  0x00007f1d5000d800 JavaThread "DestroyJavaVM" [_thread_blocked, id=14583, stack(0x00007f1d5662c000,0x00007f1d5672d000)]
  0x00007f1cd473b800 JavaThread "http-nio-8080-AsyncTimeout" daemon [_thread_blocked, id=14661, stack(0x00007f1d31d3c000,0x00007f1d31e3d000)]
  0x00007f1cd473a000 JavaThread "http-nio-8080-Acceptor-0" daemon [_thread_in_native, id=14660, stack(0x00007f1d31e3d000,0x00007f1d31f3e000)]
  0x00007f1cd4737800 JavaThread "http-nio-8080-ClientPoller-1" daemon [_thread_in_native, id=14659, stack(0x00007f1d31f3e000,0x00007f1d3203f000)]
  0x00007f1cd4701800 JavaThread "http-nio-8080-ClientPoller-0" daemon [_thread_in_native, id=14658, stack(0x00007f1d3203f000,0x00007f1d32140000)]
  0x00007f1cd46ff800 JavaThread "NioBlockingSelector.BlockPoller-1" daemon [_thread_in_native, id=14657, stack(0x00007f1d32241000,0x00007f1d32342000)]
  0x00007f1cd46d7800 JavaThread "Live Reload Server" daemon [_thread_in_native, id=14656, stack(0x00007f1d32140000,0x00007f1d32241000)]
  0x00007f1cd46d3000 JavaThread "File Watcher" daemon [_thread_blocked, id=14654, stack(0x00007f1d32742000,0x00007f1d32843000)]
  0x00007f1cd45f3000 JavaThread "container-0" [_thread_blocked, id=14649, stack(0x00007f1d32843000,0x00007f1d32944000)]
  0x00007f1cd45f1000 JavaThread "ContainerBackgroundProcessor[StandardEngine[Tomcat]]" daemon [_thread_blocked, id=14648, stack(0x00007f1d32944000,0x00007f1d32a45000)]
  0x00007f1ce4007000 JavaThread "RMI Scheduler(0)" daemon [_thread_blocked, id=14618, stack(0x00007f1d38030000,0x00007f1d38131000)]
  0x00007f1d504fe800 JavaThread "RMI TCP Accept-0" daemon [_thread_in_native, id=14613, stack(0x00007f1d38434000,0x00007f1d38535000)]
  0x00007f1d504f7000 JavaThread "RMI TCP Accept-32870" daemon [_thread_in_native, id=14612, stack(0x00007f1d38535000,0x00007f1d38636000)]
  0x00007f1d504e3000 JavaThread "RMI TCP Accept-0" daemon [_thread_in_native, id=14611, stack(0x00007f1d38636000,0x00007f1d38737000)]
  0x00007f1d503e8000 JavaThread "Service Thread" daemon [_thread_blocked, id=14610, stack(0x00007f1d38b56000,0x00007f1d38c57000)]
  0x00007f1d503e5000 JavaThread "C1 CompilerThread2" daemon [_thread_blocked, id=14609, stack(0x00007f1d38c57000,0x00007f1d38d58000)]
  0x00007f1d503e3000 JavaThread "C2 CompilerThread1" daemon [_thread_blocked, id=14608, stack(0x00007f1d39270000,0x00007f1d39371000)]
  0x00007f1d503e1000 JavaThread "C2 CompilerThread0" daemon [_thread_blocked, id=14607, stack(0x00007f1d39371000,0x00007f1d39472000)]
  0x00007f1d503d7000 JavaThread "Monitor Ctrl-Break" daemon [_thread_in_native, id=14606, stack(0x00007f1d39472000,0x00007f1d39573000)]
  0x00007f1d50182000 JavaThread "Signal Dispatcher" daemon [_thread_blocked, id=14604, stack(0x00007f1d396ec000,0x00007f1d397ed000)]
  0x00007f1d5014f000 JavaThread "Finalizer" daemon [_thread_blocked, id=14597, stack(0x00007f1d39ac5000,0x00007f1d39bc6000)]
  0x00007f1d5014a000 JavaThread "Reference Handler" daemon [_thread_blocked, id=14595, stack(0x00007f1d39bc6000,0x00007f1d39cc7000)]

Other Threads:
=>0x00007f1d50142800 VMThread [stack: 0x00007f1d39cc7000,0x00007f1d39dc8000] [id=14593]
  0x00007f1d50503000 WatcherThread [stack: 0x00007f1d38333000,0x00007f1d38434000] [id=14614]

VM state:at safepoint (normal execution)

VM Mutex/Monitor currently owned by a thread:  ([mutex/lock_event])
[0x00007f1d50009e20] Threads_lock - owner thread: 0x00007f1d50142800
[0x00007f1d5000a320] Heap_lock - owner thread: 0x000000000234b000

Heap:
 PSYoungGen      total 216576K, used 14641K [0x00000000d7f00000, 0x00000000e6280000, 0x0000000100000000)
  eden space 200192K, 0% used [0x00000000d7f00000,0x00000000d7f00000,0x00000000e4280000)
  from space 16384K, 89% used [0x00000000e4280000,0x00000000e50cc738,0x00000000e5280000)
  to   space 13824K, 0% used [0x00000000e5500000,0x00000000e5500000,0x00000000e6280000)
 ParOldGen       total 61440K, used 17222K [0x0000000087c00000, 0x000000008b800000, 0x00000000d7f00000)
  object space 61440K, 28% used [0x0000000087c00000,0x0000000088cd18e8,0x000000008b800000)
 Metaspace       used 34665K, capacity 35159K, committed 35416K, reserved 1081344K
  class space    used 4350K, capacity 4480K, committed 4480K, reserved 1048576K

Card table byte_map: [0x00007f1d3fc18000,0x00007f1d3ffdb000] byte_map_base: 0x00007f1d3f7da000

Marking Bits: (ParMarkBitMap*) 0x00007f1d55af8dc0
 Begin Bits: [0x00007f1d3ba73000, 0x00007f1d3d883000)
 End Bits:   [0x00007f1d3d883000, 0x00007f1d3f693000)

Polling page: 0x00007f1d56749000

CodeCache: size=245760Kb used=8204Kb max_used=8204Kb free=237555Kb
 bounds [0x00007f1d4039b000, 0x00007f1d40bab000, 0x00007f1d4f39b000]
 total_blobs=4173 nmethods=3484 adapters=602
 compilation: enabled

Compilation events (10 events):
Event: 96.965 Thread 0x00007f1d503e5000 3550       1       sun.misc.Unsafe::getAndAddLong (27 bytes)
Event: 96.966 Thread 0x00007f1d503e5000 nmethod 3550 0x00007f1d40b9ec10 code [0x00007f1d40b9ed60, 0x00007f1d40b9eeb0]
Event: 96.969 Thread 0x00007f1d503e5000 3552       1       org.springframework.web.util.HierarchicalUriComponents$Type::isPchar (34 bytes)
Event: 96.969 Thread 0x00007f1d503e5000 nmethod 3552 0x00007f1d40b9ef50 code [0x00007f1d40b9f0c0, 0x00007f1d40b9f258]
Event: 96.969 Thread 0x00007f1d503e5000 3551  s    1       java.io.ByteArrayOutputStream::toByteArray (12 bytes)
Event: 96.969 Thread 0x00007f1d503e5000 nmethod 3551 0x00007f1d40b9f310 code [0x00007f1d40b9f480, 0x00007f1d40b9f828]
Event: 97.046 Thread 0x00007f1d503e5000 3553       1       org.springframework.util.LinkedCaseInsensitiveMap::get (41 bytes)
Event: 97.046 Thread 0x00007f1d503e5000 nmethod 3553 0x00007f1d40b9f950 code [0x00007f1d40b9fb00, 0x00007f1d40b9fe48]
Event: 97.046 Thread 0x00007f1d503e5000 3554       1       org.springframework.util.LinkedCaseInsensitiveMap::put (48 bytes)
Event: 97.046 Thread 0x00007f1d503e5000 nmethod 3554 0x00007f1d40ba00d0 code [0x00007f1d40ba0280, 0x00007f1d40ba04e8]

GC Heap History (10 events):
Event: 2.039 GC heap after
Heap after GC invocations=3 (full 0):
 PSYoungGen      total 67584K, used 5088K [0x00000000d7f00000, 0x00000000e0300000, 0x0000000100000000)
  eden space 62464K, 0% used [0x00000000d7f00000,0x00000000d7f00000,0x00000000dbc00000)
  from space 5120K, 99% used [0x00000000dbc00000,0x00000000dc0f8020,0x00000000dc100000)
  to   space 5120K, 0% used [0x00000000dfe00000,0x00000000dfe00000,0x00000000e0300000)
 ParOldGen       total 83456K, used 11024K [0x0000000087c00000, 0x000000008cd80000, 0x00000000d7f00000)
  object space 83456K, 13% used [0x0000000087c00000,0x00000000886c4188,0x000000008cd80000)
 Metaspace       used 20082K, capacity 20334K, committed 20608K, reserved 1067008K
  class space    used 2502K, capacity 2599K, committed 2688K, reserved 1048576K
}
Event: 2.475 GC heap before
{Heap before GC invocations=4 (full 0):
 PSYoungGen      total 67584K, used 65518K [0x00000000d7f00000, 0x00000000e0300000, 0x0000000100000000)
  eden space 62464K, 96% used [0x00000000d7f00000,0x00000000dba038a0,0x00000000dbc00000)
  from space 5120K, 99% used [0x00000000dbc00000,0x00000000dc0f8020,0x00000000dc100000)
  to   space 5120K, 0% used [0x00000000dfe00000,0x00000000dfe00000,0x00000000e0300000)
 ParOldGen       total 83456K, used 11024K [0x0000000087c00000, 0x000000008cd80000, 0x00000000d7f00000)
  object space 83456K, 13% used [0x0000000087c00000,0x00000000886c4188,0x000000008cd80000)
 Metaspace       used 20841K, capacity 21116K, committed 21248K, reserved 1067008K
  class space    used 2622K, capacity 2703K, committed 2816K, reserved 1048576K
Event: 2.503 GC heap after
Heap after GC invocations=4 (full 0):
 PSYoungGen      total 130048K, used 5104K [0x00000000d7f00000, 0x00000000e0300000, 0x0000000100000000)
  eden space 124928K, 0% used [0x00000000d7f00000,0x00000000d7f00000,0x00000000df900000)
  from space 5120K, 99% used [0x00000000dfe00000,0x00000000e02fc030,0x00000000e0300000)
  to   space 5120K, 0% used [0x00000000df900000,0x00000000df900000,0x00000000dfe00000)
 ParOldGen       total 83456K, used 13276K [0x0000000087c00000, 0x000000008cd80000, 0x00000000d7f00000)
  object space 83456K, 15% used [0x0000000087c00000,0x00000000888f72c0,0x000000008cd80000)
 Metaspace       used 20841K, capacity 21116K, committed 21248K, reserved 1067008K
  class space    used 2622K, capacity 2703K, committed 2816K, reserved 1048576K
}
Event: 2.503 GC heap before
{Heap before GC invocations=5 (full 1):
 PSYoungGen      total 130048K, used 5104K [0x00000000d7f00000, 0x00000000e0300000, 0x0000000100000000)
  eden space 124928K, 0% used [0x00000000d7f00000,0x00000000d7f00000,0x00000000df900000)
  from space 5120K, 99% used [0x00000000dfe00000,0x00000000e02fc030,0x00000000e0300000)
  to   space 5120K, 0% used [0x00000000df900000,0x00000000df900000,0x00000000dfe00000)
 ParOldGen       total 83456K, used 13276K [0x0000000087c00000, 0x000000008cd80000, 0x00000000d7f00000)
  object space 83456K, 15% used [0x0000000087c00000,0x00000000888f72c0,0x000000008cd80000)
 Metaspace       used 20841K, capacity 21116K, committed 21248K, reserved 1067008K
  class space    used 2622K, capacity 2703K, committed 2816K, reserved 1048576K
Event: 2.576 GC heap after
Heap after GC invocations=5 (full 1):
 PSYoungGen      total 130048K, used 0K [0x00000000d7f00000, 0x00000000e0300000, 0x0000000100000000)
  eden space 124928K, 0% used [0x00000000d7f00000,0x00000000d7f00000,0x00000000df900000)
  from space 5120K, 0% used [0x00000000dfe00000,0x00000000dfe00000,0x00000000e0300000)
  to   space 5120K, 0% used [0x00000000df900000,0x00000000df900000,0x00000000dfe00000)
 ParOldGen       total 61440K, used 11705K [0x0000000087c00000, 0x000000008b800000, 0x00000000d7f00000)
  object space 61440K, 19% used [0x0000000087c00000,0x000000008876e438,0x000000008b800000)
 Metaspace       used 20841K, capacity 21116K, committed 21248K, reserved 1067008K
  class space    used 2622K, capacity 2703K, committed 2816K, reserved 1048576K
}
Event: 4.194 GC heap before
{Heap before GC invocations=6 (full 1):
 PSYoungGen      total 130048K, used 124928K [0x00000000d7f00000, 0x00000000e0300000, 0x0000000100000000)
  eden space 124928K, 100% used [0x00000000d7f00000,0x00000000df900000,0x00000000df900000)
  from space 5120K, 0% used [0x00000000dfe00000,0x00000000dfe00000,0x00000000e0300000)
  to   space 5120K, 0% used [0x00000000df900000,0x00000000df900000,0x00000000dfe00000)
 ParOldGen       total 61440K, used 11705K [0x0000000087c00000, 0x000000008b800000, 0x00000000d7f00000)
  object space 61440K, 19% used [0x0000000087c00000,0x000000008876e438,0x000000008b800000)
 Metaspace       used 27164K, capacity 27600K, committed 27904K, reserved 1073152K
  class space    used 3424K, capacity 3550K, committed 3584K, reserved 1048576K
Event: 4.215 GC heap after
Heap after GC invocations=6 (full 1):
 PSYoungGen      total 130048K, used 5088K [0x00000000d7f00000, 0x00000000e6300000, 0x0000000100000000)
  eden space 124928K, 0% used [0x00000000d7f00000,0x00000000d7f00000,0x00000000df900000)
  from space 5120K, 99% used [0x00000000df900000,0x00000000dfdf8020,0x00000000dfe00000)
  to   space 14336K, 0% used [0x00000000e5500000,0x00000000e5500000,0x00000000e6300000)
 ParOldGen       total 61440K, used 17206K [0x0000000087c00000, 0x000000008b800000, 0x00000000d7f00000)
  object space 61440K, 28% used [0x0000000087c00000,0x0000000088ccd8e8,0x000000008b800000)
 Metaspace       used 27164K, capacity 27600K, committed 27904K, reserved 1073152K
  class space    used 3424K, capacity 3550K, committed 3584K, reserved 1048576K
}
Event: 6.150 GC heap before
{Heap before GC invocations=7 (full 1):
 PSYoungGen      total 130048K, used 130016K [0x00000000d7f00000, 0x00000000e6300000, 0x0000000100000000)
  eden space 124928K, 100% used [0x00000000d7f00000,0x00000000df900000,0x00000000df900000)
  from space 5120K, 99% used [0x00000000df900000,0x00000000dfdf8020,0x00000000dfe00000)
  to   space 14336K, 0% used [0x00000000e5500000,0x00000000e5500000,0x00000000e6300000)
 ParOldGen       total 61440K, used 17206K [0x0000000087c00000, 0x000000008b800000, 0x00000000d7f00000)
  object space 61440K, 28% used [0x0000000087c00000,0x0000000088ccd8e8,0x000000008b800000)
 Metaspace       used 31663K, capacity 32158K, committed 32512K, reserved 1077248K
  class space    used 3945K, capacity 4060K, committed 4096K, reserved 1048576K
Event: 6.190 GC heap after
Heap after GC invocations=7 (full 1):
 PSYoungGen      total 214016K, used 13736K [0x00000000d7f00000, 0x00000000e6280000, 0x0000000100000000)
  eden space 200192K, 0% used [0x00000000d7f00000,0x00000000d7f00000,0x00000000e4280000)
  from space 13824K, 99% used [0x00000000e5500000,0x00000000e626a298,0x00000000e6280000)
  to   space 16384K, 0% used [0x00000000e4280000,0x00000000e4280000,0x00000000e5280000)
 ParOldGen       total 61440K, used 17214K [0x0000000087c00000, 0x000000008b800000, 0x00000000d7f00000)
  object space 61440K, 28% used [0x0000000087c00000,0x0000000088ccf8e8,0x000000008b800000)
 Metaspace       used 31663K, capacity 32158K, committed 32512K, reserved 1077248K
  class space    used 3945K, capacity 4060K, committed 4096K, reserved 1048576K
}
Event: 97.049 GC heap before
{Heap before GC invocations=8 (full 1):
 PSYoungGen      total 214016K, used 57437K [0x00000000d7f00000, 0x00000000e6280000, 0x0000000100000000)
  eden space 200192K, 21% used [0x00000000d7f00000,0x00000000da9ad2b0,0x00000000e4280000)
  from space 13824K, 99% used [0x00000000e5500000,0x00000000e626a298,0x00000000e6280000)
  to   space 16384K, 0% used [0x00000000e4280000,0x00000000e4280000,0x00000000e5280000)
 ParOldGen       total 61440K, used 17214K [0x0000000087c00000, 0x000000008b800000, 0x00000000d7f00000)
  object space 61440K, 28% used [0x0000000087c00000,0x0000000088ccf8e8,0x000000008b800000)
 Metaspace       used 34665K, capacity 35159K, committed 35416K, reserved 1081344K
  class space    used 4350K, capacity 4480K, committed 4480K, reserved 1048576K

Deoptimization events (0 events):
No events

Internal exceptions (10 events):
Event: 37.932 Thread 0x0000000002346800 Exception <a 'java/lang/ClassNotFoundException': java/lang/ObjectCustomizer> (0x00000000d9b8c530) thrown at [/HUDSON3/workspace/8-2-build-linux-amd64/jdk8u144/9417/hotspot/src/share/vm/classfile/systemDictionary.cpp, line 210]
Event: 37.933 Thread 0x0000000002346800 Exception <a 'java/lang/ClassNotFoundException': org/hibernate/validator/internal/constraintvalidators/hv/NotBlankValidatorCustomizer> (0x00000000d9baa108) thrown at [/HUDSON3/workspace/8-2-build-linux-amd64/jdk8u144/9417/hotspot/src/share/vm/classfile/sy
Event: 37.934 Thread 0x0000000002346800 Exception <a 'java/lang/ClassNotFoundException': javax/validation/ConstraintValidatorCustomizer> (0x00000000d9bc0758) thrown at [/HUDSON3/workspace/8-2-build-linux-amd64/jdk8u144/9417/hotspot/src/share/vm/classfile/systemDictionary.cpp, line 210]
Event: 38.014 Thread 0x0000000002346800 Exception <a 'java/lang/ArrayIndexOutOfBoundsException'> (0x00000000d9f5d9e8) thrown at [/HUDSON3/workspace/8-2-build-linux-amd64/jdk8u144/9417/hotspot/src/share/vm/runtime/sharedRuntime.cpp, line 605]
Event: 38.014 Thread 0x0000000002346800 Exception <a 'java/lang/ArrayIndexOutOfBoundsException'> (0x00000000d9f5f738) thrown at [/HUDSON3/workspace/8-2-build-linux-amd64/jdk8u144/9417/hotspot/src/share/vm/runtime/sharedRuntime.cpp, line 605]
Event: 38.014 Thread 0x0000000002346800 Exception <a 'java/lang/ArrayIndexOutOfBoundsException'> (0x00000000d9f61650) thrown at [/HUDSON3/workspace/8-2-build-linux-amd64/jdk8u144/9417/hotspot/src/share/vm/runtime/sharedRuntime.cpp, line 605]
Event: 38.014 Thread 0x0000000002346800 Exception <a 'java/lang/ArrayIndexOutOfBoundsException'> (0x00000000d9f62f30) thrown at [/HUDSON3/workspace/8-2-build-linux-amd64/jdk8u144/9417/hotspot/src/share/vm/runtime/sharedRuntime.cpp, line 605]
Event: 38.020 Thread 0x0000000002346800 Exception <a 'java/lang/ArrayIndexOutOfBoundsException'> (0x00000000d9fe5488) thrown at [/HUDSON3/workspace/8-2-build-linux-amd64/jdk8u144/9417/hotspot/src/share/vm/runtime/sharedRuntime.cpp, line 605]
Event: 38.023 Thread 0x0000000002346800 Exception <a 'java/lang/ArrayIndexOutOfBoundsException'> (0x00000000da02bd40) thrown at [/HUDSON3/workspace/8-2-build-linux-amd64/jdk8u144/9417/hotspot/src/share/vm/runtime/sharedRuntime.cpp, line 605]
Event: 38.031 Thread 0x0000000002346800 Exception <a 'java/lang/ArrayIndexOutOfBoundsException'> (0x00000000da0bc1b0) thrown at [/HUDSON3/workspace/8-2-build-linux-amd64/jdk8u144/9417/hotspot/src/share/vm/runtime/sharedRuntime.cpp, line 605]

Events (10 events):
Event: 96.968 loading class com/fasterxml/jackson/datatype/jsr310$JavaTimeModule done
Event: 96.968 loading class org/joda/time/LocalDate
Event: 96.968 loading class org/joda/time/LocalDate done
Event: 96.968 loading class org/joda/time$LocalDate
Event: 96.968 loading class org/joda/time$LocalDate done
Event: 96.968 loading class kotlin/Unit
Event: 96.968 loading class kotlin/Unit done
Event: 96.968 loading class kotlin$Unit
Event: 96.968 loading class kotlin$Unit done
Event: 97.048 Executing VM operation: CollectForMetadataAllocation


Dynamic libraries:
00400000-00401000 r-xp 00000000 08:03 277590                             /usr/lib/jvm/java-8-oracle/bin/java
00600000-00601000 rw-p 00000000 08:03 277590                             /usr/lib/jvm/java-8-oracle/bin/java
02343000-02364000 rw-p 00000000 00:00 0                                  [heap]
87c00000-8b800000 rw-p 00000000 00:00 0 
8b800000-d7f00000 ---p 00000000 00:00 0 
d7f00000-e6280000 rw-p 00000000 00:00 0 
ecd00000-100000000 ---p 00000000 00:00 0 
100000000-100460000 rw-p 00000000 00:00 0 
100460000-140000000 ---p 00000000 00:00 0 
7f1cb4000000-7f1cb4021000 rw-p 00000000 00:00 0 
7f1cb4021000-7f1cb8000000 ---p 00000000 00:00 0 
7f1cbc000000-7f1cbc294000 rw-p 00000000 00:00 0 
7f1cbc294000-7f1cc0000000 ---p 00000000 00:00 0 
7f1cc0000000-7f1cc0021000 rw-p 00000000 00:00 0 
7f1cc0021000-7f1cc4000000 ---p 00000000 00:00 0 
7f1cc4000000-7f1cc4021000 rw-p 00000000 00:00 0 
7f1cc4021000-7f1cc8000000 ---p 00000000 00:00 0 
7f1cc8000000-7f1cc8021000 rw-p 00000000 00:00 0 
7f1cc8021000-7f1ccc000000 ---p 00000000 00:00 0 
7f1ccc000000-7f1ccc0b5000 rw-p 00000000 00:00 0 
7f1ccc0b5000-7f1cd0000000 ---p 00000000 00:00 0 
7f1cd0000000-7f1cd003d000 rw-p 00000000 00:00 0 
7f1cd003d000-7f1cd4000000 ---p 00000000 00:00 0 
7f1cd4000000-7f1cd4803000 rw-p 00000000 00:00 0 
7f1cd4803000-7f1cd8000000 ---p 00000000 00:00 0 
7f1cd8000000-7f1cd830d000 rw-p 00000000 00:00 0 
7f1cd830d000-7f1cdc000000 ---p 00000000 00:00 0 
7f1cdc000000-7f1cdc021000 rw-p 00000000 00:00 0 
7f1cdc021000-7f1ce0000000 ---p 00000000 00:00 0 
7f1ce0000000-7f1ce0086000 rw-p 00000000 00:00 0 
7f1ce0086000-7f1ce4000000 ---p 00000000 00:00 0 
7f1ce4000000-7f1ce4021000 rw-p 00000000 00:00 0 
7f1ce4021000-7f1ce8000000 ---p 00000000 00:00 0 
7f1ce8000000-7f1ce8024000 rw-p 00000000 00:00 0 
7f1ce8024000-7f1cec000000 ---p 00000000 00:00 0 
7f1cec000000-7f1cec021000 rw-p 00000000 00:00 0 
7f1cec021000-7f1cf0000000 ---p 00000000 00:00 0 
7f1cf0000000-7f1cf0021000 rw-p 00000000 00:00 0 
7f1cf0021000-7f1cf4000000 ---p 00000000 00:00 0 
7f1cf4000000-7f1cf4021000 rw-p 00000000 00:00 0 
7f1cf4021000-7f1cf8000000 ---p 00000000 00:00 0 
7f1cf8000000-7f1cf8021000 rw-p 00000000 00:00 0 
7f1cf8021000-7f1cfc000000 ---p 00000000 00:00 0 
7f1cfc000000-7f1cfc745000 rw-p 00000000 00:00 0 
7f1cfc745000-7f1d00000000 ---p 00000000 00:00 0 
7f1d00000000-7f1d00021000 rw-p 00000000 00:00 0 
7f1d00021000-7f1d04000000 ---p 00000000 00:00 0 
7f1d04000000-7f1d04056000 rw-p 00000000 00:00 0 
7f1d04056000-7f1d08000000 ---p 00000000 00:00 0 
7f1d08000000-7f1d08021000 rw-p 00000000 00:00 0 
7f1d08021000-7f1d0c000000 ---p 00000000 00:00 0 
7f1d0c000000-7f1d0c021000 rw-p 00000000 00:00 0 
7f1d0c021000-7f1d10000000 ---p 00000000 00:00 0 
7f1d10000000-7f1d10021000 rw-p 00000000 00:00 0 
7f1d10021000-7f1d14000000 ---p 00000000 00:00 0 
7f1d14000000-7f1d14021000 rw-p 00000000 00:00 0 
7f1d14021000-7f1d18000000 ---p 00000000 00:00 0 
7f1d18000000-7f1d18021000 rw-p 00000000 00:00 0 
7f1d18021000-7f1d1c000000 ---p 00000000 00:00 0 
7f1d1c000000-7f1d1c021000 rw-p 00000000 00:00 0 
7f1d1c021000-7f1d20000000 ---p 00000000 00:00 0 
7f1d20000000-7f1d2028f000 rw-p 00000000 00:00 0 
7f1d2028f000-7f1d24000000 ---p 00000000 00:00 0 
7f1d24000000-7f1d24021000 rw-p 00000000 00:00 0 
7f1d24021000-7f1d28000000 ---p 00000000 00:00 0 
7f1d2c000000-7f1d2c021000 rw-p 00000000 00:00 0 
7f1d2c021000-7f1d30000000 ---p 00000000 00:00 0 
7f1d31033000-7f1d31069000 rw-p 00000000 00:00 0 
7f1d31069000-7f1d31233000 ---p 00000000 00:00 0 
7f1d31233000-7f1d31236000 ---p 00000000 00:00 0 
7f1d31236000-7f1d31334000 rw-p 00000000 00:00 0 
7f1d31334000-7f1d31337000 ---p 00000000 00:00 0 
7f1d31337000-7f1d31435000 rw-p 00000000 00:00 0 
7f1d31435000-7f1d31438000 ---p 00000000 00:00 0 
7f1d31438000-7f1d31536000 rw-p 00000000 00:00 0 
7f1d31536000-7f1d31539000 ---p 00000000 00:00 0 
7f1d31539000-7f1d31637000 rw-p 00000000 00:00 0 
7f1d31637000-7f1d3163a000 ---p 00000000 00:00 0 
7f1d3163a000-7f1d31738000 rw-p 00000000 00:00 0 
7f1d31738000-7f1d3173b000 ---p 00000000 00:00 0 
7f1d3173b000-7f1d31a39000 rw-p 00000000 00:00 0 
7f1d31a39000-7f1d31a3c000 ---p 00000000 00:00 0 
7f1d31a3c000-7f1d31b3a000 rw-p 00000000 00:00 0 
7f1d31b3a000-7f1d31b3d000 ---p 00000000 00:00 0 
7f1d31b3d000-7f1d31c3b000 rw-p 00000000 00:00 0 
7f1d31c3b000-7f1d31c3e000 ---p 00000000 00:00 0 
7f1d31c3e000-7f1d31d3c000 rw-p 00000000 00:00 0 
7f1d31d3c000-7f1d31d3f000 ---p 00000000 00:00 0 
7f1d31d3f000-7f1d31e3d000 rw-p 00000000 00:00 0 
7f1d31e3d000-7f1d31e40000 ---p 00000000 00:00 0 
7f1d31e40000-7f1d31f3e000 rw-p 00000000 00:00 0 
7f1d31f3e000-7f1d31f41000 ---p 00000000 00:00 0 
7f1d31f41000-7f1d3203f000 rw-p 00000000 00:00 0 
7f1d3203f000-7f1d32042000 ---p 00000000 00:00 0 
7f1d32042000-7f1d32140000 rw-p 00000000 00:00 0 
7f1d32140000-7f1d32143000 ---p 00000000 00:00 0 
7f1d32143000-7f1d32241000 rw-p 00000000 00:00 0 
7f1d32241000-7f1d32244000 ---p 00000000 00:00 0 
7f1d32244000-7f1d32542000 rw-p 00000000 00:00 0 
7f1d32542000-7f1d32742000 rw-p 00000000 00:00 0 
7f1d32742000-7f1d32745000 ---p 00000000 00:00 0 
7f1d32745000-7f1d32843000 rw-p 00000000 00:00 0 
7f1d32843000-7f1d32846000 ---p 00000000 00:00 0 
7f1d32846000-7f1d32944000 rw-p 00000000 00:00 0 
7f1d32944000-7f1d32947000 ---p 00000000 00:00 0 
7f1d32947000-7f1d32c45000 rw-p 00000000 00:00 0 
7f1d32c45000-7f1d32e45000 rw-p 00000000 00:00 0 
7f1d32e45000-7f1d33045000 rw-p 00000000 00:00 0 
7f1d33045000-7f1d33245000 rw-p 00000000 00:00 0 
7f1d33245000-7f1d33248000 ---p 00000000 00:00 0 
7f1d33248000-7f1d33546000 rw-p 00000000 00:00 0 
7f1d33546000-7f1d33746000 rw-p 00000000 00:00 0 
7f1d33746000-7f1d33749000 ---p 00000000 00:00 0 
7f1d33749000-7f1d33847000 rw-p 00000000 00:00 0 
7f1d33847000-7f1d3384a000 ---p 00000000 00:00 0 
7f1d3384a000-7f1d33b48000 rw-p 00000000 00:00 0 
7f1d33b48000-7f1d33b4b000 ---p 00000000 00:00 0 
7f1d33b4b000-7f1d33c49000 rw-p 00000000 00:00 0 
7f1d33c6a000-7f1d33cff000 r--s 01110000 08:03 288827                     /usr/lib/jvm/java-8-oracle/jre/lib/ext/jfxrt.jar
7f1d33cff000-7f1d33eff000 rw-p 00000000 00:00 0 
7f1d33eff000-7f1d33f02000 ---p 00000000 00:00 0 
7f1d33f02000-7f1d34000000 rw-p 00000000 00:00 0 
7f1d34000000-7f1d34021000 rw-p 00000000 00:00 0 
7f1d34021000-7f1d38000000 ---p 00000000 00:00 0 
7f1d38002000-7f1d38005000 r--s 0001a000 08:03 288811                     /usr/lib/jvm/java-8-oracle/jre/lib/jce.jar
7f1d38005000-7f1d3800a000 r--s 002f9000 08:03 285793                     /usr/lib/jvm/java-8-oracle/jre/lib/charsets.jar
7f1d3800a000-7f1d38026000 r--s 00393000 08:03 288834                     /usr/lib/jvm/java-8-oracle/jre/lib/ext/cldrdata.jar
7f1d38026000-7f1d38030000 r--s 00116000 08:03 288831                     /usr/lib/jvm/java-8-oracle/jre/lib/ext/localedata.jar
7f1d38030000-7f1d38033000 ---p 00000000 00:00 0 
7f1d38033000-7f1d38131000 rw-p 00000000 00:00 0 
7f1d38131000-7f1d38134000 ---p 00000000 00:00 0 
7f1d38134000-7f1d38232000 rw-p 00000000 00:00 0 
7f1d38232000-7f1d38235000 ---p 00000000 00:00 0 
7f1d38235000-7f1d38333000 rw-p 00000000 00:00 0 
7f1d38333000-7f1d38334000 ---p 00000000 00:00 0 
7f1d38334000-7f1d38434000 rw-p 00000000 00:00 0 
7f1d38434000-7f1d38437000 ---p 00000000 00:00 0 
7f1d38437000-7f1d38535000 rw-p 00000000 00:00 0 
7f1d38535000-7f1d38538000 ---p 00000000 00:00 0 
7f1d38538000-7f1d38636000 rw-p 00000000 00:00 0 
7f1d38636000-7f1d38639000 ---p 00000000 00:00 0 
7f1d38639000-7f1d38737000 rw-p 00000000 00:00 0 
7f1d38737000-7f1d3873c000 r--s 0009a000 08:03 285792                     /usr/lib/jvm/java-8-oracle/jre/lib/jsse.jar
7f1d3873c000-7f1d3874d000 r-xp 00000000 08:03 288752                     /usr/lib/jvm/java-8-oracle/jre/lib/amd64/libnio.so
7f1d3874d000-7f1d3894c000 ---p 00011000 08:03 288752                     /usr/lib/jvm/java-8-oracle/jre/lib/amd64/libnio.so
7f1d3894c000-7f1d3894d000 rw-p 00010000 08:03 288752                     /usr/lib/jvm/java-8-oracle/jre/lib/amd64/libnio.so
7f1d3894d000-7f1d38956000 r-xp 00000000 08:03 288763                     /usr/lib/jvm/java-8-oracle/jre/lib/amd64/libmanagement.so
7f1d38956000-7f1d38b55000 ---p 00009000 08:03 288763                     /usr/lib/jvm/java-8-oracle/jre/lib/amd64/libmanagement.so
7f1d38b55000-7f1d38b56000 rw-p 00008000 08:03 288763                     /usr/lib/jvm/java-8-oracle/jre/lib/amd64/libmanagement.so
7f1d38b56000-7f1d38b59000 ---p 00000000 00:00 0 
7f1d38b59000-7f1d38c57000 rw-p 00000000 00:00 0 
7f1d38c57000-7f1d38c5a000 ---p 00000000 00:00 0 
7f1d38c5a000-7f1d39059000 rw-p 00000000 00:00 0 
7f1d39059000-7f1d3906f000 r-xp 00000000 08:03 287908                     /usr/lib/jvm/java-8-oracle/jre/lib/amd64/libnet.so
7f1d3906f000-7f1d3926f000 ---p 00016000 08:03 287908                     /usr/lib/jvm/java-8-oracle/jre/lib/amd64/libnet.so
7f1d3926f000-7f1d39270000 rw-p 00016000 08:03 287908                     /usr/lib/jvm/java-8-oracle/jre/lib/amd64/libnet.so
7f1d39270000-7f1d39273000 ---p 00000000 00:00 0 
7f1d39273000-7f1d39371000 rw-p 00000000 00:00 0 
7f1d39371000-7f1d39374000 ---p 00000000 00:00 0 
7f1d39374000-7f1d39472000 rw-p 00000000 00:00 0 
7f1d39472000-7f1d39475000 ---p 00000000 00:00 0 
7f1d39475000-7f1d39573000 rw-p 00000000 00:00 0 
7f1d39573000-7f1d39575000 r--s 0001a000 08:04 531550                     /home/toby/Downloads/idea-IU-172.3968.16/lib/idea_rt.jar
7f1d39575000-7f1d39577000 r--s 0000e000 08:03 19386                      /root/.m2/repository/org/json/json/20171018/json-20171018.jar
7f1d39577000-7f1d39579000 r--s 0008f000 08:03 435559                     /root/.m2/repository/org/webjars/bootstrap/3.3.7/bootstrap-3.3.7.jar
7f1d39579000-7f1d39598000 r--s 000df000 08:03 1114844                    /root/.m2/repository/org/springframework/boot/spring-boot-autoconfigure/1.5.1.RELEASE/spring-boot-autoconfigure-1.5.1.RELEASE.jar
7f1d39598000-7f1d395b1000 r--s 000fd000 08:03 1114861                    /root/.m2/repository/org/springframework/spring-context/4.3.6.RELEASE/spring-context-4.3.6.RELEASE.jar
7f1d395b1000-7f1d395c1000 r--s 00092000 08:03 1114855                    /root/.m2/repository/org/springframework/boot/spring-boot/1.5.1.RELEASE/spring-boot-1.5.1.RELEASE.jar
7f1d395c1000-7f1d395c8000 r--s 0002e000 08:03 435555                     /root/.m2/repository/org/springframework/boot/spring-boot-devtools/1.5.1.RELEASE/spring-boot-devtools-1.5.1.RELEASE.jar
7f1d395c8000-7f1d39615000 r--s 0040b000 08:03 435549                     /root/.m2/repository/org/codehaus/groovy/groovy/2.4.7/groovy-2.4.7.jar
7f1d39615000-7f1d39618000 r--s 0001a000 08:03 277251                     /root/.m2/repository/nz/net/ultraq/thymeleaf/thymeleaf-layout-dialect/1.4.0/thymeleaf-layout-dialect-1.4.0.jar
7f1d39618000-7f1d3961a000 r--s 00009000 08:03 168677                     /root/.m2/repository/org/slf4j/slf4j-api/1.7.22/slf4j-api-1.7.22.jar
7f1d3961a000-7f1d3961d000 r--s 00020000 08:03 168682                     /root/.m2/repository/org/unbescape/unbescape/1.1.0.RELEASE/unbescape-1.1.0.RELEASE.jar
7f1d3961d000-7f1d39627000 r--s 000aa000 08:03 26620                      /root/.m2/repository/org/javassist/javassist/3.21.0-GA/javassist-3.21.0-GA.jar
7f1d39627000-7f1d3962a000 r--s 00035000 08:03 1114856                    /root/.m2/repository/ognl/ognl/3.0.8/ognl-3.0.8.jar
7f1d3962a000-7f1d39637000 r--s 000b7000 08:03 971373                     /root/.m2/repository/org/thymeleaf/thymeleaf/2.1.5.RELEASE/thymeleaf-2.1.5.RELEASE.jar
7f1d39637000-7f1d3963a000 r--s 00034000 08:03 687379                     /root/.m2/repository/org/thymeleaf/thymeleaf-spring4/2.1.5.RELEASE/thymeleaf-spring4-2.1.5.RELEASE.jar
7f1d3963a000-7f1d3963f000 r--s 0003c000 08:03 1114854                    /root/.m2/repository/org/springframework/spring-expression/4.3.6.RELEASE/spring-expression-4.3.6.RELEASE.jar
7f1d3963f000-7f1d39650000 r--s 000cf000 08:03 435551                     /root/.m2/repository/org/springframework/spring-webmvc/4.3.6.RELEASE/spring-webmvc-4.3.6.RELEASE.jar
7f1d39650000-7f1d3965e000 r--s 000ad000 08:03 1114850                    /root/.m2/repository/org/springframework/spring-beans/4.3.6.RELEASE/spring-beans-4.3.6.RELEASE.jar
7f1d3965e000-7f1d39667000 r--s 00054000 08:03 1114867                    /root/.m2/repository/org/springframework/spring-aop/4.3.6.RELEASE/spring-aop-4.3.6.RELEASE.jar
7f1d39667000-7f1d39679000 r--s 000b6000 08:03 435553                     /root/.m2/repository/org/springframework/spring-web/4.3.6.RELEASE/spring-web-4.3.6.RELEASE.jar
7f1d39679000-7f1d3967d000 r--s 00041000 08:03 681925                     /root/.m2/repository/com/fasterxml/jackson/core/jackson-core/2.8.6/jackson-core-2.8.6.jar
7f1d3967d000-7f1d39680000 r--s 0000b000 08:03 431398                     /root/.m2/repository/com/fasterxml/jackson/core/jackson-annotations/2.8.0/jackson-annotations-2.8.0.jar
7f1d39680000-7f1d39691000 r--s 0011d000 08:03 435547                     /root/.m2/repository/com/fasterxml/jackson/core/jackson-databind/2.8.6/jackson-databind-2.8.6.jar
7f1d39691000-7f1d39693000 r--s 0000e000 08:03 277249                     /root/.m2/repository/com/fasterxml/classmate/1.3.3/classmate-1.3.3.jar
7f1d39693000-7f1d39697000 r--s 0000c000 08:03 276922                     /root/.m2/repository/javax/validation/validation-api/1.1.0.Final/validation-api-1.1.0.Final.jar
7f1d39697000-7f1d396a8000 r--s 000a1000 08:03 168680                     /root/.m2/repository/org/hibernate/hibernate-validator/5.3.4.Final/hibernate-validator-5.3.4.Final.jar
7f1d396a8000-7f1d396ad000 r--s 00036000 08:03 277245                     /root/.m2/repository/org/apache/tomcat/embed/tomcat-embed-websocket/8.5.11/tomcat-embed-websocket-8.5.11.jar
7f1d396ad000-7f1d396d6000 r--s 002b8000 08:03 687377                     /root/.m2/repository/org/apache/tomcat/embed/tomcat-embed-core/8.5.11/tomcat-embed-core-8.5.11.jar
7f1d396d6000-7f1d396ec000 r--s 000fb000 08:03 1114853                    /root/.m2/repository/org/springframework/spring-core/4.3.6.RELEASE/spring-core-4.3.6.RELEASE.jar
7f1d396ec000-7f1d396ef000 ---p 00000000 00:00 0 
7f1d396ef000-7f1d397ed000 rw-p 00000000 00:00 0 
7f1d397ed000-7f1d39ac5000 r--p 00000000 08:03 262964                     /usr/lib/locale/locale-archive
7f1d39ac5000-7f1d39ac8000 ---p 00000000 00:00 0 
7f1d39ac8000-7f1d39bc6000 rw-p 00000000 00:00 0 
7f1d39bc6000-7f1d39bc9000 ---p 00000000 00:00 0 
7f1d39bc9000-7f1d39cc7000 rw-p 00000000 00:00 0 
7f1d39cc7000-7f1d39cc8000 ---p 00000000 00:00 0 
7f1d39cc8000-7f1d3acd7000 rw-p 00000000 00:00 0 
7f1d3acd7000-7f1d3aeb1000 r--s 03d4d000 08:03 285841                     /usr/lib/jvm/java-8-oracle/jre/lib/rt.jar
7f1d3aeb1000-7f1d3f693000 rw-p 00000000 00:00 0 
7f1d3f693000-7f1d3f694000 ---p 00000000 00:00 0 
7f1d3f694000-7f1d3f794000 rw-p 00000000 00:00 0 
7f1d3f794000-7f1d3f795000 ---p 00000000 00:00 0 
7f1d3f795000-7f1d3f895000 rw-p 00000000 00:00 0 
7f1d3f895000-7f1d3f896000 ---p 00000000 00:00 0 
7f1d3f896000-7f1d3f9b4000 rw-p 00000000 00:00 0 
7f1d3f9b4000-7f1d3fc18000 ---p 00000000 00:00 0 
7f1d3fc18000-7f1d3fc36000 rw-p 00000000 00:00 0 
7f1d3fc36000-7f1d3fe99000 ---p 00000000 00:00 0 
7f1d3fe99000-7f1d3ff0c000 rw-p 00000000 00:00 0 
7f1d3ff0c000-7f1d3ffda000 ---p 00000000 00:00 0 
7f1d3ffda000-7f1d3fffc000 rw-p 00000000 00:00 0 
7f1d3fffc000-7f1d4039b000 ---p 00000000 00:00 0 
7f1d4039b000-7f1d40bab000 rwxp 00000000 00:00 0 
7f1d40bab000-7f1d4f39b000 ---p 00000000 00:00 0 
7f1d4f39b000-7f1d4f3b5000 r-xp 00000000 08:03 288750                     /usr/lib/jvm/java-8-oracle/jre/lib/amd64/libzip.so
7f1d4f3b5000-7f1d4f5b5000 ---p 0001a000 08:03 288750                     /usr/lib/jvm/java-8-oracle/jre/lib/amd64/libzip.so
7f1d4f5b5000-7f1d4f5b6000 rw-p 0001a000 08:03 288750                     /usr/lib/jvm/java-8-oracle/jre/lib/amd64/libzip.so
7f1d4f5b6000-7f1d4f5c1000 r-xp 00000000 08:03 662280                     /lib/x86_64-linux-gnu/libnss_files-2.23.so
7f1d4f5c1000-7f1d4f7c0000 ---p 0000b000 08:03 662280                     /lib/x86_64-linux-gnu/libnss_files-2.23.so
7f1d4f7c0000-7f1d4f7c1000 r--p 0000a000 08:03 662280                     /lib/x86_64-linux-gnu/libnss_files-2.23.so
7f1d4f7c1000-7f1d4f7c2000 rw-p 0000b000 08:03 662280                     /lib/x86_64-linux-gnu/libnss_files-2.23.so
7f1d4f7c2000-7f1d4f7c8000 rw-p 00000000 00:00 0 
7f1d4f7c8000-7f1d4f7d3000 r-xp 00000000 08:03 662991                     /lib/x86_64-linux-gnu/libnss_nis-2.23.so
7f1d4f7d3000-7f1d4f9d2000 ---p 0000b000 08:03 662991                     /lib/x86_64-linux-gnu/libnss_nis-2.23.so
7f1d4f9d2000-7f1d4f9d3000 r--p 0000a000 08:03 662991                     /lib/x86_64-linux-gnu/libnss_nis-2.23.so
7f1d4f9d3000-7f1d4f9d4000 rw-p 0000b000 08:03 662991                     /lib/x86_64-linux-gnu/libnss_nis-2.23.so
7f1d4f9d4000-7f1d4f9ea000 r-xp 00000000 08:03 658192                     /lib/x86_64-linux-gnu/libnsl-2.23.so
7f1d4f9ea000-7f1d4fbe9000 ---p 00016000 08:03 658192                     /lib/x86_64-linux-gnu/libnsl-2.23.so
7f1d4fbe9000-7f1d4fbea000 r--p 00015000 08:03 658192                     /lib/x86_64-linux-gnu/libnsl-2.23.so
7f1d4fbea000-7f1d4fbeb000 rw-p 00016000 08:03 658192                     /lib/x86_64-linux-gnu/libnsl-2.23.so
7f1d4fbeb000-7f1d4fbed000 rw-p 00000000 00:00 0 
7f1d4fbed000-7f1d4fbf5000 r-xp 00000000 08:03 676015                     /lib/x86_64-linux-gnu/libnss_compat-2.23.so
7f1d4fbf5000-7f1d4fdf4000 ---p 00008000 08:03 676015                     /lib/x86_64-linux-gnu/libnss_compat-2.23.so
7f1d4fdf4000-7f1d4fdf5000 r--p 00007000 08:03 676015                     /lib/x86_64-linux-gnu/libnss_compat-2.23.so
7f1d4fdf5000-7f1d4fdf6000 rw-p 00008000 08:03 676015                     /lib/x86_64-linux-gnu/libnss_compat-2.23.so
7f1d4fdf6000-7f1d4fe00000 r-xp 00000000 08:03 288788                     /usr/lib/jvm/java-8-oracle/jre/lib/amd64/libinstrument.so
7f1d4fe00000-7f1d4ffff000 ---p 0000a000 08:03 288788                     /usr/lib/jvm/java-8-oracle/jre/lib/amd64/libinstrument.so
7f1d4ffff000-7f1d50000000 rw-p 00009000 08:03 288788                     /usr/lib/jvm/java-8-oracle/jre/lib/amd64/libinstrument.so
7f1d50000000-7f1d50837000 rw-p 00000000 00:00 0 
7f1d50837000-7f1d54000000 ---p 00000000 00:00 0 
7f1d54000000-7f1d54001000 r--s 00027000 08:03 435557                     /root/.m2/repository/org/webjars/jquery/2.2.4/jquery-2.2.4.jar
7f1d54001000-7f1d54003000 r--s 0000f000 08:03 277247                     /root/.m2/repository/org/jboss/logging/jboss-logging/3.3.0.Final/jboss-logging-3.3.0.Final.jar
7f1d54003000-7f1d54008000 r--s 00036000 08:03 168676                     /root/.m2/repository/org/apache/tomcat/embed/tomcat-embed-el/8.5.11/tomcat-embed-el-8.5.11.jar
7f1d54008000-7f1d54009000 r--s 00000000 08:03 168663                     /root/.m2/repository/org/springframework/boot/spring-boot-starter-tomcat/1.5.1.RELEASE/spring-boot-starter-tomcat-1.5.1.RELEASE.jar
7f1d54009000-7f1d5400a000 r--s 00000000 08:03 168671                     /root/.m2/repository/org/springframework/boot/spring-boot-starter-web/1.5.1.RELEASE/spring-boot-starter-web-1.5.1.RELEASE.jar
7f1d5400a000-7f1d54010000 r--s 0003d000 08:03 546204                     /root/.m2/repository/org/yaml/snakeyaml/1.17/snakeyaml-1.17.jar
7f1d54010000-7f1d54012000 r--s 00004000 08:03 168674                     /root/.m2/repository/org/slf4j/log4j-over-slf4j/1.7.22/log4j-over-slf4j-1.7.22.jar
7f1d54012000-7f1d54014000 r--s 00000000 08:03 168666                     /root/.m2/repository/org/slf4j/jul-to-slf4j/1.7.22/jul-to-slf4j-1.7.22.jar
7f1d54014000-7f1d54016000 r--s 00003000 08:03 168668                     /root/.m2/repository/org/slf4j/jcl-over-slf4j/1.7.22/jcl-over-slf4j-1.7.22.jar
7f1d54016000-7f1d54021000 r--s 00069000 08:03 168662                     /root/.m2/repository/ch/qos/logback/logback-core/1.1.9/logback-core-1.1.9.jar
7f1d54021000-7f1d54027000 r--s 00045000 08:03 168664                     /root/.m2/repository/ch/qos/logback/logback-classic/1.1.9/logback-classic-1.1.9.jar
7f1d54027000-7f1d54028000 r--s 00000000 08:03 1114847                    /root/.m2/repository/org/springframework/boot/spring-boot-starter-logging/1.5.1.RELEASE/spring-boot-starter-logging-1.5.1.RELEASE.jar
7f1d54028000-7f1d54029000 r--s 00000000 08:03 1114851                    /root/.m2/repository/org/springframework/boot/spring-boot-starter/1.5.1.RELEASE/spring-boot-starter-1.5.1.RELEASE.jar
7f1d54029000-7f1d5402a000 r--s 00000000 08:03 687375                     /root/.m2/repository/org/springframework/boot/spring-boot-starter-thymeleaf/1.5.1.RELEASE/spring-boot-starter-thymeleaf-1.5.1.RELEASE.jar
7f1d5402a000-7f1d5403d000 r--s 00345000 08:03 288807                     /usr/lib/jvm/java-8-oracle/jre/lib/resources.jar
7f1d5403d000-7f1d54050000 r--s 000d6000 08:03 288806                     /usr/lib/jvm/java-8-oracle/jre/lib/plugin.jar
7f1d54050000-7f1d54051000 r--s 00000000 08:03 288793                     /usr/lib/jvm/java-8-oracle/jre/lib/management-agent.jar
7f1d54051000-7f1d5406c000 r--s 0020b000 08:03 288802                     /usr/lib/jvm/java-8-oracle/jre/lib/deploy.jar
7f1d5406c000-7f1d540e2000 rw-p 00000000 00:00 0 
7f1d540e2000-7f1d540e3000 ---p 00000000 00:00 0 
7f1d540e3000-7f1d541e3000 rw-p 00000000 00:00 0 
7f1d541e3000-7f1d5420e000 r-xp 00000000 08:03 288777                     /usr/lib/jvm/java-8-oracle/jre/lib/amd64/libjava.so
7f1d5420e000-7f1d5440d000 ---p 0002b000 08:03 288777                     /usr/lib/jvm/java-8-oracle/jre/lib/amd64/libjava.so
7f1d5440d000-7f1d5440f000 rw-p 0002a000 08:03 288777                     /usr/lib/jvm/java-8-oracle/jre/lib/amd64/libjava.so
7f1d5440f000-7f1d5441c000 r-xp 00000000 08:03 287919                     /usr/lib/jvm/java-8-oracle/jre/lib/amd64/libverify.so
7f1d5441c000-7f1d5461c000 ---p 0000d000 08:03 287919                     /usr/lib/jvm/java-8-oracle/jre/lib/amd64/libverify.so
7f1d5461c000-7f1d5461e000 rw-p 0000d000 08:03 287919                     /usr/lib/jvm/java-8-oracle/jre/lib/amd64/libverify.so
7f1d5461e000-7f1d54625000 r-xp 00000000 08:03 662994                     /lib/x86_64-linux-gnu/librt-2.23.so
7f1d54625000-7f1d54824000 ---p 00007000 08:03 662994                     /lib/x86_64-linux-gnu/librt-2.23.so
7f1d54824000-7f1d54825000 r--p 00006000 08:03 662994                     /lib/x86_64-linux-gnu/librt-2.23.so
7f1d54825000-7f1d54826000 rw-p 00007000 08:03 662994                     /lib/x86_64-linux-gnu/librt-2.23.so
7f1d54826000-7f1d5492e000 r-xp 00000000 08:03 676020                     /lib/x86_64-linux-gnu/libm-2.23.so
7f1d5492e000-7f1d54b2d000 ---p 00108000 08:03 676020                     /lib/x86_64-linux-gnu/libm-2.23.so
7f1d54b2d000-7f1d54b2e000 r--p 00107000 08:03 676020                     /lib/x86_64-linux-gnu/libm-2.23.so
7f1d54b2e000-7f1d54b2f000 rw-p 00108000 08:03 676020                     /lib/x86_64-linux-gnu/libm-2.23.so
7f1d54b2f000-7f1d55802000 r-xp 00000000 08:03 288781                     /usr/lib/jvm/java-8-oracle/jre/lib/amd64/server/libjvm.so
7f1d55802000-7f1d55a01000 ---p 00cd3000 08:03 288781                     /usr/lib/jvm/java-8-oracle/jre/lib/amd64/server/libjvm.so
7f1d55a01000-7f1d55adb000 rw-p 00cd2000 08:03 288781                     /usr/lib/jvm/java-8-oracle/jre/lib/amd64/server/libjvm.so
7f1d55adb000-7f1d55b26000 rw-p 00000000 00:00 0 
7f1d55b26000-7f1d55ce6000 r-xp 00000000 08:03 676025                     /lib/x86_64-linux-gnu/libc-2.23.so
7f1d55ce6000-7f1d55ee6000 ---p 001c0000 08:03 676025                     /lib/x86_64-linux-gnu/libc-2.23.so
7f1d55ee6000-7f1d55eea000 r--p 001c0000 08:03 676025                     /lib/x86_64-linux-gnu/libc-2.23.so
7f1d55eea000-7f1d55eec000 rw-p 001c4000 08:03 676025                     /lib/x86_64-linux-gnu/libc-2.23.so
7f1d55eec000-7f1d55ef0000 rw-p 00000000 00:00 0 
7f1d55ef0000-7f1d55ef3000 r-xp 00000000 08:03 666853                     /lib/x86_64-linux-gnu/libdl-2.23.so
7f1d55ef3000-7f1d560f2000 ---p 00003000 08:03 666853                     /lib/x86_64-linux-gnu/libdl-2.23.so
7f1d560f2000-7f1d560f3000 r--p 00002000 08:03 666853                     /lib/x86_64-linux-gnu/libdl-2.23.so
7f1d560f3000-7f1d560f4000 rw-p 00003000 08:03 666853                     /lib/x86_64-linux-gnu/libdl-2.23.so
7f1d560f4000-7f1d56109000 r-xp 00000000 08:03 273591                     /usr/lib/jvm/java-8-oracle/lib/amd64/jli/libjli.so
7f1d56109000-7f1d56309000 ---p 00015000 08:03 273591                     /usr/lib/jvm/java-8-oracle/lib/amd64/jli/libjli.so
7f1d56309000-7f1d5630a000 rw-p 00015000 08:03 273591                     /usr/lib/jvm/java-8-oracle/lib/amd64/jli/libjli.so
7f1d5630a000-7f1d56322000 r-xp 00000000 08:03 662309                     /lib/x86_64-linux-gnu/libpthread-2.23.so
7f1d56322000-7f1d56521000 ---p 00018000 08:03 662309                     /lib/x86_64-linux-gnu/libpthread-2.23.so
7f1d56521000-7f1d56522000 r--p 00017000 08:03 662309                     /lib/x86_64-linux-gnu/libpthread-2.23.so
7f1d56522000-7f1d56523000 rw-p 00018000 08:03 662309                     /lib/x86_64-linux-gnu/libpthread-2.23.so
7f1d56523000-7f1d56527000 rw-p 00000000 00:00 0 
7f1d56527000-7f1d5654d000 r-xp 00000000 08:03 662227                     /lib/x86_64-linux-gnu/ld-2.23.so
7f1d5654d000-7f1d56552000 r--s 0009a000 08:03 285792                     /usr/lib/jvm/java-8-oracle/jre/lib/jsse.jar
7f1d56552000-7f1d56554000 r--s 00007000 08:03 288792                     /usr/lib/jvm/java-8-oracle/jre/lib/jfxswt.jar
7f1d56554000-7f1d56559000 r--s 00084000 08:03 288799                     /usr/lib/jvm/java-8-oracle/jre/lib/jfr.jar
7f1d56559000-7f1d5655c000 r--s 0001a000 08:03 288811                     /usr/lib/jvm/java-8-oracle/jre/lib/jce.jar
7f1d5655c000-7f1d5662c000 rw-p 00000000 00:00 0 
7f1d5662c000-7f1d5662f000 ---p 00000000 00:00 0 
7f1d5662f000-7f1d56731000 rw-p 00000000 00:00 0 
7f1d56731000-7f1d5673b000 r--s 0006c000 08:03 288801                     /usr/lib/jvm/java-8-oracle/jre/lib/javaws.jar
7f1d5673b000-7f1d56740000 r--s 002f9000 08:03 285793                     /usr/lib/jvm/java-8-oracle/jre/lib/charsets.jar
7f1d56740000-7f1d56748000 rw-s 00000000 08:03 1115121                    /tmp/hsperfdata_root/14581
7f1d56748000-7f1d56749000 rw-p 00000000 00:00 0 
7f1d56749000-7f1d5674a000 ---p 00000000 00:00 0 
7f1d5674a000-7f1d5674c000 rw-p 00000000 00:00 0 
7f1d5674c000-7f1d5674d000 r--p 00025000 08:03 662227                     /lib/x86_64-linux-gnu/ld-2.23.so
7f1d5674d000-7f1d5674e000 rw-p 00026000 08:03 662227                     /lib/x86_64-linux-gnu/ld-2.23.so
7f1d5674e000-7f1d5674f000 rw-p 00000000 00:00 0 
7ffc7fbb8000-7ffc7fbda000 rw-p 00000000 00:00 0                          [stack]
7ffc7fbef000-7ffc7fbf1000 r--p 00000000 00:00 0                          [vvar]
7ffc7fbf1000-7ffc7fbf3000 r-xp 00000000 00:00 0                          [vdso]
ffffffffff600000-ffffffffff601000 r-xp 00000000 00:00 0                  [vsyscall]

VM Arguments:
jvm_args: -XX:TieredStopAtLevel=1 -Xverify:none -Dspring.output.ansi.enabled=always -Dcom.sun.management.jmxremote -Dcom.sun.management.jmxremote.port=32870 -Dcom.sun.management.jmxremote.authenticate=false -Dcom.sun.management.jmxremote.ssl=false -Dspring.liveBeansView.mbeanDomain -Dspring.application.admin.enabled=true -javaagent:/home/toby/Downloads/idea-IU-172.3968.16/lib/idea_rt.jar=40495:/home/toby/Downloads/idea-IU-172.3968.16/bin -Dfile.encoding=UTF-8 
java_command: application.Application
java_class_path (initial): /usr/lib/jvm/java-8-oracle/jre/lib/charsets.jar:/usr/lib/jvm/java-8-oracle/jre/lib/deploy.jar:/usr/lib/jvm/java-8-oracle/jre/lib/ext/cldrdata.jar:/usr/lib/jvm/java-8-oracle/jre/lib/ext/dnsns.jar:/usr/lib/jvm/java-8-oracle/jre/lib/ext/jaccess.jar:/usr/lib/jvm/java-8-oracle/jre/lib/ext/jfxrt.jar:/usr/lib/jvm/java-8-oracle/jre/lib/ext/localedata.jar:/usr/lib/jvm/java-8-oracle/jre/lib/ext/nashorn.jar:/usr/lib/jvm/java-8-oracle/jre/lib/ext/sunec.jar:/usr/lib/jvm/java-8-oracle/jre/lib/ext/sunjce_provider.jar:/usr/lib/jvm/java-8-oracle/jre/lib/ext/sunpkcs11.jar:/usr/lib/jvm/java-8-oracle/jre/lib/ext/zipfs.jar:/usr/lib/jvm/java-8-oracle/jre/lib/javaws.jar:/usr/lib/jvm/java-8-oracle/jre/lib/jce.jar:/usr/lib/jvm/java-8-oracle/jre/lib/jfr.jar:/usr/lib/jvm/java-8-oracle/jre/lib/jfxswt.jar:/usr/lib/jvm/java-8-oracle/jre/lib/jsse.jar:/usr/lib/jvm/java-8-oracle/jre/lib/management-agent.jar:/usr/lib/jvm/java-8-oracle/jre/lib/plugin.jar:/usr/lib/jvm/java-8-oracle/jre/lib/resources.jar:/usr/lib/jvm/java-8-oracle/jre/lib/rt.jar:/home/toby/Downloads/FrontendApplication/target/classes:/root/.m2/repository/org/springframework/boot/spring-boot-starter-thymeleaf/1.5.1.RELEASE/spring-boot-starter-thymeleaf-1.5.1.RELEASE.jar:/root/.m2/repository/org/springframework/boot/spring-boot-starter/1.5.1.RELEASE/spring-boot-starter-1.5.1.RELEASE.jar:/root/.m2/repository/org/springframework/boot/spring-boot-starter-logging/1.5.1.RELEASE/spring-boot-starter-logging-1.5.1.RELEASE.jar:/root/.m2/repository/ch/qos/logback/logback-classic/1.1.9/logback-classic-1.1.9.jar:/root/.m2/repository/ch/qos/logback/logback-core/1.1.9/logback-core-1.1.9.jar:/root/.m2/repository/org/slf4j/jcl-over-slf4j/1.7.22/jcl-over-slf4j-1.7.22.jar:/root/.m2/repository/org/slf4j/jul-to-slf4j/1.7.22/jul-to-slf4j-1.7.22.jar:/root/.m2/repository/org/slf4j/log4j-over-slf4j/1.7.22/log4j-over-slf4j-1.7.22.jar:/root/.m2/repository/org/springframework/spring-core/4.3.6.RELEASE/spring-core-4.3.6.RELEASE.jar:/roo
Launcher Type: SUN_STANDARD

Environment Variables:
PATH=/usr/local/sbin:/usr/local/bin:/usr/sbin:/usr/bin:/sbin:/bin:/snap/bin
USERNAME=root
LD_LIBRARY_PATH=/home/toby/Downloads/idea-IU-172.3968.16/bin:
SHELL=/bin/bash
DISPLAY=:0

Signal Handlers:
SIGSEGV: [libjvm.so+0xacba10], sa_mask[0]=11111111011111111101111111111110, sa_flags=SA_RESTART|SA_SIGINFO
SIGBUS: [libjvm.so+0xacba10], sa_mask[0]=11111111011111111101111111111110, sa_flags=SA_RESTART|SA_SIGINFO
SIGFPE: [libjvm.so+0x924ba0], sa_mask[0]=11111111011111111101111111111110, sa_flags=SA_RESTART|SA_SIGINFO
SIGPIPE: [libjvm.so+0x924ba0], sa_mask[0]=11111111011111111101111111111110, sa_flags=SA_RESTART|SA_SIGINFO
SIGXFSZ: [libjvm.so+0x924ba0], sa_mask[0]=11111111011111111101111111111110, sa_flags=SA_RESTART|SA_SIGINFO
SIGILL: [libjvm.so+0x924ba0], sa_mask[0]=11111111011111111101111111111110, sa_flags=SA_RESTART|SA_SIGINFO
SIGUSR1: SIG_DFL, sa_mask[0]=00000000000000000000000000000000, sa_flags=none
SIGUSR2: [libjvm.so+0x9263e0], sa_mask[0]=00100000000000000000000000000000, sa_flags=SA_RESTART|SA_SIGINFO
SIGHUP: [libjvm.so+0x9277e0], sa_mask[0]=11111111011111111101111111111110, sa_flags=SA_RESTART|SA_SIGINFO
SIGINT: [libjvm.so+0x9277e0], sa_mask[0]=11111111011111111101111111111110, sa_flags=SA_RESTART|SA_SIGINFO
SIGTERM: [libjvm.so+0x9277e0], sa_mask[0]=11111111011111111101111111111110, sa_flags=SA_RESTART|SA_SIGINFO
SIGQUIT: [libjvm.so+0x9277e0], sa_mask[0]=11111111011111111101111111111110, sa_flags=SA_RESTART|SA_SIGINFO


---------------  S Y S T E M  ---------------

OS:DISTRIB_ID=Ubuntu
DISTRIB_RELEASE=16.04
DISTRIB_CODENAME=xenial
DISTRIB_DESCRIPTION="Ubuntu 16.04.1 LTS"

uname:Linux 4.4.0-97-generic #120-Ubuntu SMP Tue Sep 19 17:28:18 UTC 2017 x86_64
libc:glibc 2.23 NPTL 2.23 
rlimit: STACK 8192k, CORE 0k, NPROC 30608, NOFILE 65536, AS infinity
load average:3.10 2.36 1.42

/proc/meminfo:
MemTotal:        7875056 kB
MemFree:          136296 kB
MemAvailable:      51100 kB
Buffers:            1372 kB
Cached:          1010244 kB
SwapCached:            0 kB
Active:          6549220 kB
Inactive:         933852 kB
Active(anon):    6518940 kB
Inactive(anon):   913348 kB
Active(file):      30280 kB
Inactive(file):    20504 kB
Unevictable:         232 kB
Mlocked:             232 kB
SwapTotal:             0 kB
SwapFree:              0 kB
Dirty:               212 kB
Writeback:             0 kB
AnonPages:       6472092 kB
Mapped:           342816 kB
Shmem:            960384 kB
Slab:              97300 kB
SReclaimable:      48600 kB
SUnreclaim:        48700 kB
KernelStack:       17680 kB
PageTables:        70952 kB
NFS_Unstable:          0 kB
Bounce:                0 kB
WritebackTmp:          0 kB
CommitLimit:     3937528 kB
Committed_AS:   15812004 kB
VmallocTotal:   34359738367 kB
VmallocUsed:           0 kB
VmallocChunk:          0 kB
HardwareCorrupted:     0 kB
AnonHugePages:   2867200 kB
CmaTotal:              0 kB
CmaFree:               0 kB
HugePages_Total:       0
HugePages_Free:        0
HugePages_Rsvd:        0
HugePages_Surp:        0
Hugepagesize:       2048 kB
DirectMap4k:      210500 kB
DirectMap2M:     7874560 kB
DirectMap1G:     1048576 kB


CPU:total 4 (initial active 4) (2 cores per cpu, 2 threads per core) family 6 model 60 stepping 3, cmov, cx8, fxsr, mmx, sse, sse2, sse3, ssse3, sse4.1, sse4.2, popcnt, avx, avx2, aes, clmul, erms, lzcnt, ht, tsc, tscinvbit, bmi1, bmi2

/proc/cpuinfo:
processor	: 0
vendor_id	: GenuineIntel
cpu family	: 6
model		: 60
model name	: Intel(R) Core(TM) i5-4210M CPU @ 2.60GHz
stepping	: 3
microcode	: 0x17
cpu MHz		: 3099.992
cache size	: 3072 KB
physical id	: 0
siblings	: 4
core id		: 0
cpu cores	: 2
apicid		: 0
initial apicid	: 0
fpu		: yes
fpu_exception	: yes
cpuid level	: 13
wp		: yes
flags		: fpu vme de pse tsc msr pae mce cx8 apic sep mtrr pge mca cmov pat pse36 clflush dts acpi mmx fxsr sse sse2 ss ht tm pbe syscall nx pdpe1gb rdtscp lm constant_tsc arch_perfmon pebs bts rep_good nopl xtopology nonstop_tsc aperfmperf eagerfpu pni pclmulqdq dtes64 monitor ds_cpl vmx est tm2 ssse3 sdbg fma cx16 xtpr pdcm pcid sse4_1 sse4_2 movbe popcnt tsc_deadline_timer aes xsave avx f16c rdrand lahf_lm abm epb tpr_shadow vnmi flexpriority ept vpid fsgsbase tsc_adjust bmi1 avx2 smep bmi2 erms invpcid xsaveopt dtherm ida arat pln pts
bugs		:
bogomips	: 5187.78
clflush size	: 64
cache_alignment	: 64
address sizes	: 39 bits physical, 48 bits virtual
power management:

processor	: 1
vendor_id	: GenuineIntel
cpu family	: 6
model		: 60
model name	: Intel(R) Core(TM) i5-4210M CPU @ 2.60GHz
stepping	: 3
microcode	: 0x17
cpu MHz		: 3092.070
cache size	: 3072 KB
physical id	: 0
siblings	: 4
core id		: 0
cpu cores	: 2
apicid		: 1
initial apicid	: 1
fpu		: yes
fpu_exception	: yes
cpuid level	: 13
wp		: yes
flags		: fpu vme de pse tsc msr pae mce cx8 apic sep mtrr pge mca cmov pat pse36 clflush dts acpi mmx fxsr sse sse2 ss ht tm pbe syscall nx pdpe1gb rdtscp lm constant_tsc arch_perfmon pebs bts rep_good nopl xtopology nonstop_tsc aperfmperf eagerfpu pni pclmulqdq dtes64 monitor ds_cpl vmx est tm2 ssse3 sdbg fma cx16 xtpr pdcm pcid sse4_1 sse4_2 movbe popcnt tsc_deadline_timer aes xsave avx f16c rdrand lahf_lm abm epb tpr_shadow vnmi flexpriority ept vpid fsgsbase tsc_adjust bmi1 avx2 smep bmi2 erms invpcid xsaveopt dtherm ida arat pln pts
bugs		:
bogomips	: 5187.78
clflush size	: 64
cache_alignment	: 64
address sizes	: 39 bits physical, 48 bits virtual
power management:

processor	: 2
vendor_id	: GenuineIntel
cpu family	: 6
model		: 60
model name	: Intel(R) Core(TM) i5-4210M CPU @ 2.60GHz
stepping	: 3
microcode	: 0x17
cpu MHz		: 3067.187
cache size	: 3072 KB
physical id	: 0
siblings	: 4
core id		: 1
cpu cores	: 2
apicid		: 2
initial apicid	: 2
fpu		: yes
fpu_exception	: yes
cpuid level	: 13
wp		: yes
flags		: fpu vme de pse tsc msr pae mce cx8 apic sep mtrr pge mca cmov pat pse36 clflush dts acpi mmx fxsr sse sse2 ss ht tm pbe syscall nx pdpe1gb rdtscp lm constant_tsc arch_perfmon pebs bts rep_good nopl xtopology nonstop_tsc aperfmperf eagerfpu pni pclmulqdq dtes64 monitor ds_cpl vmx est tm2 ssse3 sdbg fma cx16 xtpr pdcm pcid sse4_1 sse4_2 movbe popcnt tsc_deadline_timer aes xsave avx f16c rdrand lahf_lm abm epb tpr_shadow vnmi flexpriority ept vpid fsgsbase tsc_adjust bmi1 avx2 smep bmi2 erms invpcid xsaveopt dtherm ida arat pln pts
bugs		:
bogomips	: 5187.78
clflush size	: 64
cache_alignment	: 64
address sizes	: 39 bits physical, 48 bits virtual
power management:

processor	: 3
vendor_id	: GenuineIntel
cpu family	: 6
model		: 60
model name	: Intel(R) Core(TM) i5-4210M CPU @ 2.60GHz
stepping	: 3
microcode	: 0x17
cpu MHz		: 3099.890
cache size	: 3072 KB
physical id	: 0
siblings	: 4
core id		: 1
cpu cores	: 2
apicid		: 3
initial apicid	: 3
fpu		: yes
fpu_exception	: yes
cpuid level	: 13
wp		: yes
flags		: fpu vme de pse tsc msr pae mce cx8 apic sep mtrr pge mca cmov pat pse36 clflush dts acpi mmx fxsr sse sse2 ss ht tm pbe syscall nx pdpe1gb rdtscp lm constant_tsc arch_perfmon pebs bts rep_good nopl xtopology nonstop_tsc aperfmperf eagerfpu pni pclmulqdq dtes64 monitor ds_cpl vmx est tm2 ssse3 sdbg fma cx16 xtpr pdcm pcid sse4_1 sse4_2 movbe popcnt tsc_deadline_timer aes xsave avx f16c rdrand lahf_lm abm epb tpr_shadow vnmi flexpriority ept vpid fsgsbase tsc_adjust bmi1 avx2 smep bmi2 erms invpcid xsaveopt dtherm ida arat pln pts
bugs		:
bogomips	: 5187.78
clflush size	: 64
cache_alignment	: 64
address sizes	: 39 bits physical, 48 bits virtual
power management:



Memory: 4k page, physical 7875056k(136812k free), swap 0k(0k free)

vm_info: Java HotSpot(TM) 64-Bit Server VM (25.144-b01) for linux-amd64 JRE (1.8.0_144-b01), built on Jul 21 2017 21:57:33 by "java_re" with gcc 4.3.0 20080428 (Red Hat 4.3.0-8)

time: Tue Oct 31 11:57:39 2017
elapsed time: 97 seconds (0d 0h 1m 37s)

